2025-02-27 11:17:14,867 - INFO - [etf_characteristics_parser.py:262] - Starting ETF characteristics processing
2025-02-27 11:17:14,868 - INFO - [etf_characteristics_parser.py:29] - Found latest Simplex ETF file: data/318A-CSV-20250227-202502271117.csv
2025-02-27 11:17:14,868 - INFO - [etf_characteristics_parser.py:50] - Parsing ETF characteristics from PCF file: data/318A-CSV-20250227-202502271117.csv
2025-02-27 11:17:14,873 - INFO - [etf_characteristics_parser.py:257] - Saved ETF characteristics to data/etf_characteristics_202502271117.csv and data/etf_characteristics_master.csv
2025-02-27 11:17:14,874 - INFO - [etf_characteristics_parser.py:271] - Successfully saved ETF characteristics to data/etf_characteristics_202502271117.csv
2025-02-27 11:26:43,368 - INFO - [etf_characteristics_parser.py:274] - Starting ETF characteristics processing
2025-02-27 11:26:43,369 - INFO - [etf_characteristics_parser.py:29] - Found latest Simplex ETF file: data/318A-CSV-20250227-202502271126.csv
2025-02-27 11:26:43,369 - INFO - [etf_characteristics_parser.py:50] - Parsing ETF characteristics from PCF file: data/318A-CSV-20250227-202502271126.csv
2025-02-27 11:26:43,375 - INFO - [etf_characteristics_parser.py:269] - Saved ETF characteristics to data/etf_characteristics_202502271126.csv and data/etf_characteristics_master.csv
2025-02-27 11:26:43,376 - INFO - [etf_characteristics_parser.py:283] - Successfully saved ETF characteristics to data/etf_characteristics_202502271126.csv
2025-02-27 11:42:43,961 - INFO - [etf_characteristics_parser.py:239] - Starting ETF characteristics processing
2025-02-27 11:42:43,962 - INFO - [etf_characteristics_parser.py:29] - Found latest Simplex ETF file: data/318A-CSV-20250227-202502271142.csv
2025-02-27 11:42:43,962 - INFO - [etf_characteristics_parser.py:50] - Parsing ETF characteristics from PCF file: data/318A-CSV-20250227-202502271142.csv
2025-02-27 11:42:43,964 - INFO - [etf_characteristics_parser.py:70] - Header columns: ['ETF Code', 'ETF Name  ', 'Fund Cash Component', 'Shares Outstanding', 'Fund Date', 'Unnamed: 5', 'Unnamed: 6']
2025-02-27 11:42:43,964 - INFO - [etf_characteristics_parser.py:82] - Found fund date: 20250227.0
2025-02-27 11:42:43,964 - WARNING - [etf_characteristics_parser.py:91] - Could not convert shares outstanding to integer: 860000.0
2025-02-27 11:42:43,964 - INFO - [etf_characteristics_parser.py:98] - Found fund cash component: 761921232.0
2025-02-27 11:42:43,966 - INFO - [etf_characteristics_parser.py:108] - Holdings columns: ['Code', 'Name  ', 'ISIN', 'Exchange', 'Currency', 'Shares Amount', 'Stock Price']
2025-02-27 11:42:43,966 - WARNING - [etf_characteristics_parser.py:135] - Missing 'Shares Amount' or 'Name' columns in holdings section
2025-02-27 11:42:43,966 - INFO - [etf_characteristics_parser.py:139] - Found alternative shares column: Shares Amount
2025-02-27 11:42:43,967 - INFO - [etf_characteristics_parser.py:168] - Sorted futures: [('', 'CBOEVIX 2503', 183), ('', 'CBOEVIX 2504', 49)]
2025-02-27 11:42:43,967 - INFO - [etf_characteristics_parser.py:173] - Near future: CBOEVIX 2503 with 183 shares
2025-02-27 11:42:43,967 - INFO - [etf_characteristics_parser.py:177] - Far future: CBOEVIX 2504 with 49 shares
2025-02-27 11:42:43,970 - INFO - [etf_characteristics_parser.py:234] - Saved ETF characteristics to data/etf_characteristics_202502271142.csv and data/etf_characteristics_master.csv
2025-02-27 11:42:43,970 - INFO - [etf_characteristics_parser.py:248] - Successfully saved ETF characteristics to data/etf_characteristics_202502271142.csv
2025-02-27 12:03:17,293 - INFO - [etf_characteristics_parser.py:244] - Starting ETF characteristics processing
2025-02-27 12:03:17,294 - INFO - [etf_characteristics_parser.py:29] - Found latest Simplex ETF file: data/318A-CSV-20250227-202502271203.csv
2025-02-27 12:03:17,294 - INFO - [etf_characteristics_parser.py:50] - Parsing ETF characteristics from PCF file: data/318A-CSV-20250227-202502271203.csv
2025-02-27 12:03:17,296 - INFO - [etf_characteristics_parser.py:70] - Header columns: ['ETF Code', 'ETF Name  ', 'Fund Cash Component', 'Shares Outstanding', 'Fund Date', 'Unnamed: 5', 'Unnamed: 6']
2025-02-27 12:03:17,297 - INFO - [etf_characteristics_parser.py:82] - Found fund date: 20250227.0
2025-02-27 12:03:17,297 - INFO - [etf_characteristics_parser.py:94] - Found shares outstanding: 860000
2025-02-27 12:03:17,297 - INFO - [etf_characteristics_parser.py:103] - Found fund cash component: 761921232.0
2025-02-27 12:03:17,298 - INFO - [etf_characteristics_parser.py:113] - Holdings columns: ['Code', 'Name  ', 'ISIN', 'Exchange', 'Currency', 'Shares Amount', 'Stock Price']
2025-02-27 12:03:17,299 - WARNING - [etf_characteristics_parser.py:140] - Missing 'Shares Amount' or 'Name' columns in holdings section
2025-02-27 12:03:17,299 - INFO - [etf_characteristics_parser.py:144] - Found alternative shares column: Shares Amount
2025-02-27 12:03:17,299 - INFO - [etf_characteristics_parser.py:173] - Sorted futures: [('', 'CBOEVIX 2503', 183), ('', 'CBOEVIX 2504', 49)]
2025-02-27 12:03:17,299 - INFO - [etf_characteristics_parser.py:178] - Near future: CBOEVIX 2503 with 183 shares
2025-02-27 12:03:17,299 - INFO - [etf_characteristics_parser.py:182] - Far future: CBOEVIX 2504 with 49 shares
2025-02-27 12:03:17,303 - INFO - [etf_characteristics_parser.py:239] - Saved ETF characteristics to data/etf_characteristics_202502271203.csv and data/etf_characteristics_master.csv
2025-02-27 12:03:17,303 - INFO - [etf_characteristics_parser.py:253] - Successfully saved ETF characteristics to data/etf_characteristics_202502271203.csv
2025-02-27 23:52:53,657 - INFO - [etf_characteristics_parser.py:244] - Starting ETF characteristics processing
2025-02-27 23:52:53,658 - INFO - [etf_characteristics_parser.py:29] - Found latest Simplex ETF file: data/318A-CSV-20250228-202502272352.csv
2025-02-27 23:52:53,658 - INFO - [etf_characteristics_parser.py:50] - Parsing ETF characteristics from PCF file: data/318A-CSV-20250228-202502272352.csv
2025-02-27 23:52:53,660 - INFO - [etf_characteristics_parser.py:70] - Header columns: ['ETF Code', 'ETF Name  ', 'Fund Cash Component', 'Shares Outstanding', 'Fund Date', 'Unnamed: 5', 'Unnamed: 6']
2025-02-27 23:52:53,661 - INFO - [etf_characteristics_parser.py:82] - Found fund date: 20250228.0
2025-02-27 23:52:53,661 - INFO - [etf_characteristics_parser.py:94] - Found shares outstanding: 720000
2025-02-27 23:52:53,661 - INFO - [etf_characteristics_parser.py:103] - Found fund cash component: 628124809.0
2025-02-27 23:52:53,662 - INFO - [etf_characteristics_parser.py:113] - Holdings columns: ['Code', 'Name  ', 'ISIN', 'Exchange', 'Currency', 'Shares Amount', 'Stock Price']
2025-02-27 23:52:53,662 - WARNING - [etf_characteristics_parser.py:140] - Missing 'Shares Amount' or 'Name' columns in holdings section
2025-02-27 23:52:53,662 - INFO - [etf_characteristics_parser.py:144] - Found alternative shares column: Shares Amount
2025-02-27 23:52:53,663 - INFO - [etf_characteristics_parser.py:173] - Sorted futures: [('', 'CBOEVIX 2503', 123), ('', 'CBOEVIX 2504', 44)]
2025-02-27 23:52:53,663 - INFO - [etf_characteristics_parser.py:178] - Near future: CBOEVIX 2503 with 123 shares
2025-02-27 23:52:53,663 - INFO - [etf_characteristics_parser.py:182] - Far future: CBOEVIX 2504 with 44 shares
2025-02-27 23:52:53,667 - INFO - [etf_characteristics_parser.py:239] - Saved ETF characteristics to data/etf_characteristics_202502272352.csv and data/etf_characteristics_master.csv
2025-02-27 23:52:53,667 - INFO - [etf_characteristics_parser.py:253] - Successfully saved ETF characteristics to data/etf_characteristics_202502272352.csv
2025-02-28 05:32:30,373 - INFO - [etf_characteristics_parser.py:244] - Starting ETF characteristics processing
2025-02-28 05:32:30,373 - INFO - [etf_characteristics_parser.py:29] - Found latest Simplex ETF file: data/318A-CSV-20250228-202502280532.csv
2025-02-28 05:32:30,373 - INFO - [etf_characteristics_parser.py:50] - Parsing ETF characteristics from PCF file: data/318A-CSV-20250228-202502280532.csv
2025-02-28 05:32:30,375 - INFO - [etf_characteristics_parser.py:70] - Header columns: ['ETF Code', 'ETF Name  ', 'Fund Cash Component', 'Shares Outstanding', 'Fund Date', 'Unnamed: 5', 'Unnamed: 6']
2025-02-28 05:32:30,376 - INFO - [etf_characteristics_parser.py:82] - Found fund date: 20250228.0
2025-02-28 05:32:30,376 - INFO - [etf_characteristics_parser.py:94] - Found shares outstanding: 720000
2025-02-28 05:32:30,376 - INFO - [etf_characteristics_parser.py:103] - Found fund cash component: 628124809.0
2025-02-28 05:32:30,377 - INFO - [etf_characteristics_parser.py:113] - Holdings columns: ['Code', 'Name  ', 'ISIN', 'Exchange', 'Currency', 'Shares Amount', 'Stock Price']
2025-02-28 05:32:30,378 - WARNING - [etf_characteristics_parser.py:140] - Missing 'Shares Amount' or 'Name' columns in holdings section
2025-02-28 05:32:30,378 - INFO - [etf_characteristics_parser.py:144] - Found alternative shares column: Shares Amount
2025-02-28 05:32:30,378 - INFO - [etf_characteristics_parser.py:173] - Sorted futures: [('', 'CBOEVIX 2503', 123), ('', 'CBOEVIX 2504', 44)]
2025-02-28 05:32:30,378 - INFO - [etf_characteristics_parser.py:178] - Near future: CBOEVIX 2503 with 123 shares
2025-02-28 05:32:30,378 - INFO - [etf_characteristics_parser.py:182] - Far future: CBOEVIX 2504 with 44 shares
2025-02-28 05:32:30,382 - INFO - [etf_characteristics_parser.py:239] - Saved ETF characteristics to data/etf_characteristics_202502280532.csv and data/etf_characteristics_master.csv
2025-02-28 05:32:30,382 - INFO - [etf_characteristics_parser.py:253] - Successfully saved ETF characteristics to data/etf_characteristics_202502280532.csv
2025-02-28 05:48:38,919 - INFO - [etf_characteristics_parser.py:244] - Starting ETF characteristics processing
2025-02-28 05:48:38,920 - INFO - [etf_characteristics_parser.py:29] - Found latest Simplex ETF file: data/318A-CSV-20250228-202502280548.csv
2025-02-28 05:48:38,920 - INFO - [etf_characteristics_parser.py:50] - Parsing ETF characteristics from PCF file: data/318A-CSV-20250228-202502280548.csv
2025-02-28 05:48:38,922 - INFO - [etf_characteristics_parser.py:70] - Header columns: ['ETF Code', 'ETF Name  ', 'Fund Cash Component', 'Shares Outstanding', 'Fund Date', 'Unnamed: 5', 'Unnamed: 6']
2025-02-28 05:48:38,922 - INFO - [etf_characteristics_parser.py:82] - Found fund date: 20250228.0
2025-02-28 05:48:38,923 - INFO - [etf_characteristics_parser.py:94] - Found shares outstanding: 720000
2025-02-28 05:48:38,923 - INFO - [etf_characteristics_parser.py:103] - Found fund cash component: 628124809.0
2025-02-28 05:48:38,924 - INFO - [etf_characteristics_parser.py:113] - Holdings columns: ['Code', 'Name  ', 'ISIN', 'Exchange', 'Currency', 'Shares Amount', 'Stock Price']
2025-02-28 05:48:38,924 - WARNING - [etf_characteristics_parser.py:140] - Missing 'Shares Amount' or 'Name' columns in holdings section
2025-02-28 05:48:38,924 - INFO - [etf_characteristics_parser.py:144] - Found alternative shares column: Shares Amount
2025-02-28 05:48:38,925 - INFO - [etf_characteristics_parser.py:173] - Sorted futures: [('', 'CBOEVIX 2503', 123), ('', 'CBOEVIX 2504', 44)]
2025-02-28 05:48:38,925 - INFO - [etf_characteristics_parser.py:178] - Near future: CBOEVIX 2503 with 123 shares
2025-02-28 05:48:38,925 - INFO - [etf_characteristics_parser.py:182] - Far future: CBOEVIX 2504 with 44 shares
2025-02-28 05:48:38,928 - INFO - [etf_characteristics_parser.py:239] - Saved ETF characteristics to data/etf_characteristics_202502280548.csv and data/etf_characteristics_master.csv
2025-02-28 05:48:38,928 - INFO - [etf_characteristics_parser.py:253] - Successfully saved ETF characteristics to data/etf_characteristics_202502280548.csv
2025-02-28 05:56:26,015 - INFO - [etf_characteristics_parser.py:244] - Starting ETF characteristics processing
2025-02-28 05:56:26,016 - INFO - [etf_characteristics_parser.py:29] - Found latest Simplex ETF file: data/318A-CSV-20250228-202502280556.csv
2025-02-28 05:56:26,016 - INFO - [etf_characteristics_parser.py:50] - Parsing ETF characteristics from PCF file: data/318A-CSV-20250228-202502280556.csv
2025-02-28 05:56:26,018 - INFO - [etf_characteristics_parser.py:70] - Header columns: ['ETF Code', 'ETF Name  ', 'Fund Cash Component', 'Shares Outstanding', 'Fund Date', 'Unnamed: 5', 'Unnamed: 6']
2025-02-28 05:56:26,019 - INFO - [etf_characteristics_parser.py:82] - Found fund date: 20250228.0
2025-02-28 05:56:26,019 - INFO - [etf_characteristics_parser.py:94] - Found shares outstanding: 720000
2025-02-28 05:56:26,019 - INFO - [etf_characteristics_parser.py:103] - Found fund cash component: 628124809.0
2025-02-28 05:56:26,021 - INFO - [etf_characteristics_parser.py:113] - Holdings columns: ['Code', 'Name  ', 'ISIN', 'Exchange', 'Currency', 'Shares Amount', 'Stock Price']
2025-02-28 05:56:26,021 - WARNING - [etf_characteristics_parser.py:140] - Missing 'Shares Amount' or 'Name' columns in holdings section
2025-02-28 05:56:26,021 - INFO - [etf_characteristics_parser.py:144] - Found alternative shares column: Shares Amount
2025-02-28 05:56:26,021 - INFO - [etf_characteristics_parser.py:173] - Sorted futures: [('', 'CBOEVIX 2503', 123), ('', 'CBOEVIX 2504', 44)]
2025-02-28 05:56:26,021 - INFO - [etf_characteristics_parser.py:178] - Near future: CBOEVIX 2503 with 123 shares
2025-02-28 05:56:26,021 - INFO - [etf_characteristics_parser.py:182] - Far future: CBOEVIX 2504 with 44 shares
2025-02-28 05:56:26,025 - INFO - [etf_characteristics_parser.py:239] - Saved ETF characteristics to data/etf_characteristics_202502280556.csv and data/etf_characteristics_master.csv
2025-02-28 05:56:26,025 - INFO - [etf_characteristics_parser.py:253] - Successfully saved ETF characteristics to data/etf_characteristics_202502280556.csv
2025-02-28 06:07:32,590 - INFO - [etf_characteristics_parser.py:244] - Starting ETF characteristics processing
2025-02-28 06:07:32,591 - INFO - [etf_characteristics_parser.py:29] - Found latest Simplex ETF file: data/318A-CSV-20250228-202502280607.csv
2025-02-28 06:07:32,591 - INFO - [etf_characteristics_parser.py:50] - Parsing ETF characteristics from PCF file: data/318A-CSV-20250228-202502280607.csv
2025-02-28 06:07:32,593 - INFO - [etf_characteristics_parser.py:70] - Header columns: ['ETF Code', 'ETF Name  ', 'Fund Cash Component', 'Shares Outstanding', 'Fund Date', 'Unnamed: 5', 'Unnamed: 6']
2025-02-28 06:07:32,593 - INFO - [etf_characteristics_parser.py:82] - Found fund date: 20250228.0
2025-02-28 06:07:32,594 - INFO - [etf_characteristics_parser.py:94] - Found shares outstanding: 720000
2025-02-28 06:07:32,594 - INFO - [etf_characteristics_parser.py:103] - Found fund cash component: 628124809.0
2025-02-28 06:07:32,595 - INFO - [etf_characteristics_parser.py:113] - Holdings columns: ['Code', 'Name  ', 'ISIN', 'Exchange', 'Currency', 'Shares Amount', 'Stock Price']
2025-02-28 06:07:32,595 - WARNING - [etf_characteristics_parser.py:140] - Missing 'Shares Amount' or 'Name' columns in holdings section
2025-02-28 06:07:32,596 - INFO - [etf_characteristics_parser.py:144] - Found alternative shares column: Shares Amount
2025-02-28 06:07:32,596 - INFO - [etf_characteristics_parser.py:173] - Sorted futures: [('', 'CBOEVIX 2503', 123), ('', 'CBOEVIX 2504', 44)]
2025-02-28 06:07:32,596 - INFO - [etf_characteristics_parser.py:178] - Near future: CBOEVIX 2503 with 123 shares
2025-02-28 06:07:32,596 - INFO - [etf_characteristics_parser.py:182] - Far future: CBOEVIX 2504 with 44 shares
2025-02-28 06:07:32,600 - INFO - [etf_characteristics_parser.py:239] - Saved ETF characteristics to data/etf_characteristics_202502280607.csv and data/etf_characteristics_master.csv
2025-02-28 06:07:32,600 - INFO - [etf_characteristics_parser.py:253] - Successfully saved ETF characteristics to data/etf_characteristics_202502280607.csv
2025-02-28 06:15:26,437 - INFO - [etf_characteristics_parser.py:244] - Starting ETF characteristics processing
2025-02-28 06:15:26,437 - INFO - [etf_characteristics_parser.py:29] - Found latest Simplex ETF file: data/318A-CSV-20250228-202502280615.csv
2025-02-28 06:15:26,438 - INFO - [etf_characteristics_parser.py:50] - Parsing ETF characteristics from PCF file: data/318A-CSV-20250228-202502280615.csv
2025-02-28 06:15:26,439 - INFO - [etf_characteristics_parser.py:70] - Header columns: ['ETF Code', 'ETF Name  ', 'Fund Cash Component', 'Shares Outstanding', 'Fund Date', 'Unnamed: 5', 'Unnamed: 6']
2025-02-28 06:15:26,440 - INFO - [etf_characteristics_parser.py:82] - Found fund date: 20250228.0
2025-02-28 06:15:26,440 - INFO - [etf_characteristics_parser.py:94] - Found shares outstanding: 720000
2025-02-28 06:15:26,440 - INFO - [etf_characteristics_parser.py:103] - Found fund cash component: 628124809.0
2025-02-28 06:15:26,441 - INFO - [etf_characteristics_parser.py:113] - Holdings columns: ['Code', 'Name  ', 'ISIN', 'Exchange', 'Currency', 'Shares Amount', 'Stock Price']
2025-02-28 06:15:26,441 - WARNING - [etf_characteristics_parser.py:140] - Missing 'Shares Amount' or 'Name' columns in holdings section
2025-02-28 06:15:26,441 - INFO - [etf_characteristics_parser.py:144] - Found alternative shares column: Shares Amount
2025-02-28 06:15:26,442 - INFO - [etf_characteristics_parser.py:173] - Sorted futures: [('', 'CBOEVIX 2503', 123), ('', 'CBOEVIX 2504', 44)]
2025-02-28 06:15:26,442 - INFO - [etf_characteristics_parser.py:178] - Near future: CBOEVIX 2503 with 123 shares
2025-02-28 06:15:26,442 - INFO - [etf_characteristics_parser.py:182] - Far future: CBOEVIX 2504 with 44 shares
2025-02-28 06:15:26,445 - INFO - [etf_characteristics_parser.py:239] - Saved ETF characteristics to data/etf_characteristics_202502280615.csv and data/etf_characteristics_master.csv
2025-02-28 06:15:26,446 - INFO - [etf_characteristics_parser.py:253] - Successfully saved ETF characteristics to data/etf_characteristics_202502280615.csv
2025-02-28 06:51:09,979 - INFO - [etf_characteristics_parser.py:244] - Starting ETF characteristics processing
2025-02-28 06:51:09,980 - INFO - [etf_characteristics_parser.py:29] - Found latest Simplex ETF file: data/318A-CSV-20250228-202502280651.csv
2025-02-28 06:51:09,980 - INFO - [etf_characteristics_parser.py:50] - Parsing ETF characteristics from PCF file: data/318A-CSV-20250228-202502280651.csv
2025-02-28 06:51:09,982 - INFO - [etf_characteristics_parser.py:70] - Header columns: ['ETF Code', 'ETF Name  ', 'Fund Cash Component', 'Shares Outstanding', 'Fund Date', 'Unnamed: 5', 'Unnamed: 6']
2025-02-28 06:51:09,982 - INFO - [etf_characteristics_parser.py:82] - Found fund date: 20250228.0
2025-02-28 06:51:09,982 - INFO - [etf_characteristics_parser.py:94] - Found shares outstanding: 720000
2025-02-28 06:51:09,983 - INFO - [etf_characteristics_parser.py:103] - Found fund cash component: 628124809.0
2025-02-28 06:51:09,984 - INFO - [etf_characteristics_parser.py:113] - Holdings columns: ['Code', 'Name  ', 'ISIN', 'Exchange', 'Currency', 'Shares Amount', 'Stock Price']
2025-02-28 06:51:09,984 - WARNING - [etf_characteristics_parser.py:140] - Missing 'Shares Amount' or 'Name' columns in holdings section
2025-02-28 06:51:09,984 - INFO - [etf_characteristics_parser.py:144] - Found alternative shares column: Shares Amount
2025-02-28 06:51:09,984 - INFO - [etf_characteristics_parser.py:173] - Sorted futures: [('', 'CBOEVIX 2503', 123), ('', 'CBOEVIX 2504', 44)]
2025-02-28 06:51:09,984 - INFO - [etf_characteristics_parser.py:178] - Near future: CBOEVIX 2503 with 123 shares
2025-02-28 06:51:09,984 - INFO - [etf_characteristics_parser.py:182] - Far future: CBOEVIX 2504 with 44 shares
2025-02-28 06:51:09,988 - INFO - [etf_characteristics_parser.py:239] - Saved ETF characteristics to data/etf_characteristics_202502280651.csv and data/etf_characteristics_master.csv
2025-02-28 06:51:09,988 - INFO - [etf_characteristics_parser.py:253] - Successfully saved ETF characteristics to data/etf_characteristics_202502280651.csv
2025-02-28 07:01:48,147 - INFO - [etf_characteristics_parser.py:244] - Starting ETF characteristics processing
2025-02-28 07:01:48,147 - INFO - [etf_characteristics_parser.py:29] - Found latest Simplex ETF file: data/318A-CSV-20250228-202502280701.csv
2025-02-28 07:01:48,147 - INFO - [etf_characteristics_parser.py:50] - Parsing ETF characteristics from PCF file: data/318A-CSV-20250228-202502280701.csv
2025-02-28 07:01:48,149 - INFO - [etf_characteristics_parser.py:70] - Header columns: ['ETF Code', 'ETF Name  ', 'Fund Cash Component', 'Shares Outstanding', 'Fund Date', 'Unnamed: 5', 'Unnamed: 6']
2025-02-28 07:01:48,150 - INFO - [etf_characteristics_parser.py:82] - Found fund date: 20250228.0
2025-02-28 07:01:48,150 - INFO - [etf_characteristics_parser.py:94] - Found shares outstanding: 720000
2025-02-28 07:01:48,150 - INFO - [etf_characteristics_parser.py:103] - Found fund cash component: 628124809.0
2025-02-28 07:01:48,152 - INFO - [etf_characteristics_parser.py:113] - Holdings columns: ['Code', 'Name  ', 'ISIN', 'Exchange', 'Currency', 'Shares Amount', 'Stock Price']
2025-02-28 07:01:48,152 - WARNING - [etf_characteristics_parser.py:140] - Missing 'Shares Amount' or 'Name' columns in holdings section
2025-02-28 07:01:48,152 - INFO - [etf_characteristics_parser.py:144] - Found alternative shares column: Shares Amount
2025-02-28 07:01:48,152 - INFO - [etf_characteristics_parser.py:173] - Sorted futures: [('', 'CBOEVIX 2503', 123), ('', 'CBOEVIX 2504', 44)]
2025-02-28 07:01:48,152 - INFO - [etf_characteristics_parser.py:178] - Near future: CBOEVIX 2503 with 123 shares
2025-02-28 07:01:48,152 - INFO - [etf_characteristics_parser.py:182] - Far future: CBOEVIX 2504 with 44 shares
2025-02-28 07:01:48,156 - INFO - [etf_characteristics_parser.py:239] - Saved ETF characteristics to data/etf_characteristics_202502280701.csv and data/etf_characteristics_master.csv
2025-02-28 07:01:48,156 - INFO - [etf_characteristics_parser.py:253] - Successfully saved ETF characteristics to data/etf_characteristics_202502280701.csv
2025-02-28 07:04:50,897 - INFO - [etf_characteristics_parser.py:244] - Starting ETF characteristics processing
2025-02-28 07:04:50,898 - INFO - [etf_characteristics_parser.py:29] - Found latest Simplex ETF file: data/318A-CSV-20250228-202502280704.csv
2025-02-28 07:04:50,898 - INFO - [etf_characteristics_parser.py:50] - Parsing ETF characteristics from PCF file: data/318A-CSV-20250228-202502280704.csv
2025-02-28 07:04:50,900 - INFO - [etf_characteristics_parser.py:70] - Header columns: ['ETF Code', 'ETF Name  ', 'Fund Cash Component', 'Shares Outstanding', 'Fund Date', 'Unnamed: 5', 'Unnamed: 6']
2025-02-28 07:04:50,900 - INFO - [etf_characteristics_parser.py:82] - Found fund date: 20250228.0
2025-02-28 07:04:50,900 - INFO - [etf_characteristics_parser.py:94] - Found shares outstanding: 720000
2025-02-28 07:04:50,901 - INFO - [etf_characteristics_parser.py:103] - Found fund cash component: 628124809.0
2025-02-28 07:04:50,902 - INFO - [etf_characteristics_parser.py:113] - Holdings columns: ['Code', 'Name  ', 'ISIN', 'Exchange', 'Currency', 'Shares Amount', 'Stock Price']
2025-02-28 07:04:50,902 - WARNING - [etf_characteristics_parser.py:140] - Missing 'Shares Amount' or 'Name' columns in holdings section
2025-02-28 07:04:50,902 - INFO - [etf_characteristics_parser.py:144] - Found alternative shares column: Shares Amount
2025-02-28 07:04:50,903 - INFO - [etf_characteristics_parser.py:173] - Sorted futures: [('', 'CBOEVIX 2503', 123), ('', 'CBOEVIX 2504', 44)]
2025-02-28 07:04:50,903 - INFO - [etf_characteristics_parser.py:178] - Near future: CBOEVIX 2503 with 123 shares
2025-02-28 07:04:50,903 - INFO - [etf_characteristics_parser.py:182] - Far future: CBOEVIX 2504 with 44 shares
2025-02-28 07:04:50,906 - INFO - [etf_characteristics_parser.py:239] - Saved ETF characteristics to data/etf_characteristics_202502280704.csv and data/etf_characteristics_master.csv
2025-02-28 07:04:50,906 - INFO - [etf_characteristics_parser.py:253] - Successfully saved ETF characteristics to data/etf_characteristics_202502280704.csv
2025-02-28 07:16:56,991 - INFO - [etf_characteristics_parser.py:244] - Starting ETF characteristics processing
2025-02-28 07:16:56,992 - INFO - [etf_characteristics_parser.py:29] - Found latest Simplex ETF file: data/318A-CSV-20250228-202502280716.csv
2025-02-28 07:16:56,992 - INFO - [etf_characteristics_parser.py:50] - Parsing ETF characteristics from PCF file: data/318A-CSV-20250228-202502280716.csv
2025-02-28 07:16:56,994 - INFO - [etf_characteristics_parser.py:70] - Header columns: ['ETF Code', 'ETF Name  ', 'Fund Cash Component', 'Shares Outstanding', 'Fund Date', 'Unnamed: 5', 'Unnamed: 6']
2025-02-28 07:16:56,994 - INFO - [etf_characteristics_parser.py:82] - Found fund date: 20250228.0
2025-02-28 07:16:56,994 - INFO - [etf_characteristics_parser.py:94] - Found shares outstanding: 720000
2025-02-28 07:16:56,995 - INFO - [etf_characteristics_parser.py:103] - Found fund cash component: 628124809.0
2025-02-28 07:16:56,996 - INFO - [etf_characteristics_parser.py:113] - Holdings columns: ['Code', 'Name  ', 'ISIN', 'Exchange', 'Currency', 'Shares Amount', 'Stock Price']
2025-02-28 07:16:56,996 - WARNING - [etf_characteristics_parser.py:140] - Missing 'Shares Amount' or 'Name' columns in holdings section
2025-02-28 07:16:56,996 - INFO - [etf_characteristics_parser.py:144] - Found alternative shares column: Shares Amount
2025-02-28 07:16:56,997 - INFO - [etf_characteristics_parser.py:173] - Sorted futures: [('', 'CBOEVIX 2503', 123), ('', 'CBOEVIX 2504', 44)]
2025-02-28 07:16:56,997 - INFO - [etf_characteristics_parser.py:178] - Near future: CBOEVIX 2503 with 123 shares
2025-02-28 07:16:56,997 - INFO - [etf_characteristics_parser.py:182] - Far future: CBOEVIX 2504 with 44 shares
2025-02-28 07:16:57,000 - INFO - [etf_characteristics_parser.py:239] - Saved ETF characteristics to data/etf_characteristics_202502280716.csv and data/etf_characteristics_master.csv
2025-02-28 07:16:57,000 - INFO - [etf_characteristics_parser.py:253] - Successfully saved ETF characteristics to data/etf_characteristics_202502280716.csv
2025-02-28 07:24:42,712 - INFO - [etf_characteristics_parser.py:244] - Starting ETF characteristics processing
2025-02-28 07:24:42,713 - INFO - [etf_characteristics_parser.py:29] - Found latest Simplex ETF file: data/318A-CSV-20250228-202502280724.csv
2025-02-28 07:24:42,713 - INFO - [etf_characteristics_parser.py:50] - Parsing ETF characteristics from PCF file: data/318A-CSV-20250228-202502280724.csv
2025-02-28 07:24:42,715 - INFO - [etf_characteristics_parser.py:70] - Header columns: ['ETF Code', 'ETF Name  ', 'Fund Cash Component', 'Shares Outstanding', 'Fund Date', 'Unnamed: 5', 'Unnamed: 6']
2025-02-28 07:24:42,716 - INFO - [etf_characteristics_parser.py:82] - Found fund date: 20250228.0
2025-02-28 07:24:42,716 - INFO - [etf_characteristics_parser.py:94] - Found shares outstanding: 720000
2025-02-28 07:24:42,716 - INFO - [etf_characteristics_parser.py:103] - Found fund cash component: 628124809.0
2025-02-28 07:24:42,717 - INFO - [etf_characteristics_parser.py:113] - Holdings columns: ['Code', 'Name  ', 'ISIN', 'Exchange', 'Currency', 'Shares Amount', 'Stock Price']
2025-02-28 07:24:42,717 - WARNING - [etf_characteristics_parser.py:140] - Missing 'Shares Amount' or 'Name' columns in holdings section
2025-02-28 07:24:42,717 - INFO - [etf_characteristics_parser.py:144] - Found alternative shares column: Shares Amount
2025-02-28 07:24:42,718 - INFO - [etf_characteristics_parser.py:173] - Sorted futures: [('', 'CBOEVIX 2503', 123), ('', 'CBOEVIX 2504', 44)]
2025-02-28 07:24:42,718 - INFO - [etf_characteristics_parser.py:178] - Near future: CBOEVIX 2503 with 123 shares
2025-02-28 07:24:42,718 - INFO - [etf_characteristics_parser.py:182] - Far future: CBOEVIX 2504 with 44 shares
2025-02-28 07:24:42,721 - INFO - [etf_characteristics_parser.py:239] - Saved ETF characteristics to data/etf_characteristics_202502280724.csv and data/etf_characteristics_master.csv
2025-02-28 07:24:42,721 - INFO - [etf_characteristics_parser.py:253] - Successfully saved ETF characteristics to data/etf_characteristics_202502280724.csv
2025-02-28 07:46:03,574 - INFO - [etf_characteristics_parser.py:444] - Starting ETF characteristics processing
2025-02-28 07:46:03,575 - INFO - [etf_characteristics_parser.py:29] - Found latest Simplex ETF file: data/318A-CSV-20250228-202502280746.csv
2025-02-28 07:46:03,575 - INFO - [etf_characteristics_parser.py:149] - Parsing ETF characteristics from PCF file: data/318A-CSV-20250228-202502280746.csv
2025-02-28 07:46:03,577 - INFO - [etf_characteristics_parser.py:171] - Header columns: ['ETF Code', 'ETF Name  ', 'Fund Cash Component', 'Shares Outstanding', 'Fund Date', 'Unnamed: 5', 'Unnamed: 6']
2025-02-28 07:46:03,578 - INFO - [etf_characteristics_parser.py:183] - Found fund date: 20250228.0
2025-02-28 07:46:03,578 - INFO - [etf_characteristics_parser.py:195] - Found shares outstanding: 720000
2025-02-28 07:46:03,578 - INFO - [etf_characteristics_parser.py:204] - Found fund cash component: 628124809.0
2025-02-28 07:46:03,580 - INFO - [etf_characteristics_parser.py:214] - Holdings columns: ['Code', 'Name  ', 'ISIN', 'Exchange', 'Currency', 'Shares Amount', 'Stock Price']
2025-02-28 07:46:03,580 - INFO - [etf_characteristics_parser.py:237] - Using 'Code' as code column
2025-02-28 07:46:03,580 - WARNING - [etf_characteristics_parser.py:288] - Missing one or more required columns, attempting to scan all columns
2025-02-28 07:46:03,580 - INFO - [etf_characteristics_parser.py:298] - Using 'Shares Amount' as likely shares column
2025-02-28 07:46:03,581 - INFO - [etf_characteristics_parser.py:339] - Found future through scan: VXH5, shares: 123
2025-02-28 07:46:03,582 - INFO - [etf_characteristics_parser.py:339] - Found future through scan: VXJ5, shares: 44
2025-02-28 07:46:03,582 - INFO - [etf_characteristics_parser.py:371] - Sorted futures: [('VXH5', 123, 'Unknown', 'Unknown'), ('VXJ5', 44, 'Unknown', 'Unknown')]
2025-02-28 07:46:03,582 - INFO - [etf_characteristics_parser.py:377] - Near future: VXH5 with 123 shares
2025-02-28 07:46:03,582 - INFO - [etf_characteristics_parser.py:382] - Far future: VXJ5 with 44 shares
2025-02-28 07:46:03,586 - INFO - [etf_characteristics_parser.py:439] - Saved ETF characteristics to data/etf_characteristics_202502280746.csv and data/etf_characteristics_master.csv
2025-02-28 07:46:03,586 - INFO - [etf_characteristics_parser.py:453] - Successfully saved ETF characteristics to data/etf_characteristics_202502280746.csv
2025-02-28 21:39:10,865 - INFO - [etf_characteristics_parser.py:444] - Starting ETF characteristics processing
2025-02-28 21:39:10,866 - INFO - [etf_characteristics_parser.py:29] - Found latest Simplex ETF file: data/318A-CSV-20250228-202502282139.csv
2025-02-28 21:39:10,866 - INFO - [etf_characteristics_parser.py:149] - Parsing ETF characteristics from PCF file: data/318A-CSV-20250228-202502282139.csv
2025-02-28 21:39:10,868 - INFO - [etf_characteristics_parser.py:171] - Header columns: ['ETF Code', 'ETF Name  ', 'Fund Cash Component', 'Shares Outstanding', 'Fund Date', 'Unnamed: 5', 'Unnamed: 6']
2025-02-28 21:39:10,868 - INFO - [etf_characteristics_parser.py:183] - Found fund date: 20250228.0
2025-02-28 21:39:10,868 - INFO - [etf_characteristics_parser.py:195] - Found shares outstanding: 720000
2025-02-28 21:39:10,869 - INFO - [etf_characteristics_parser.py:204] - Found fund cash component: 628124809.0
2025-02-28 21:39:10,870 - INFO - [etf_characteristics_parser.py:214] - Holdings columns: ['Code', 'Name  ', 'ISIN', 'Exchange', 'Currency', 'Shares Amount', 'Stock Price']
2025-02-28 21:39:10,870 - INFO - [etf_characteristics_parser.py:237] - Using 'Code' as code column
2025-02-28 21:39:10,870 - WARNING - [etf_characteristics_parser.py:288] - Missing one or more required columns, attempting to scan all columns
2025-02-28 21:39:10,871 - INFO - [etf_characteristics_parser.py:298] - Using 'Shares Amount' as likely shares column
2025-02-28 21:39:10,872 - INFO - [etf_characteristics_parser.py:339] - Found future through scan: VXH5, shares: 123
2025-02-28 21:39:10,872 - INFO - [etf_characteristics_parser.py:339] - Found future through scan: VXJ5, shares: 44
2025-02-28 21:39:10,872 - INFO - [etf_characteristics_parser.py:371] - Sorted futures: [('VXH5', 123, 'Unknown', 'Unknown'), ('VXJ5', 44, 'Unknown', 'Unknown')]
2025-02-28 21:39:10,872 - INFO - [etf_characteristics_parser.py:377] - Near future: VXH5 with 123 shares
2025-02-28 21:39:10,872 - INFO - [etf_characteristics_parser.py:382] - Far future: VXJ5 with 44 shares
2025-02-28 21:39:10,876 - INFO - [etf_characteristics_parser.py:439] - Saved ETF characteristics to data/etf_characteristics_202502282139.csv and data/etf_characteristics_master.csv
2025-02-28 21:39:10,876 - INFO - [etf_characteristics_parser.py:453] - Successfully saved ETF characteristics to data/etf_characteristics_202502282139.csv
2025-02-28 23:50:22,659 - INFO - [etf_characteristics_parser.py:444] - Starting ETF characteristics processing
2025-02-28 23:50:22,660 - INFO - [etf_characteristics_parser.py:29] - Found latest Simplex ETF file: data/318A-CSV-20250228-202502282350.csv
2025-02-28 23:50:22,660 - INFO - [etf_characteristics_parser.py:149] - Parsing ETF characteristics from PCF file: data/318A-CSV-20250228-202502282350.csv
2025-02-28 23:50:22,662 - INFO - [etf_characteristics_parser.py:171] - Header columns: ['ETF Code', 'ETF Name  ', 'Fund Cash Component', 'Shares Outstanding', 'Fund Date', 'Unnamed: 5', 'Unnamed: 6']
2025-02-28 23:50:22,663 - INFO - [etf_characteristics_parser.py:183] - Found fund date: 20250228.0
2025-02-28 23:50:22,663 - INFO - [etf_characteristics_parser.py:195] - Found shares outstanding: 720000
2025-02-28 23:50:22,663 - INFO - [etf_characteristics_parser.py:204] - Found fund cash component: 628124809.0
2025-02-28 23:50:22,664 - INFO - [etf_characteristics_parser.py:214] - Holdings columns: ['Code', 'Name  ', 'ISIN', 'Exchange', 'Currency', 'Shares Amount', 'Stock Price']
2025-02-28 23:50:22,665 - INFO - [etf_characteristics_parser.py:237] - Using 'Code' as code column
2025-02-28 23:50:22,665 - WARNING - [etf_characteristics_parser.py:288] - Missing one or more required columns, attempting to scan all columns
2025-02-28 23:50:22,665 - INFO - [etf_characteristics_parser.py:298] - Using 'Shares Amount' as likely shares column
2025-02-28 23:50:22,666 - INFO - [etf_characteristics_parser.py:339] - Found future through scan: VXH5, shares: 123
2025-02-28 23:50:22,666 - INFO - [etf_characteristics_parser.py:339] - Found future through scan: VXJ5, shares: 44
2025-02-28 23:50:22,666 - INFO - [etf_characteristics_parser.py:371] - Sorted futures: [('VXH5', 123, 'Unknown', 'Unknown'), ('VXJ5', 44, 'Unknown', 'Unknown')]
2025-02-28 23:50:22,667 - INFO - [etf_characteristics_parser.py:377] - Near future: VXH5 with 123 shares
2025-02-28 23:50:22,667 - INFO - [etf_characteristics_parser.py:382] - Far future: VXJ5 with 44 shares
2025-02-28 23:50:22,670 - INFO - [etf_characteristics_parser.py:439] - Saved ETF characteristics to data/etf_characteristics_202502282350.csv and data/etf_characteristics_master.csv
2025-02-28 23:50:22,671 - INFO - [etf_characteristics_parser.py:453] - Successfully saved ETF characteristics to data/etf_characteristics_202502282350.csv
2025-03-01 01:22:09,596 - INFO - [etf_characteristics_parser.py:444] - Starting ETF characteristics processing
2025-03-01 01:22:09,597 - INFO - [etf_characteristics_parser.py:29] - Found latest Simplex ETF file: data/318A-CSV-20250228-202503010122.csv
2025-03-01 01:22:09,597 - INFO - [etf_characteristics_parser.py:149] - Parsing ETF characteristics from PCF file: data/318A-CSV-20250228-202503010122.csv
2025-03-01 01:22:09,599 - INFO - [etf_characteristics_parser.py:171] - Header columns: ['ETF Code', 'ETF Name  ', 'Fund Cash Component', 'Shares Outstanding', 'Fund Date', 'Unnamed: 5', 'Unnamed: 6']
2025-03-01 01:22:09,599 - INFO - [etf_characteristics_parser.py:183] - Found fund date: 20250228.0
2025-03-01 01:22:09,599 - INFO - [etf_characteristics_parser.py:195] - Found shares outstanding: 720000
2025-03-01 01:22:09,600 - INFO - [etf_characteristics_parser.py:204] - Found fund cash component: 628124809.0
2025-03-01 01:22:09,601 - INFO - [etf_characteristics_parser.py:214] - Holdings columns: ['Code', 'Name  ', 'ISIN', 'Exchange', 'Currency', 'Shares Amount', 'Stock Price']
2025-03-01 01:22:09,601 - INFO - [etf_characteristics_parser.py:237] - Using 'Code' as code column
2025-03-01 01:22:09,601 - WARNING - [etf_characteristics_parser.py:288] - Missing one or more required columns, attempting to scan all columns
2025-03-01 01:22:09,602 - INFO - [etf_characteristics_parser.py:298] - Using 'Shares Amount' as likely shares column
2025-03-01 01:22:09,603 - INFO - [etf_characteristics_parser.py:339] - Found future through scan: VXH5, shares: 123
2025-03-01 01:22:09,603 - INFO - [etf_characteristics_parser.py:339] - Found future through scan: VXJ5, shares: 44
2025-03-01 01:22:09,603 - INFO - [etf_characteristics_parser.py:371] - Sorted futures: [('VXH5', 123, 'Unknown', 'Unknown'), ('VXJ5', 44, 'Unknown', 'Unknown')]
2025-03-01 01:22:09,603 - INFO - [etf_characteristics_parser.py:377] - Near future: VXH5 with 123 shares
2025-03-01 01:22:09,603 - INFO - [etf_characteristics_parser.py:382] - Far future: VXJ5 with 44 shares
2025-03-01 01:22:09,607 - INFO - [etf_characteristics_parser.py:439] - Saved ETF characteristics to data/etf_characteristics_202503010122.csv and data/etf_characteristics_master.csv
2025-03-01 01:22:09,607 - INFO - [etf_characteristics_parser.py:453] - Successfully saved ETF characteristics to data/etf_characteristics_202503010122.csv
2025-03-01 01:29:18,951 - INFO - [etf_characteristics_parser.py:444] - Starting ETF characteristics processing
2025-03-01 01:29:18,952 - INFO - [etf_characteristics_parser.py:29] - Found latest Simplex ETF file: data/318A-CSV-20250228-202503010129.csv
2025-03-01 01:29:18,952 - INFO - [etf_characteristics_parser.py:149] - Parsing ETF characteristics from PCF file: data/318A-CSV-20250228-202503010129.csv
2025-03-01 01:29:18,954 - INFO - [etf_characteristics_parser.py:171] - Header columns: ['ETF Code', 'ETF Name  ', 'Fund Cash Component', 'Shares Outstanding', 'Fund Date', 'Unnamed: 5', 'Unnamed: 6']
2025-03-01 01:29:18,954 - INFO - [etf_characteristics_parser.py:183] - Found fund date: 20250228.0
2025-03-01 01:29:18,955 - INFO - [etf_characteristics_parser.py:195] - Found shares outstanding: 720000
2025-03-01 01:29:18,955 - INFO - [etf_characteristics_parser.py:204] - Found fund cash component: 628124809.0
2025-03-01 01:29:18,956 - INFO - [etf_characteristics_parser.py:214] - Holdings columns: ['Code', 'Name  ', 'ISIN', 'Exchange', 'Currency', 'Shares Amount', 'Stock Price']
2025-03-01 01:29:18,956 - INFO - [etf_characteristics_parser.py:237] - Using 'Code' as code column
2025-03-01 01:29:18,956 - WARNING - [etf_characteristics_parser.py:288] - Missing one or more required columns, attempting to scan all columns
2025-03-01 01:29:18,957 - INFO - [etf_characteristics_parser.py:298] - Using 'Shares Amount' as likely shares column
2025-03-01 01:29:18,958 - INFO - [etf_characteristics_parser.py:339] - Found future through scan: VXH5, shares: 123
2025-03-01 01:29:18,958 - INFO - [etf_characteristics_parser.py:339] - Found future through scan: VXJ5, shares: 44
2025-03-01 01:29:18,959 - INFO - [etf_characteristics_parser.py:371] - Sorted futures: [('VXH5', 123, 'Unknown', 'Unknown'), ('VXJ5', 44, 'Unknown', 'Unknown')]
2025-03-01 01:29:18,959 - INFO - [etf_characteristics_parser.py:377] - Near future: VXH5 with 123 shares
2025-03-01 01:29:18,959 - INFO - [etf_characteristics_parser.py:382] - Far future: VXJ5 with 44 shares
2025-03-01 01:29:18,963 - INFO - [etf_characteristics_parser.py:439] - Saved ETF characteristics to data/etf_characteristics_202503010129.csv and data/etf_characteristics_master.csv
2025-03-01 01:29:18,963 - INFO - [etf_characteristics_parser.py:453] - Successfully saved ETF characteristics to data/etf_characteristics_202503010129.csv
2025-03-01 01:49:00,999 - INFO - [etf_characteristics_parser.py:444] - Starting ETF characteristics processing
2025-03-01 01:49:01,000 - INFO - [etf_characteristics_parser.py:29] - Found latest Simplex ETF file: data/318A-CSV-20250228-202503010149.csv
2025-03-01 01:49:01,000 - INFO - [etf_characteristics_parser.py:149] - Parsing ETF characteristics from PCF file: data/318A-CSV-20250228-202503010149.csv
2025-03-01 01:49:01,002 - INFO - [etf_characteristics_parser.py:171] - Header columns: ['ETF Code', 'ETF Name  ', 'Fund Cash Component', 'Shares Outstanding', 'Fund Date', 'Unnamed: 5', 'Unnamed: 6']
2025-03-01 01:49:01,003 - INFO - [etf_characteristics_parser.py:183] - Found fund date: 20250228.0
2025-03-01 01:49:01,003 - INFO - [etf_characteristics_parser.py:195] - Found shares outstanding: 720000
2025-03-01 01:49:01,003 - INFO - [etf_characteristics_parser.py:204] - Found fund cash component: 628124809.0
2025-03-01 01:49:01,004 - INFO - [etf_characteristics_parser.py:214] - Holdings columns: ['Code', 'Name  ', 'ISIN', 'Exchange', 'Currency', 'Shares Amount', 'Stock Price']
2025-03-01 01:49:01,004 - INFO - [etf_characteristics_parser.py:237] - Using 'Code' as code column
2025-03-01 01:49:01,004 - WARNING - [etf_characteristics_parser.py:288] - Missing one or more required columns, attempting to scan all columns
2025-03-01 01:49:01,005 - INFO - [etf_characteristics_parser.py:298] - Using 'Shares Amount' as likely shares column
2025-03-01 01:49:01,006 - INFO - [etf_characteristics_parser.py:339] - Found future through scan: VXH5, shares: 123
2025-03-01 01:49:01,006 - INFO - [etf_characteristics_parser.py:339] - Found future through scan: VXJ5, shares: 44
2025-03-01 01:49:01,006 - INFO - [etf_characteristics_parser.py:371] - Sorted futures: [('VXH5', 123, 'Unknown', 'Unknown'), ('VXJ5', 44, 'Unknown', 'Unknown')]
2025-03-01 01:49:01,006 - INFO - [etf_characteristics_parser.py:377] - Near future: VXH5 with 123 shares
2025-03-01 01:49:01,006 - INFO - [etf_characteristics_parser.py:382] - Far future: VXJ5 with 44 shares
2025-03-01 01:49:01,010 - INFO - [etf_characteristics_parser.py:439] - Saved ETF characteristics to data/etf_characteristics_202503010149.csv and data/etf_characteristics_master.csv
2025-03-01 01:49:01,010 - INFO - [etf_characteristics_parser.py:453] - Successfully saved ETF characteristics to data/etf_characteristics_202503010149.csv
2025-03-01 04:42:37,612 - etf_characteristics - INFO - Starting ETF characteristics processing
2025-03-01 04:42:37,613 - etf_characteristics - INFO - Found latest Simplex ETF file: data/318A-CSV-20250228-202503010442.csv
2025-03-01 04:42:37,613 - etf_characteristics - INFO - Parsing ETF characteristics from PCF file: data/318A-CSV-20250228-202503010442.csv
2025-03-01 04:42:37,615 - etf_characteristics - INFO - Header columns: ['ETF Code', 'ETF Name  ', 'Fund Cash Component', 'Shares Outstanding', 'Fund Date', 'Unnamed: 5', 'Unnamed: 6']
2025-03-01 04:42:37,616 - etf_characteristics - INFO - Found fund date: 20250228.0
2025-03-01 04:42:37,616 - etf_characteristics - INFO - Found shares outstanding: 720000
2025-03-01 04:42:37,616 - etf_characteristics - INFO - Found fund cash component: 628124809.0
2025-03-01 04:42:37,617 - etf_characteristics - INFO - Holdings columns: ['Code', 'Name  ', 'ISIN', 'Exchange', 'Currency', 'Shares Amount', 'Stock Price']
2025-03-01 04:42:37,617 - etf_characteristics - INFO - Using 'Code' as code column
2025-03-01 04:42:37,617 - etf_characteristics - WARNING - Missing one or more required columns, attempting to scan all columns
2025-03-01 04:42:37,618 - etf_characteristics - INFO - Using 'Shares Amount' as likely shares column
2025-03-01 04:42:37,619 - etf_characteristics - INFO - Found future through scan: VXH5, shares: 123
2025-03-01 04:42:37,619 - etf_characteristics - INFO - Found future through scan: VXJ5, shares: 44
2025-03-01 04:42:37,619 - etf_characteristics - INFO - Sorted futures: [('VXH5', 123, 'Unknown', 'Unknown'), ('VXJ5', 44, 'Unknown', 'Unknown')]
2025-03-01 04:42:37,619 - etf_characteristics - INFO - Near future: VXH5 with 123 shares
2025-03-01 04:42:37,619 - etf_characteristics - INFO - Far future: VXJ5 with 44 shares
2025-03-01 04:42:37,623 - etf_characteristics - INFO - Saved ETF characteristics to data/etf_characteristics_202503010442.csv and data/etf_characteristics_master.csv
2025-03-01 04:42:37,623 - etf_characteristics - INFO - Successfully saved ETF characteristics to data/etf_characteristics_202503010442.csv
2025-03-01 04:52:20,808 - etf_characteristics - INFO - Starting ETF characteristics processing
2025-03-01 04:52:20,809 - etf_characteristics - INFO - Found latest Simplex ETF file: data/318A-CSV-20250228-202503010452.csv
2025-03-01 04:52:20,809 - etf_characteristics - INFO - Parsing ETF characteristics from PCF file: data/318A-CSV-20250228-202503010452.csv
2025-03-01 04:52:20,810 - etf_characteristics - INFO - Header columns: ['ETF Code', 'ETF Name  ', 'Fund Cash Component', 'Shares Outstanding', 'Fund Date', 'Unnamed: 5', 'Unnamed: 6']
2025-03-01 04:52:20,811 - etf_characteristics - INFO - Found fund date: 20250228.0
2025-03-01 04:52:20,811 - etf_characteristics - INFO - Found shares outstanding: 720000
2025-03-01 04:52:20,811 - etf_characteristics - INFO - Found fund cash component: 628124809.0
2025-03-01 04:52:20,812 - etf_characteristics - INFO - Holdings columns: ['Code', 'Name  ', 'ISIN', 'Exchange', 'Currency', 'Shares Amount', 'Stock Price']
2025-03-01 04:52:20,813 - etf_characteristics - INFO - Using 'Code' as code column
2025-03-01 04:52:20,813 - etf_characteristics - WARNING - Missing one or more required columns, attempting to scan all columns
2025-03-01 04:52:20,813 - etf_characteristics - INFO - Using 'Shares Amount' as likely shares column
2025-03-01 04:52:20,814 - etf_characteristics - INFO - Found future through scan: VXH5, shares: 123
2025-03-01 04:52:20,814 - etf_characteristics - INFO - Found future through scan: VXJ5, shares: 44
2025-03-01 04:52:20,815 - etf_characteristics - INFO - Sorted futures: [('VXH5', 123, 'Unknown', 'Unknown'), ('VXJ5', 44, 'Unknown', 'Unknown')]
2025-03-01 04:52:20,815 - etf_characteristics - INFO - Near future: VXH5 with 123 shares
2025-03-01 04:52:20,815 - etf_characteristics - INFO - Far future: VXJ5 with 44 shares
2025-03-01 04:52:20,818 - etf_characteristics - INFO - Saved ETF characteristics to data/etf_characteristics_202503010452.csv and data/etf_characteristics_master.csv
2025-03-01 04:52:20,818 - etf_characteristics - INFO - Successfully saved ETF characteristics to data/etf_characteristics_202503010452.csv
2025-03-01 05:03:25,121 - etf_characteristics - INFO - Starting ETF characteristics processing
2025-03-01 05:03:25,122 - etf_characteristics - INFO - Found latest Simplex ETF file: data/318A-CSV-20250228-202503010503.csv
2025-03-01 05:03:25,123 - etf_characteristics - INFO - Parsing ETF characteristics from PCF file: data/318A-CSV-20250228-202503010503.csv
2025-03-01 05:03:25,124 - etf_characteristics - INFO - Header columns: ['ETF Code', 'ETF Name  ', 'Fund Cash Component', 'Shares Outstanding', 'Fund Date', 'Unnamed: 5', 'Unnamed: 6']
2025-03-01 05:03:25,125 - etf_characteristics - INFO - Found fund date: 20250228.0
2025-03-01 05:03:25,125 - etf_characteristics - INFO - Found shares outstanding: 720000
2025-03-01 05:03:25,125 - etf_characteristics - INFO - Found fund cash component: 628124809.0
2025-03-01 05:03:25,127 - etf_characteristics - INFO - Holdings columns: ['Code', 'Name  ', 'ISIN', 'Exchange', 'Currency', 'Shares Amount', 'Stock Price']
2025-03-01 05:03:25,127 - etf_characteristics - INFO - Using 'Code' as code column
2025-03-01 05:03:25,127 - etf_characteristics - WARNING - Missing one or more required columns, attempting to scan all columns
2025-03-01 05:03:25,127 - etf_characteristics - INFO - Using 'Shares Amount' as likely shares column
2025-03-01 05:03:25,128 - etf_characteristics - INFO - Found future through scan: VXH5, shares: 123
2025-03-01 05:03:25,128 - etf_characteristics - INFO - Found future through scan: VXJ5, shares: 44
2025-03-01 05:03:25,129 - etf_characteristics - INFO - Sorted futures: [('VXH5', 123, 'Unknown', 'Unknown'), ('VXJ5', 44, 'Unknown', 'Unknown')]
2025-03-01 05:03:25,129 - etf_characteristics - INFO - Near future: VXH5 with 123 shares
2025-03-01 05:03:25,129 - etf_characteristics - INFO - Far future: VXJ5 with 44 shares
2025-03-01 05:03:25,133 - etf_characteristics - INFO - Saved ETF characteristics to data/etf_characteristics_202503010503.csv and data/etf_characteristics_master.csv
2025-03-01 05:03:25,133 - etf_characteristics - INFO - Successfully saved ETF characteristics to data/etf_characteristics_202503010503.csv
