2025-03-01 04:42:40,266 - limits_alerter - INFO - Starting limits alerter with most recent available data
2025-03-01 04:42:40,266 - limits_alerter - INFO - Getting ETF data for 318A.T from 2025-02-22 to 2025-03-01
2025-03-01 04:42:40,647 - limits_alerter - INFO - Most recent closing price of 318A.T: 925.90 JPY at 2025-02-28 00:00:00+09:00
2025-03-01 04:42:40,647 - limits_alerter - INFO - Daily price limits: 775.90 to 1075.90 JPY
2025-03-01 04:42:40,649 - limits_alerter - INFO - Renamed near_future_code to near_future
2025-03-01 04:42:40,649 - limits_alerter - INFO - Renamed far_future_code to far_future
2025-03-01 04:42:40,651 - limits_alerter - INFO - Using ETF composition data from 2025-02-28 00:00:00 (latest available)
2025-03-01 04:42:40,652 - limits_alerter - ERROR - Missing future codes in ETF data
2025-03-01 04:42:40,652 - limits_alerter - ERROR - Available columns: ['timestamp', 'fund_date', 'shares_outstanding', 'fund_cash_component', 'shares_amount_near_future', 'shares_amount_far_future', 'near_future', 'far_future', 'date']
2025-03-01 04:42:40,652 - limits_alerter - INFO - Attempting to use VIX futures master file as fallback
2025-03-01 04:42:40,653 - limits_alerter - INFO - Using fallback futures: near=VXH25, far=VXH5
2025-03-01 04:42:40,653 - limits_alerter - INFO - Found near shares in column 'shares_amount_near_future': 123.0
2025-03-01 04:42:40,654 - limits_alerter - INFO - Found far shares in column 'shares_amount_far_future': 44.0
2025-03-01 04:42:40,654 - limits_alerter - INFO - ETF composition: {'VXH5': 44.0}
2025-03-01 04:42:40,654 - limits_alerter - INFO - ETF composition for 2025-02-28: {'VXH5': 44.0}
2025-03-01 04:42:40,654 - limits_alerter - INFO - Getting VIX futures prices from 2025-02-22 to 2025-03-01
2025-03-01 04:42:40,654 - limits_alerter - INFO - Requesting data for VXH5 (Yahoo ticker: ^VIX03.2025)
2025-03-01 04:42:41,325 - limits_alerter - ERROR - No data found for ^VIX03.2025 (VXH5)
2025-03-01 04:42:41,325 - limits_alerter - INFO - Trying alternative ticker ^VIX03.2025 for VXH5
2025-03-01 04:42:41,326 - limits_alerter - INFO - Trying alternative ticker ^VIX035 for VXH5
2025-03-01 04:42:42,048 - limits_alerter - INFO - Trying alternative ticker VIX03.2025 for VXH5
2025-03-01 04:42:42,664 - limits_alerter - INFO - Trying alternative ticker ^VFTW1 for VXH5
2025-03-01 04:42:42,738 - limits_alerter - INFO - Retrieved price from alternative ticker ^VFTW1: 18.89 from 2025-02-28
2025-03-01 04:42:42,738 - limits_alerter - INFO - Getting USD/JPY exchange rate from 2025-02-22 to 2025-03-01
2025-03-01 04:42:42,811 - limits_alerter - INFO - Most recent USD/JPY exchange rate: 150.01 from 2025-02-28
2025-03-01 04:42:42,811 - limits_alerter - INFO - Calculated basket value: 124683964.41 JPY (USD: 831159.97)
2025-03-01 04:42:42,811 - limits_alerter - INFO - Current basket value: 124683964.41 JPY
2025-03-01 04:42:42,811 - limits_alerter - INFO - Price limits: 775.90 to 1075.90 JPY
2025-03-01 04:42:42,812 - limits_alerter - INFO - Estimated NAV per share: 173.17 JPY
2025-03-01 04:42:42,813 - limits_alerter - WARNING - ALERT: Basket value changed by -81.30%, exceeding daily price limits!
Allowed range: -16.20% to 16.20%
Current basket value: 124683964.41 JPY
Initial basket value: 666648017.58 JPY
2025-03-01 04:42:42,813 - limits_alerter - INFO - Price limit alert detected and saved to file
2025-03-01 05:56:00,037 - limits_alerter - INFO - Starting limits alerter with most recent available data
2025-03-01 05:56:00,037 - limits_alerter - INFO - Getting ETF data for 318A.T from 2025-02-22 to 2025-03-01
2025-03-01 05:56:00,359 - limits_alerter - INFO - Most recent closing price of 318A.T: 925.90 JPY at 2025-02-28 00:00:00+09:00
2025-03-01 05:56:00,360 - limits_alerter - INFO - Daily price limits: 775.90 to 1075.90 JPY
2025-03-01 05:56:00,363 - limits_alerter - INFO - Using ETF composition data from 2025-02-28 00:00:00 (latest available)
2025-03-01 05:56:00,363 - limits_alerter - INFO - Found near future: VXH5
2025-03-01 05:56:00,363 - limits_alerter - INFO - Found far future: VXJ5
2025-03-01 05:56:00,364 - limits_alerter - INFO - Found near shares in column 'shares_amount_near_future': 123.0
2025-03-01 05:56:00,364 - limits_alerter - INFO - Found far shares in column 'shares_amount_far_future': 44.0
2025-03-01 05:56:00,364 - limits_alerter - INFO - ETF composition: {'VXH5': 123.0, 'VXJ5': 44.0}
2025-03-01 05:56:00,364 - limits_alerter - INFO - ETF composition for 2025-02-28: {'VXH5': 123.0, 'VXJ5': 44.0}
2025-03-01 05:56:00,366 - limits_alerter - INFO - Using yahoo_vix_downloader to get VIX futures prices
2025-03-01 05:56:02,149 - limits_alerter - INFO - Using VX=F price for front month VXH5: 19.6299991607666
2025-03-01 05:56:02,149 - limits_alerter - INFO - Found price for VXJ5 from YAHOO:VXJ5: 18.829099655151367
2025-03-01 05:56:02,149 - limits_alerter - INFO - Successfully retrieved all 2 futures prices from yahoo_vix_downloader
2025-03-01 05:56:02,150 - limits_alerter - INFO - Getting USD/JPY exchange rate from 2025-02-22 to 2025-03-01
2025-03-01 05:56:02,231 - limits_alerter - INFO - Most recent USD/JPY exchange rate: 150.01 from 2025-02-28
2025-03-01 05:56:02,231 - limits_alerter - INFO - Calculated basket value: 486484436.51 JPY (USD: 3242970.28)
2025-03-01 05:56:02,231 - limits_alerter - INFO - Current basket value: 486484436.51 JPY
2025-03-01 05:56:02,231 - limits_alerter - INFO - Price limits: 775.90 to 1075.90 JPY
2025-03-01 05:56:02,232 - limits_alerter - INFO - Estimated NAV per share: 675.67 JPY
2025-03-01 05:56:02,232 - limits_alerter - WARNING - ALERT: Basket value changed by -27.03%, exceeding daily price limits!
Allowed range: -16.20% to 16.20%
Current basket value: 486484436.51 JPY
Initial basket value: 666648017.58 JPY
2025-03-01 05:56:02,232 - limits_alerter - INFO - Price limit alert detected and saved to file
<<<<<<< Updated upstream
2025-03-01 11:01:08,961 - limits_alerter - INFO - Starting limits alerter with most recent available data
2025-03-01 11:01:08,961 - limits_alerter - INFO - Getting ETF data for 318A.T from 2025-02-22 to 2025-03-01
2025-03-01 11:01:09,233 - limits_alerter - INFO - Most recent closing price of 318A.T: 925.90 JPY at 2025-02-28 00:00:00+09:00
2025-03-01 11:01:09,233 - limits_alerter - INFO - Daily price limits: 775.90 to 1075.90 JPY
2025-03-01 11:01:09,237 - limits_alerter - INFO - Using ETF composition data from 2025-02-28 00:00:00 (latest available)
2025-03-01 11:01:09,237 - limits_alerter - INFO - Found near future: VXH5
2025-03-01 11:01:09,237 - limits_alerter - INFO - Found far future: VXJ5
2025-03-01 11:01:09,237 - limits_alerter - INFO - Found near shares in column 'shares_amount_near_future': 123.0
2025-03-01 11:01:09,237 - limits_alerter - INFO - Found far shares in column 'shares_amount_far_future': 44.0
2025-03-01 11:01:09,237 - limits_alerter - INFO - ETF composition: {'VXH5': 123.0, 'VXJ5': 44.0}
2025-03-01 11:01:09,237 - limits_alerter - INFO - ETF composition for 2025-02-28: {'VXH5': 123.0, 'VXJ5': 44.0}
2025-03-01 11:01:09,240 - limits_alerter - INFO - Using yahoo_vix_downloader to get VIX futures prices
2025-03-01 11:01:10,845 - limits_alerter - INFO - Using VX=F price for front month VXH5: 19.6299991607666
2025-03-01 11:01:10,845 - limits_alerter - INFO - Found price for VXJ5 from YAHOO:VXJ5: 18.829099655151367
2025-03-01 11:01:10,845 - limits_alerter - INFO - Successfully retrieved all 2 futures prices from yahoo_vix_downloader
2025-03-01 11:01:10,845 - limits_alerter - INFO - Getting USD/JPY exchange rate from 2025-02-22 to 2025-03-01
2025-03-01 11:01:10,914 - limits_alerter - INFO - Most recent USD/JPY exchange rate: 150.01 from 2025-02-28
2025-03-01 11:01:10,914 - limits_alerter - INFO - Calculated basket value: 486484436.51 JPY (USD: 3242970.28)
2025-03-01 11:01:10,914 - limits_alerter - INFO - Current basket value: 486484436.51 JPY
2025-03-01 11:01:10,914 - limits_alerter - INFO - Price limits: 775.90 to 1075.90 JPY
2025-03-01 11:01:10,915 - limits_alerter - INFO - Estimated NAV per share: 675.67 JPY
2025-03-01 11:01:10,915 - limits_alerter - WARNING - ALERT: Basket value changed by -27.03%, exceeding daily price limits!
Allowed range: -16.20% to 16.20%
Current basket value: 486484436.51 JPY
Initial basket value: 666648017.58 JPY
2025-03-01 11:01:10,916 - limits_alerter - INFO - Price limit alert detected and saved to file
=======
2025-03-01 11:01:12,912 - limits_alerter - INFO - Starting limits alerter with most recent available data
2025-03-01 11:01:12,912 - limits_alerter - INFO - Getting ETF data for 318A.T from 2025-02-22 to 2025-03-01
2025-03-01 11:01:14,120 - limits_alerter - INFO - Most recent closing price of 318A.T: 925.90 JPY at 2025-02-28 00:00:00+09:00
2025-03-01 11:01:14,120 - limits_alerter - INFO - Daily price limits: 775.90 to 1075.90 JPY
2025-03-01 11:01:14,123 - limits_alerter - INFO - Using ETF composition data from 2025-02-28 00:00:00 (latest available)
2025-03-01 11:01:14,123 - limits_alerter - INFO - Found near future: VXH5
2025-03-01 11:01:14,124 - limits_alerter - INFO - Found far future: VXJ5
2025-03-01 11:01:14,124 - limits_alerter - INFO - Found near shares in column 'shares_amount_near_future': 123.0
2025-03-01 11:01:14,124 - limits_alerter - INFO - Found far shares in column 'shares_amount_far_future': 44.0
2025-03-01 11:01:14,124 - limits_alerter - INFO - ETF composition: {'VXH5': 123.0, 'VXJ5': 44.0}
2025-03-01 11:01:14,124 - limits_alerter - INFO - ETF composition for 2025-02-28: {'VXH5': 123.0, 'VXJ5': 44.0}
2025-03-01 11:01:14,127 - limits_alerter - INFO - Using yahoo_vix_downloader to get VIX futures prices
2025-03-01 11:01:16,835 - limits_alerter - INFO - Using VX=F price for front month VXH5: 19.6299991607666
2025-03-01 11:01:16,835 - limits_alerter - INFO - Found price for VXJ5 from YAHOO:VXJ5: 18.829099655151367
2025-03-01 11:01:16,835 - limits_alerter - INFO - Successfully retrieved all 2 futures prices from yahoo_vix_downloader
2025-03-01 11:01:16,835 - limits_alerter - INFO - Getting USD/JPY exchange rate from 2025-02-22 to 2025-03-01
2025-03-01 11:01:16,974 - limits_alerter - INFO - Most recent USD/JPY exchange rate: 150.01 from 2025-02-28
2025-03-01 11:01:16,974 - limits_alerter - INFO - Calculated basket value: 486484436.51 JPY (USD: 3242970.28)
2025-03-01 11:01:16,975 - limits_alerter - INFO - Current basket value: 486484436.51 JPY
2025-03-01 11:01:16,975 - limits_alerter - INFO - Price limits: 775.90 to 1075.90 JPY
2025-03-01 11:01:16,976 - limits_alerter - INFO - Estimated NAV per share: 675.67 JPY
2025-03-01 11:01:16,976 - limits_alerter - WARNING - ALERT: Basket value changed by -27.03%, exceeding daily price limits!
Allowed range: -16.20% to 16.20%
Current basket value: 486484436.51 JPY
Initial basket value: 666648017.58 JPY
2025-03-01 11:01:16,976 - limits_alerter - INFO - Price limit alert detected and saved to file
>>>>>>> Stashed changes
<<<<<<< Updated upstream
2025-03-01 11:07:00,805 - limits_alerter - INFO - Starting limits alerter with most recent available data
2025-03-01 11:07:00,805 - limits_alerter - INFO - Getting ETF data for 318A.T from 2025-02-22 to 2025-03-01
2025-03-01 11:07:01,256 - limits_alerter - INFO - Most recent closing price of 318A.T: 925.90 JPY at 2025-02-28 00:00:00+09:00
2025-03-01 11:07:01,256 - limits_alerter - INFO - Daily price limits: 775.90 to 1075.90 JPY
2025-03-01 11:07:01,260 - limits_alerter - INFO - Using ETF composition data from 2025-02-28 00:00:00 (latest available)
2025-03-01 11:07:01,260 - limits_alerter - INFO - Found near future: VXH5
2025-03-01 11:07:01,260 - limits_alerter - INFO - Found far future: VXJ5
2025-03-01 11:07:01,260 - limits_alerter - INFO - Found near shares in column 'shares_amount_near_future': 123.0
2025-03-01 11:07:01,260 - limits_alerter - INFO - Found far shares in column 'shares_amount_far_future': 44.0
2025-03-01 11:07:01,261 - limits_alerter - INFO - ETF composition: {'VXH5': 123.0, 'VXJ5': 44.0}
2025-03-01 11:07:01,261 - limits_alerter - INFO - ETF composition for 2025-02-28: {'VXH5': 123.0, 'VXJ5': 44.0}
2025-03-01 11:07:01,263 - limits_alerter - INFO - Using yahoo_vix_downloader to get VIX futures prices
2025-03-01 11:07:03,276 - limits_alerter - INFO - Using VX=F price for front month VXH5: 19.6299991607666
2025-03-01 11:07:03,276 - limits_alerter - INFO - Found price for VXJ5 from YAHOO:VXJ5: 18.829099655151367
2025-03-01 11:07:03,276 - limits_alerter - INFO - Successfully retrieved all 2 futures prices from yahoo_vix_downloader
2025-03-01 11:07:03,276 - limits_alerter - INFO - Getting USD/JPY exchange rate from 2025-02-22 to 2025-03-01
2025-03-01 11:07:03,367 - limits_alerter - INFO - Most recent USD/JPY exchange rate: 150.01 from 2025-02-28
2025-03-01 11:07:03,367 - limits_alerter - INFO - Calculated basket value: 486484436.51 JPY (USD: 3242970.28)
2025-03-01 11:07:03,367 - limits_alerter - INFO - Current basket value: 486484436.51 JPY
2025-03-01 11:07:03,367 - limits_alerter - INFO - Price limits: 775.90 to 1075.90 JPY
2025-03-01 11:07:03,368 - limits_alerter - INFO - Estimated NAV per share: 675.67 JPY
2025-03-01 11:07:03,368 - limits_alerter - WARNING - ALERT: Basket value changed by -27.03%, exceeding daily price limits!
Allowed range: -16.20% to 16.20%
Current basket value: 486484436.51 JPY
Initial basket value: 666648017.58 JPY
2025-03-01 11:07:03,369 - limits_alerter - INFO - Price limit alert detected and saved to file
=======
2025-03-01 11:07:04,573 - limits_alerter - INFO - Starting limits alerter with most recent available data
2025-03-01 11:07:04,573 - limits_alerter - INFO - Getting ETF data for 318A.T from 2025-02-22 to 2025-03-01
2025-03-01 11:07:04,796 - limits_alerter - INFO - Most recent closing price of 318A.T: 925.90 JPY at 2025-02-28 00:00:00+09:00
2025-03-01 11:07:04,796 - limits_alerter - INFO - Daily price limits: 775.90 to 1075.90 JPY
2025-03-01 11:07:04,800 - limits_alerter - INFO - Using ETF composition data from 2025-02-28 00:00:00 (latest available)
2025-03-01 11:07:04,800 - limits_alerter - INFO - Found near future: VXH5
2025-03-01 11:07:04,800 - limits_alerter - INFO - Found far future: VXJ5
2025-03-01 11:07:04,800 - limits_alerter - INFO - Found near shares in column 'shares_amount_near_future': 123.0
2025-03-01 11:07:04,800 - limits_alerter - INFO - Found far shares in column 'shares_amount_far_future': 44.0
2025-03-01 11:07:04,800 - limits_alerter - INFO - ETF composition: {'VXH5': 123.0, 'VXJ5': 44.0}
2025-03-01 11:07:04,801 - limits_alerter - INFO - ETF composition for 2025-02-28: {'VXH5': 123.0, 'VXJ5': 44.0}
2025-03-01 11:07:04,803 - limits_alerter - INFO - Using yahoo_vix_downloader to get VIX futures prices
2025-03-01 11:07:07,186 - limits_alerter - INFO - Using VX=F price for front month VXH5: 19.6299991607666
2025-03-01 11:07:07,186 - limits_alerter - INFO - Found price for VXJ5 from YAHOO:VXJ5: 18.829099655151367
2025-03-01 11:07:07,186 - limits_alerter - INFO - Successfully retrieved all 2 futures prices from yahoo_vix_downloader
2025-03-01 11:07:07,186 - limits_alerter - INFO - Getting USD/JPY exchange rate from 2025-02-22 to 2025-03-01
2025-03-01 11:07:07,257 - limits_alerter - INFO - Most recent USD/JPY exchange rate: 150.01 from 2025-02-28
2025-03-01 11:07:07,257 - limits_alerter - INFO - Calculated basket value: 486484436.51 JPY (USD: 3242970.28)
2025-03-01 11:07:07,258 - limits_alerter - INFO - Current basket value: 486484436.51 JPY
2025-03-01 11:07:07,258 - limits_alerter - INFO - Price limits: 775.90 to 1075.90 JPY
2025-03-01 11:07:07,259 - limits_alerter - INFO - Estimated NAV per share: 675.67 JPY
2025-03-01 11:07:07,259 - limits_alerter - WARNING - ALERT: Basket value changed by -27.03%, exceeding daily price limits!
Allowed range: -16.20% to 16.20%
Current basket value: 486484436.51 JPY
Initial basket value: 666648017.58 JPY
2025-03-01 11:07:07,259 - limits_alerter - INFO - Price limit alert detected and saved to file
>>>>>>> Stashed changes
2025-03-02 00:55:08,450 - limits_alerter - INFO - Starting limits alerter with most recent available data
2025-03-02 00:55:08,450 - limits_alerter - INFO - Getting ETF data for 318A.T from 2025-02-23 to 2025-03-02
2025-03-02 00:55:08,889 - limits_alerter - INFO - Most recent closing price of 318A.T: 925.90 JPY at 2025-02-28 00:00:00+09:00
2025-03-02 00:55:08,889 - limits_alerter - INFO - Daily price limits: 775.90 to 1075.90 JPY
2025-03-02 00:55:08,892 - limits_alerter - INFO - Using ETF composition data from 2025-02-28 00:00:00 (latest available)
2025-03-02 00:55:08,893 - limits_alerter - INFO - Found near future: VXH5
2025-03-02 00:55:08,893 - limits_alerter - INFO - Found far future: VXJ5
2025-03-02 00:55:08,893 - limits_alerter - INFO - Found near shares in column 'shares_amount_near_future': 123.0
2025-03-02 00:55:08,893 - limits_alerter - INFO - Found far shares in column 'shares_amount_far_future': 44.0
2025-03-02 00:55:08,893 - limits_alerter - INFO - ETF composition: {'VXH5': 123.0, 'VXJ5': 44.0}
2025-03-02 00:55:08,893 - limits_alerter - INFO - ETF composition for 2025-02-28: {'VXH5': 123.0, 'VXJ5': 44.0}
2025-03-02 00:55:08,896 - limits_alerter - INFO - Using yahoo_vix_downloader to get VIX futures prices
2025-03-02 00:55:10,932 - limits_alerter - INFO - Using VX=F price for front month VXH5: 19.6299991607666
2025-03-02 00:55:10,932 - limits_alerter - INFO - Found price for VXJ5 from YAHOO:VXJ5: 18.829099655151367
2025-03-02 00:55:10,932 - limits_alerter - INFO - Successfully retrieved all 2 futures prices from yahoo_vix_downloader
2025-03-02 00:55:10,932 - limits_alerter - INFO - Getting USD/JPY exchange rate from 2025-02-23 to 2025-03-02
2025-03-02 00:55:11,008 - limits_alerter - INFO - Most recent USD/JPY exchange rate: 150.01 from 2025-02-28
2025-03-02 00:55:11,008 - limits_alerter - INFO - Calculated basket value: 486484436.51 JPY (USD: 3242970.28)
2025-03-02 00:55:11,008 - limits_alerter - INFO - Current basket value: 486484436.51 JPY
2025-03-02 00:55:11,008 - limits_alerter - INFO - Price limits: 775.90 to 1075.90 JPY
2025-03-02 00:55:11,009 - limits_alerter - INFO - Estimated NAV per share: 675.67 JPY
2025-03-02 00:55:11,010 - limits_alerter - WARNING - ALERT: Basket value changed by -27.03%, exceeding daily price limits!
Allowed range: -16.20% to 16.20%
Current basket value: 486484436.51 JPY
Initial basket value: 666648017.58 JPY
2025-03-02 00:55:11,010 - limits_alerter - INFO - Price limit alert detected and saved to file
2025-03-02 03:45:21,170 - limits_alerter - INFO - Starting limits alerter with most recent available data
2025-03-02 03:45:21,170 - limits_alerter - INFO - Getting ETF data for 318A.T from 2025-02-23 to 2025-03-02
2025-03-02 03:45:21,406 - limits_alerter - INFO - Most recent closing price of 318A.T: 925.90 JPY at 2025-02-28 00:00:00+09:00
2025-03-02 03:45:21,406 - limits_alerter - INFO - Daily price limits: 775.90 to 1075.90 JPY
2025-03-02 03:45:21,410 - limits_alerter - INFO - Using ETF composition data from 2025-02-28 00:00:00 (latest available)
2025-03-02 03:45:21,410 - limits_alerter - INFO - Found near future: VXH5
2025-03-02 03:45:21,410 - limits_alerter - INFO - Found far future: VXJ5
2025-03-02 03:45:21,410 - limits_alerter - INFO - Found near shares: 123.0
2025-03-02 03:45:21,411 - limits_alerter - INFO - Found far shares: 44.0
2025-03-02 03:45:21,411 - limits_alerter - INFO - ETF composition: {'VXH5': 123.0, 'VXJ5': 44.0}
2025-03-02 03:45:21,411 - limits_alerter - INFO - ETF composition for 2025-02-28: {'VXH5': 123.0, 'VXJ5': 44.0}
2025-03-02 03:45:21,411 - limits_alerter - INFO - Determined VXH5 is contract position 1
2025-03-02 03:45:21,411 - limits_alerter - INFO - Determined VXJ5 is contract position 2
2025-03-02 03:45:21,411 - limits_alerter - INFO - Trying to download ^VXIND1 for VXH5
2025-03-02 03:45:21,493 - limits_alerter - INFO - Found price for VXH5 using ^VXIND1: 18.829099655151367
2025-03-02 03:45:21,493 - limits_alerter - INFO - Trying to download ^VXIND2 for VXJ5
2025-03-02 03:45:21,567 - limits_alerter - INFO - Found price for VXJ5 using ^VXIND2: 19.046100616455078
2025-03-02 03:45:21,567 - limits_alerter - INFO - Successfully retrieved all current futures prices: {'VXH5': 18.829099655151367, 'VXJ5': 19.046100616455078}
2025-03-02 03:45:21,567 - limits_alerter - INFO - Getting USD/JPY exchange rate from 2025-02-23 to 2025-03-02
2025-03-02 03:45:21,673 - limits_alerter - INFO - Most recent USD/JPY exchange rate: 150.01 from 2025-02-28
2025-03-02 03:45:21,673 - limits_alerter - INFO - Calculated basket value: 473138980.01 JPY (USD: 3154007.68)
2025-03-02 03:45:21,673 - limits_alerter - INFO - Current basket value: 473138980.01 JPY
2025-03-02 03:45:21,674 - limits_alerter - INFO - Price limits: 775.90 to 1075.90 JPY
2025-03-02 03:45:21,675 - limits_alerter - INFO - Estimated NAV per share: 657.14 JPY
2025-03-02 03:45:21,675 - limits_alerter - WARNING - ALERT: Basket value changed by -29.03%, exceeding daily price limits!
Allowed range: -16.20% to 16.20%
Current basket value: 473138980.01 JPY
Initial basket value: 666648017.58 JPY
2025-03-02 03:45:21,675 - limits_alerter - INFO - Price limit alert detected and saved to file
2025-03-02 04:17:07,241 - limits_alerter - INFO - ==================================================
2025-03-02 04:17:07,242 - limits_alerter - INFO - Starting limits alerter with most recent available data
2025-03-02 04:17:07,242 - limits_alerter - INFO - ==================================================
2025-03-02 04:17:07,242 - limits_alerter - INFO - Getting ETF data for 318A.T from 2025-02-23 to 2025-03-02
2025-03-02 04:17:07,465 - limits_alerter - INFO - Most recent closing price of 318A.T: 925.90 JPY at 2025-02-28 00:00:00+09:00
2025-03-02 04:17:07,465 - limits_alerter - INFO - Daily price limits: 775.90 to 1075.90 JPY
2025-03-02 04:17:07,469 - limits_alerter - INFO - Using ETF composition data from 2025-02-28 00:00:00 (latest available)
2025-03-02 04:17:07,469 - limits_alerter - INFO - Found near future: VXH5
2025-03-02 04:17:07,469 - limits_alerter - INFO - Found far future: VXJ5
2025-03-02 04:17:07,469 - limits_alerter - INFO - Found near shares: 123.0
2025-03-02 04:17:07,469 - limits_alerter - INFO - Found far shares: 44.0
2025-03-02 04:17:07,469 - limits_alerter - INFO - ETF composition: {'VXH5': 123.0, 'VXJ5': 44.0}
2025-03-02 04:17:07,469 - limits_alerter - INFO - ETF composition for 2025-02-28: {'VXH5': 123.0, 'VXJ5': 44.0}
2025-03-02 04:17:07,469 - limits_alerter - INFO - ===== Getting INITIAL VIX Futures Prices =====
2025-03-02 04:17:07,470 - limits_alerter - INFO - Reference time: 2025-02-28 00:00:00+09:00
2025-03-02 04:17:07,470 - limits_alerter - INFO - Determined VXH5 is contract position 1
2025-03-02 04:17:07,470 - limits_alerter - INFO - Determined VXJ5 is contract position 2
2025-03-02 04:17:07,470 - limits_alerter - INFO - Trying to download ^VXIND1 for VXH5
2025-03-02 04:17:07,545 - limits_alerter - INFO - Found price for VXH5 using ^VXIND1: 18.8291 (from 2025-02-28 00:00:00)
2025-03-02 04:17:07,545 - limits_alerter - INFO - Trying to download ^VXIND2 for VXJ5
2025-03-02 04:17:07,617 - limits_alerter - INFO - Found price for VXJ5 using ^VXIND2: 19.0461 (from 2025-02-28 00:00:00)
2025-03-02 04:17:07,618 - limits_alerter - INFO - ===== INITIAL VIX Futures Prices Summary =====
2025-03-02 04:17:07,618 - limits_alerter - INFO - VXH5 [^VXIND1]: 18.8291 at 2025-02-28 00:00:00
2025-03-02 04:17:07,618 - limits_alerter - INFO - VXJ5 [^VXIND2]: 19.0461 at 2025-02-28 00:00:00
2025-03-02 04:17:07,618 - limits_alerter - INFO - ==========================================
2025-03-02 04:17:07,618 - limits_alerter - INFO - ===== Getting INITIAL USD/JPY Exchange Rate =====
2025-03-02 04:17:07,618 - limits_alerter - INFO - Reference time: 2025-02-28 00:00:00+09:00
2025-03-02 04:17:07,618 - limits_alerter - INFO - Querying USD/JPY exchange rate from 2025-02-23 to 2025-03-02
2025-03-02 04:17:07,687 - limits_alerter - INFO - INITIAL USD/JPY exchange rate: 149.39 from 2025-02-28 00:00:00+00:00
2025-03-02 04:17:07,687 - limits_alerter - INFO - ===== INITIAL Basket Calculation =====
2025-03-02 04:17:07,687 - limits_alerter - INFO - Exchange Rate: 149.39 JPY/USD (from USDJPY=X at 2025-02-28 00:00:00+00:00)
2025-03-02 04:17:07,687 - limits_alerter - INFO - Component breakdown for INITIAL basket:
2025-03-02 04:17:07,687 - limits_alerter - INFO -   VXH5 [^VXIND1 at 2025-02-28 00:00:00]: price=18.8291, shares=123.0, value=$2,315,979.26
2025-03-02 04:17:07,687 - limits_alerter - INFO -   VXJ5 [^VXIND2 at 2025-02-28 00:00:00]: price=19.0461, shares=44.0, value=$838,028.43
2025-03-02 04:17:07,687 - limits_alerter - INFO - Total INITIAL basket value: 471,167,725.20 JPY ($3,154,007.68 USD)
2025-03-02 04:17:07,687 - limits_alerter - INFO - ===================================
2025-03-02 04:17:07,687 - limits_alerter - INFO - --------------------------------------------------
2025-03-02 04:17:07,687 - limits_alerter - INFO - ===== Getting CURRENT VIX Futures Prices =====
2025-03-02 04:17:07,688 - limits_alerter - INFO - Reference time: 2025-03-02 04:17:07.687961
2025-03-02 04:17:07,688 - limits_alerter - INFO - Determined VXH5 is contract position 1
2025-03-02 04:17:07,688 - limits_alerter - INFO - Determined VXJ5 is contract position 2
2025-03-02 04:17:07,688 - limits_alerter - INFO - Trying to download ^VXIND1 for VXH5
2025-03-02 04:17:07,712 - limits_alerter - INFO - Found price for VXH5 using ^VXIND1: 18.8291 (from 2025-02-28 00:00:00)
2025-03-02 04:17:07,712 - limits_alerter - INFO - Trying to download ^VXIND2 for VXJ5
2025-03-02 04:17:07,728 - limits_alerter - INFO - Found price for VXJ5 using ^VXIND2: 19.0461 (from 2025-02-28 00:00:00)
2025-03-02 04:17:07,729 - limits_alerter - INFO - ===== CURRENT VIX Futures Prices Summary =====
2025-03-02 04:17:07,729 - limits_alerter - INFO - VXH5 [^VXIND1]: 18.8291 at 2025-02-28 00:00:00
2025-03-02 04:17:07,729 - limits_alerter - INFO - VXJ5 [^VXIND2]: 19.0461 at 2025-02-28 00:00:00
2025-03-02 04:17:07,729 - limits_alerter - INFO - ==========================================
2025-03-02 04:17:07,729 - limits_alerter - INFO - ===== Getting CURRENT USD/JPY Exchange Rate =====
2025-03-02 04:17:07,729 - limits_alerter - INFO - Reference time: 2025-03-02 04:17:07.687961
2025-03-02 04:17:07,729 - limits_alerter - INFO - Querying USD/JPY exchange rate from 2025-02-23 to 2025-03-02
2025-03-02 04:17:07,738 - limits_alerter - INFO - CURRENT USD/JPY exchange rate: 149.39 from 2025-02-28 00:00:00+00:00
2025-03-02 04:17:07,738 - limits_alerter - INFO - ===== CURRENT Basket Calculation =====
2025-03-02 04:17:07,738 - limits_alerter - INFO - Exchange Rate: 149.39 JPY/USD (from USDJPY=X at 2025-02-28 00:00:00+00:00)
2025-03-02 04:17:07,738 - limits_alerter - INFO - Component breakdown for CURRENT basket:
2025-03-02 04:17:07,738 - limits_alerter - INFO -   VXH5 [^VXIND1 at 2025-02-28 00:00:00]: price=18.8291, shares=123.0, value=$2,315,979.26
2025-03-02 04:17:07,738 - limits_alerter - INFO -   VXJ5 [^VXIND2 at 2025-02-28 00:00:00]: price=19.0461, shares=44.0, value=$838,028.43
2025-03-02 04:17:07,738 - limits_alerter - INFO - Total CURRENT basket value: 471,167,725.20 JPY ($3,154,007.68 USD)
2025-03-02 04:17:07,738 - limits_alerter - INFO - ===================================
2025-03-02 04:17:07,740 - limits_alerter - INFO - Estimated NAV per share: 654.40 JPY (based on 720,000.0 shares outstanding)
2025-03-02 04:17:07,740 - limits_alerter - INFO - ============ Price Limit Check ============
2025-03-02 04:17:07,740 - limits_alerter - INFO - ETF closing price: 925.90 JPY
2025-03-02 04:17:07,740 - limits_alerter - INFO - Price limits: 775.90 JPY (-16.20%) to 1075.90 JPY (16.20%)
2025-03-02 04:17:07,740 - limits_alerter - INFO - --- Initial Basket ---
2025-03-02 04:17:07,740 - limits_alerter - INFO - Value: 471,167,725.20 JPY
2025-03-02 04:17:07,740 - limits_alerter - INFO - Exchange Rate: 149.39 (from 2025-02-28 00:00:00+00:00)
2025-03-02 04:17:07,740 - limits_alerter - INFO -   VXH5: 18.8291 (from ^VXIND1 at 2025-02-28 00:00:00)
2025-03-02 04:17:07,740 - limits_alerter - INFO -   VXJ5: 19.0461 (from ^VXIND2 at 2025-02-28 00:00:00)
2025-03-02 04:17:07,740 - limits_alerter - INFO - --- Current Basket ---
2025-03-02 04:17:07,741 - limits_alerter - INFO - Value: 471,167,725.20 JPY
2025-03-02 04:17:07,741 - limits_alerter - INFO - Exchange Rate: 149.39 (from 2025-02-28 00:00:00+00:00)
2025-03-02 04:17:07,741 - limits_alerter - INFO -   VXH5: 18.8291 (from ^VXIND1 at 2025-02-28 00:00:00)
2025-03-02 04:17:07,741 - limits_alerter - INFO -   VXJ5: 19.0461 (from ^VXIND2 at 2025-02-28 00:00:00)
2025-03-02 04:17:07,741 - limits_alerter - INFO - --- Comparison ---
2025-03-02 04:17:07,741 - limits_alerter - INFO - Change: 0.00% (0.00 JPY)
2025-03-02 04:17:07,741 - limits_alerter - INFO - Allowed range: -16.20% to 16.20%
2025-03-02 04:17:07,741 - limits_alerter - INFO - No alert: Basket value change 0.00% is within allowed limits
2025-03-02 04:17:07,741 - limits_alerter - INFO - =========================================
2025-03-02 04:17:07,741 - limits_alerter - INFO - No price limit alerts detected
2025-04-08 10:11:31,491 - limits_alerter - INFO - ==================================================
2025-04-08 10:11:31,491 - limits_alerter - INFO - Starting limits alerter with most recent available data
2025-04-08 10:11:31,492 - limits_alerter - INFO - ==================================================
2025-04-08 10:11:31,492 - limits_alerter - INFO - Getting ETF data for 318A.T from 2025-04-01 to 2025-04-08
2025-04-08 10:11:33,499 - limits_alerter - INFO - Most recent closing price of 318A.T: 1497.50 JPY at 2025-04-07 00:00:00+09:00
2025-04-08 10:11:33,499 - limits_alerter - INFO - Daily price limits: 1197.50 to 1797.50 JPY
2025-04-08 10:11:33,526 - limits_alerter - INFO - Using ETF composition data from 2025-04-07 00:00:00 (latest available)
2025-04-08 10:11:33,526 - limits_alerter - INFO - Found near future: VXJ5
2025-04-08 10:11:33,527 - limits_alerter - INFO - Found far future: VXK5
2025-04-08 10:11:33,528 - limits_alerter - INFO - Found near shares: 204.0
2025-04-08 10:11:33,528 - limits_alerter - INFO - Found far shares: 272.0
2025-04-08 10:11:33,528 - limits_alerter - INFO - ETF composition: {'VXJ5': 204.0, 'VXK5': 272.0}
2025-04-08 10:11:33,529 - limits_alerter - INFO - ETF composition for 2025-04-07: {'VXJ5': 204.0, 'VXK5': 272.0}
2025-04-08 10:11:33,530 - limits_alerter - INFO - Using TSE closing time: 2025-04-07 15:00:00+09:00 for initial basket valuation
2025-04-08 10:11:33,530 - limits_alerter - INFO - Getting futures prices for INITIAL basket value at TSE closing time
2025-04-08 10:11:33,531 - limits_alerter - INFO - ===== Getting INITIAL VIX Futures Prices =====
2025-04-08 10:11:33,531 - limits_alerter - INFO - Reference time: 2025-04-07 15:00:00+09:00
2025-04-08 10:11:33,532 - limits_alerter - INFO - Using TSE closing time for initial prices - need historical data
2025-04-08 10:11:33,532 - limits_alerter - INFO - Historical data date range: 2025-03-31 to 2025-04-07
2025-04-08 10:11:33,533 - limits_alerter - INFO - Determined VXJ5 is contract position 1
2025-04-08 10:11:33,533 - limits_alerter - INFO - Determined VXK5 is contract position 2
2025-04-08 10:11:33,533 - limits_alerter - INFO - Getting price for VXJ5 using ^VXIND1
2025-04-08 10:11:33,973 - limits_alerter - WARNING - No historical data for ^VXIND1
2025-04-08 10:11:33,975 - limits_alerter - INFO - Getting price for VXJ5 using ^VFTW1
2025-04-08 10:11:35,056 - limits_alerter - WARNING - No historical data for ^VFTW1
2025-04-08 10:11:35,056 - limits_alerter - INFO - Trying VIX index for front-month VXJ5
2025-04-08 10:11:35,541 - limits_alerter - INFO - Using VIX index price for VXJ5: 45.3100 (from 2025-04-04 09:00:00+09:00)
2025-04-08 10:11:35,542 - limits_alerter - INFO - Getting price for VXK5 using ^VXIND2
2025-04-08 10:11:35,984 - limits_alerter - WARNING - No historical data for ^VXIND2
2025-04-08 10:11:35,985 - limits_alerter - INFO - Getting price for VXK5 using ^VFTW2
2025-04-08 10:11:36,440 - limits_alerter - WARNING - No historical data for ^VFTW2
2025-04-08 10:11:36,440 - limits_alerter - ERROR - Could not find price for VXK5 using any ticker format
2025-04-08 10:11:36,441 - limits_alerter - ERROR - Could not get VIX futures prices for initial basket. Exiting.
2025-04-13 23:57:55,910 - limits_alerter - INFO - ==================================================
2025-04-13 23:57:55,911 - limits_alerter - INFO - Starting limits alerter with most recent available data
2025-04-13 23:57:55,911 - limits_alerter - INFO - ==================================================
2025-04-13 23:57:55,911 - limits_alerter - INFO - Getting closing data for 318A.T from 2025-04-06 to 2025-04-13
2025-04-13 23:57:56,884 - limits_alerter - INFO - Most recent closing price of 318A.T: 1465.00 at 2025-04-11
2025-04-13 23:57:56,885 - limits_alerter - INFO - Daily price limits: 1165.00 to 1765.00
2025-04-13 23:57:56,886 - limits_alerter - INFO - Most recent closing price of 318A.T: 1465.00 JPY at 2025-04-11 00:00:00+09:00
2025-04-13 23:57:56,886 - limits_alerter - INFO - Daily price limits: 1165.00 to 1765.00 JPY
2025-04-13 23:57:56,906 - limits_alerter - INFO - Using ETF composition data from 2025-04-07 00:00:00 (latest available)
2025-04-13 23:57:56,906 - limits_alerter - INFO - Found near future: VXJ5
2025-04-13 23:57:56,907 - limits_alerter - INFO - Found far future: VXK5
2025-04-13 23:57:56,908 - limits_alerter - INFO - Found near shares: 204.0
2025-04-13 23:57:56,908 - limits_alerter - INFO - Found far shares: 272.0
2025-04-13 23:57:56,908 - limits_alerter - INFO - ETF composition: {'VXJ5': 204.0, 'VXK5': 272.0}
2025-04-13 23:57:56,909 - limits_alerter - INFO - ETF composition for 2025-04-11: {'VXJ5': 204.0, 'VXK5': 272.0}
2025-04-13 23:57:56,909 - limits_alerter - INFO - Getting futures prices for INITIAL basket value at TSE closing time
2025-04-13 23:57:56,909 - limits_alerter - INFO - ===== Getting INITIAL VIX Futures Prices =====
2025-04-13 23:57:56,910 - limits_alerter - INFO - Reference time: 2025-04-11 15:00:00+09:00
2025-04-13 23:57:56,910 - limits_alerter - INFO - Using TSE closing time for initial prices - need historical data
2025-04-13 23:57:56,910 - limits_alerter - INFO - Historical data date range: 2025-04-04 to 2025-04-11
2025-04-13 23:57:56,910 - limits_alerter - INFO - Determined VXJ5 is contract position 1
2025-04-13 23:57:56,911 - limits_alerter - INFO - Determined VXK5 is contract position 2
2025-04-13 23:57:56,911 - limits_alerter - INFO - Getting price for VXJ5 using ^VXIND1
2025-04-13 23:57:57,134 - limits_alerter - WARNING - No historical data for ^VXIND1
2025-04-13 23:57:57,142 - limits_alerter - INFO - Getting price for VXJ5 using ^VFTW1
2025-04-13 23:57:57,333 - limits_alerter - WARNING - No historical data for ^VFTW1
2025-04-13 23:57:57,333 - limits_alerter - INFO - Trying VIX index for front-month VXJ5
2025-04-13 23:57:57,600 - limits_alerter - INFO - Using VIX index price for VXJ5: 40.7200 (from 2025-04-10 09:00:00+09:00)
2025-04-13 23:57:57,601 - limits_alerter - INFO - Getting price for VXK5 using ^VXIND2
2025-04-13 23:57:57,783 - limits_alerter - WARNING - No historical data for ^VXIND2
2025-04-13 23:57:57,783 - limits_alerter - INFO - Getting price for VXK5 using ^VFTW2
2025-04-13 23:57:57,967 - limits_alerter - WARNING - No historical data for ^VFTW2
2025-04-13 23:57:57,971 - limits_alerter - ERROR - Could not find price for VXK5 using any ticker format
2025-04-13 23:57:57,971 - limits_alerter - ERROR - Could not get VIX futures prices for initial basket. Exiting.
2025-04-14 00:04:28,166 - limits_alerter - INFO - ==================================================
2025-04-14 00:04:28,179 - limits_alerter - INFO - Starting limits alerter with most recent available data
2025-04-14 00:04:28,179 - limits_alerter - INFO - ==================================================
2025-04-14 00:04:28,179 - limits_alerter - INFO - Getting closing data for 318A.T from 2025-04-07 to 2025-04-14
2025-04-14 00:04:29,065 - limits_alerter - INFO - Most recent closing price of 318A.T: 1465.00 at 2025-04-11
2025-04-14 00:04:29,066 - limits_alerter - INFO - Daily price limits: 1165.00 to 1765.00
2025-04-14 00:04:29,067 - limits_alerter - INFO - Most recent closing price of 318A.T: 1465.00 JPY at 2025-04-11 00:00:00+09:00
2025-04-14 00:04:29,068 - limits_alerter - INFO - Daily price limits: 1165.00 to 1765.00 JPY
2025-04-14 00:04:29,095 - limits_alerter - INFO - Using ETF composition data from 2025-04-07 00:00:00 (latest available)
2025-04-14 00:04:29,096 - limits_alerter - INFO - Found near future: VXJ5
2025-04-14 00:04:29,096 - limits_alerter - INFO - Found far future: VXK5
2025-04-14 00:04:29,098 - limits_alerter - INFO - Found near shares: 204.0
2025-04-14 00:04:29,099 - limits_alerter - INFO - Found far shares: 272.0
2025-04-14 00:04:29,099 - limits_alerter - INFO - ETF composition: {'VXJ5': 204.0, 'VXK5': 272.0}
2025-04-14 00:04:29,100 - limits_alerter - INFO - ETF composition for 2025-04-11: {'VXJ5': 204.0, 'VXK5': 272.0}
2025-04-14 00:04:29,101 - limits_alerter - INFO - Getting futures prices for INITIAL basket value at TSE closing time
2025-04-14 00:04:29,101 - limits_alerter - INFO - ===== Getting INITIAL VIX Futures Prices =====
2025-04-14 00:04:29,102 - limits_alerter - INFO - Reference time: 2025-04-11 15:00:00+09:00
2025-04-14 00:04:29,102 - limits_alerter - INFO - Using TSE closing time for initial prices - need historical data
2025-04-14 00:04:29,103 - limits_alerter - INFO - Historical data date range: 2025-04-04 to 2025-04-11
2025-04-14 00:04:29,103 - limits_alerter - INFO - Determined VXJ5 is contract position 1
2025-04-14 00:04:29,103 - limits_alerter - INFO - Determined VXK5 is contract position 2
2025-04-14 00:04:29,104 - limits_alerter - INFO - Getting price for VXJ5 using ^VXIND1
2025-04-14 00:04:29,336 - limits_alerter - WARNING - No historical data for ^VXIND1
2025-04-14 00:04:29,342 - limits_alerter - INFO - Getting price for VXJ5 using ^VFTW1
2025-04-14 00:04:29,559 - limits_alerter - WARNING - No historical data for ^VFTW1
2025-04-14 00:04:29,560 - limits_alerter - ERROR - Could not find price for VXJ5 using any ticker format
2025-04-14 00:04:29,561 - limits_alerter - ERROR - Could not get VIX futures prices for initial basket. Exiting.
2025-04-14 01:22:18,428 - limits_alerter - INFO - ==================================================
2025-04-14 01:22:18,428 - limits_alerter - INFO - Starting limits alerter with most recent available data
2025-04-14 01:22:18,428 - limits_alerter - INFO - ==================================================
2025-04-14 01:22:18,428 - limits_alerter - INFO - Getting closing data for 318A.T from 2025-04-07 to 2025-04-14
2025-04-14 01:22:19,083 - limits_alerter - INFO - Most recent closing price of 318A.T: 1465.00 at 2025-04-11
2025-04-14 01:22:19,083 - limits_alerter - INFO - Daily price limits: 1165.00 to 1765.00
2025-04-14 01:22:19,083 - limits_alerter - INFO - Most recent closing price of 318A.T: 1465.00 JPY at 2025-04-11 00:00:00+09:00
2025-04-14 01:22:19,083 - limits_alerter - INFO - Daily price limits: 1165.00 to 1765.00 JPY
2025-04-14 01:22:19,093 - limits_alerter - INFO - Using ETF composition data from 2025-04-07 00:00:00 (latest available)
2025-04-14 01:22:19,093 - limits_alerter - INFO - Found near future: VXJ5
2025-04-14 01:22:19,093 - limits_alerter - INFO - Found far future: VXK5
2025-04-14 01:22:19,093 - limits_alerter - INFO - Found near shares: 204.0
2025-04-14 01:22:19,093 - limits_alerter - INFO - Found far shares: 272.0
2025-04-14 01:22:19,093 - limits_alerter - INFO - ETF composition: {'VXJ5': 204.0, 'VXK5': 272.0}
2025-04-14 01:22:19,093 - limits_alerter - INFO - ETF composition for 2025-04-11: {'VXJ5': 204.0, 'VXK5': 272.0}
2025-04-14 01:22:19,094 - limits_alerter - INFO - Getting futures prices for INITIAL basket value at TSE closing time
2025-04-14 01:22:19,094 - limits_alerter - INFO - ===== Getting INITIAL VIX Futures Prices =====
2025-04-14 01:22:19,094 - limits_alerter - INFO - Reference time: 2025-04-11 15:00:00+09:00
2025-04-14 01:22:19,094 - limits_alerter - INFO - Using TSE closing time for initial prices - need historical data
2025-04-14 01:22:19,094 - limits_alerter - INFO - Historical data date range: 2025-04-04 to 2025-04-11
2025-04-14 01:22:19,094 - limits_alerter - INFO - Determined VXJ5 is contract position 1
2025-04-14 01:22:19,094 - limits_alerter - INFO - Determined VXK5 is contract position 2
2025-04-14 01:22:19,094 - limits_alerter - INFO - Getting price for VXJ5 using ^VXIND1
2025-04-14 01:22:19,297 - limits_alerter - WARNING - No historical data for ^VXIND1
2025-04-14 01:22:19,301 - limits_alerter - INFO - Getting price for VXJ5 using ^VFTW1
2025-04-14 01:22:19,484 - limits_alerter - WARNING - No historical data for ^VFTW1
2025-04-14 01:22:19,484 - limits_alerter - ERROR - Could not find price for VXJ5 using any ticker format
2025-04-14 01:22:19,484 - limits_alerter - ERROR - Could not get VIX futures prices for initial basket. Exiting.
2025-05-23 23:08:45,621 - limits_alerter - INFO - ==================================================
2025-05-23 23:08:45,622 - limits_alerter - INFO - Starting limits alerter with most recent available data
2025-05-23 23:08:45,622 - limits_alerter - INFO - ==================================================
2025-05-23 23:08:45,622 - limits_alerter - INFO - Getting closing data for 318A.T from 2025-05-16 to 2025-05-23
2025-05-23 23:08:49,179 - limits_alerter - ERROR - Error getting stock data: Too Many Requests. Rate limited. Try after a while.
2025-05-23 23:08:49,185 - limits_alerter - ERROR - Traceback (most recent call last):
  File "/home/owen/workspace/pcf_process/price_utils.py", line 94, in get_closing_price
    hist = stock.history(start=start_date, end=end_date)
           ^^^^^^^^^^^^^^^^^^^^^^^^^^^^^^^^^^^^^^^^^^^^^
  File "/home/owen/workspace/pcf_process/.venv/lib/python3.12/site-packages/yfinance/utils.py", line 104, in wrapper
    result = func(*args, **kwargs)
             ^^^^^^^^^^^^^^^^^^^^^
  File "/home/owen/workspace/pcf_process/.venv/lib/python3.12/site-packages/yfinance/base.py", line 82, in history
    return self._lazy_load_price_history().history(*args, **kwargs)
           ^^^^^^^^^^^^^^^^^^^^^^^^^^^^^^^^^^^^^^^^^^^^^^^^^^^^^^^^
  File "/home/owen/workspace/pcf_process/.venv/lib/python3.12/site-packages/yfinance/utils.py", line 104, in wrapper
    result = func(*args, **kwargs)
             ^^^^^^^^^^^^^^^^^^^^^
  File "/home/owen/workspace/pcf_process/.venv/lib/python3.12/site-packages/yfinance/scrapers/history.py", line 175, in history
    data = get_fn(
           ^^^^^^^
  File "/home/owen/workspace/pcf_process/.venv/lib/python3.12/site-packages/yfinance/data.py", line 32, in wrapped
    return func(*args, **kwargs)
           ^^^^^^^^^^^^^^^^^^^^^
  File "/home/owen/workspace/pcf_process/.venv/lib/python3.12/site-packages/yfinance/data.py", line 418, in cache_get
    return self.get(url, user_agent_headers, params, proxy, timeout)
           ^^^^^^^^^^^^^^^^^^^^^^^^^^^^^^^^^^^^^^^^^^^^^^^^^^^^^^^^^
  File "/home/owen/workspace/pcf_process/.venv/lib/python3.12/site-packages/yfinance/utils.py", line 104, in wrapper
    result = func(*args, **kwargs)
             ^^^^^^^^^^^^^^^^^^^^^
  File "/home/owen/workspace/pcf_process/.venv/lib/python3.12/site-packages/yfinance/data.py", line 349, in get
    return self._make_request(url, request_method = self._session.get, user_agent_headers=user_agent_headers, params=params, proxy=proxy, timeout=timeout)
           ^^^^^^^^^^^^^^^^^^^^^^^^^^^^^^^^^^^^^^^^^^^^^^^^^^^^^^^^^^^^^^^^^^^^^^^^^^^^^^^^^^^^^^^^^^^^^^^^^^^^^^^^^^^^^^^^^^^^^^^^^^^^^^^^^^^^^^^^^^^^^^^
  File "/home/owen/workspace/pcf_process/.venv/lib/python3.12/site-packages/yfinance/utils.py", line 104, in wrapper
    result = func(*args, **kwargs)
             ^^^^^^^^^^^^^^^^^^^^^
  File "/home/owen/workspace/pcf_process/.venv/lib/python3.12/site-packages/yfinance/data.py", line 411, in _make_request
    raise YFRateLimitError()
yfinance.exceptions.YFRateLimitError: Too Many Requests. Rate limited. Try after a while.

2025-05-23 23:08:49,186 - limits_alerter - ERROR - Could not get ETF data. Exiting.
