2025-03-01 04:42:59,624 - pcf_vix_extractor - INFO - Found latest Simplex ETF file: data/318A-CSV-20250228-202502280724.csv
2025-03-01 04:42:59,624 - pcf_vix_extractor - INFO - Extracting VIX futures from PCF file: data/318A-CSV-20250228-202502280724.csv
2025-03-01 04:42:59,624 - pcf_vix_extractor - ERROR - Error parsing PCF file: read_csv() got an unexpected keyword argument 'errors'
2025-03-01 04:42:59,624 - pcf_vix_extractor - ERROR - Traceback (most recent call last):
  File "/home/runner/work/pcf_process/pcf_process/pcf_vix_extractor.py", line 102, in extract_vix_futures_from_pcf
    df = pd.read_csv(file_path, encoding='utf-8', errors='replace')
TypeError: read_csv() got an unexpected keyword argument 'errors'

2025-03-01 04:42:59,624 - pcf_vix_extractor - INFO - Attempting PCF parsing based on expected format
2025-03-01 04:42:59,625 - pcf_vix_extractor - INFO - Found Code,Name header at line 4
2025-03-01 04:42:59,625 - pcf_vix_extractor - INFO - Manually extracted: VXH5 = 18.1337
2025-03-01 04:42:59,625 - pcf_vix_extractor - INFO - Manually extracted: VXJ5 = 18.6034
2025-03-01 04:42:59,625 - pcf_vix_extractor - INFO - Successfully extracted 2 VIX futures from manual parsing
2025-03-01 04:53:00,112 - pcf_vix_extractor - INFO - Found latest Simplex ETF file: data/318A-CSV-20250228-202502280724.csv
2025-03-01 04:53:00,112 - pcf_vix_extractor - INFO - Extracting VIX futures from PCF file: data/318A-CSV-20250228-202502280724.csv
2025-03-01 04:53:00,112 - pcf_vix_extractor - ERROR - Error parsing PCF file: read_csv() got an unexpected keyword argument 'errors'
2025-03-01 04:53:00,112 - pcf_vix_extractor - ERROR - Traceback (most recent call last):
  File "/home/runner/work/pcf_process/pcf_process/pcf_vix_extractor.py", line 102, in extract_vix_futures_from_pcf
    df = pd.read_csv(file_path, encoding='utf-8', errors='replace')
TypeError: read_csv() got an unexpected keyword argument 'errors'

2025-03-01 04:53:00,113 - pcf_vix_extractor - INFO - Attempting PCF parsing based on expected format
2025-03-01 04:53:00,113 - pcf_vix_extractor - INFO - Found Code,Name header at line 4
2025-03-01 04:53:00,113 - pcf_vix_extractor - INFO - Manually extracted: VXH5 = 18.1337
2025-03-01 04:53:00,113 - pcf_vix_extractor - INFO - Manually extracted: VXJ5 = 18.6034
2025-03-01 04:53:00,114 - pcf_vix_extractor - INFO - Successfully extracted 2 VIX futures from manual parsing
2025-03-01 05:03:47,771 - pcf_vix_extractor - INFO - Found latest Simplex ETF file: data/318A-CSV-20250228-202502280724.csv
2025-03-01 05:03:47,771 - pcf_vix_extractor - INFO - Extracting VIX futures from PCF file: data/318A-CSV-20250228-202502280724.csv
2025-03-01 05:03:47,772 - pcf_vix_extractor - ERROR - Error parsing PCF file: read_csv() got an unexpected keyword argument 'errors'
2025-03-01 05:03:47,772 - pcf_vix_extractor - ERROR - Traceback (most recent call last):
  File "/home/runner/work/pcf_process/pcf_process/pcf_vix_extractor.py", line 102, in extract_vix_futures_from_pcf
    df = pd.read_csv(file_path, encoding='utf-8', errors='replace')
TypeError: read_csv() got an unexpected keyword argument 'errors'

2025-03-01 05:03:47,772 - pcf_vix_extractor - INFO - Attempting PCF parsing based on expected format
2025-03-01 05:03:47,772 - pcf_vix_extractor - INFO - Found Code,Name header at line 4
2025-03-01 05:03:47,773 - pcf_vix_extractor - INFO - Manually extracted: VXH5 = 18.1337
2025-03-01 05:03:47,773 - pcf_vix_extractor - INFO - Manually extracted: VXJ5 = 18.6034
2025-03-01 05:03:47,773 - pcf_vix_extractor - INFO - Successfully extracted 2 VIX futures from manual parsing
2025-03-01 05:17:03,436 - pcf_vix_extractor - INFO - Found latest Simplex ETF file: data/318A-CSV-20250228-202502280724.csv
2025-03-01 05:17:03,436 - pcf_vix_extractor - INFO - Extracting VIX futures from PCF file: data/318A-CSV-20250228-202502280724.csv
2025-03-01 05:17:03,436 - pcf_vix_extractor - ERROR - Error parsing PCF file: read_csv() got an unexpected keyword argument 'errors'
2025-03-01 05:17:03,436 - pcf_vix_extractor - ERROR - Traceback (most recent call last):
  File "/home/runner/work/pcf_process/pcf_process/pcf_vix_extractor.py", line 102, in extract_vix_futures_from_pcf
    df = pd.read_csv(file_path, encoding='utf-8', errors='replace')
TypeError: read_csv() got an unexpected keyword argument 'errors'

2025-03-01 05:17:03,437 - pcf_vix_extractor - INFO - Attempting PCF parsing based on expected format
2025-03-01 05:17:03,437 - pcf_vix_extractor - INFO - Found Code,Name header at line 4
2025-03-01 05:17:03,437 - pcf_vix_extractor - INFO - Manually extracted: VXH5 = 18.1337
2025-03-01 05:17:03,438 - pcf_vix_extractor - INFO - Manually extracted: VXJ5 = 18.6034
2025-03-01 05:17:03,438 - pcf_vix_extractor - INFO - Successfully extracted 2 VIX futures from manual parsing
2025-03-01 05:49:01,936 - pcf_vix_extractor - INFO - Found latest Simplex ETF file: data/318A-CSV-20250228-202502280724.csv
2025-03-01 05:49:01,936 - pcf_vix_extractor - INFO - Extracting VIX futures from PCF file: data/318A-CSV-20250228-202502280724.csv
2025-03-01 05:49:01,936 - pcf_vix_extractor - ERROR - Error parsing PCF file: read_csv() got an unexpected keyword argument 'errors'
2025-03-01 05:49:01,936 - pcf_vix_extractor - ERROR - Traceback (most recent call last):
  File "/home/runner/work/pcf_process/pcf_process/pcf_vix_extractor.py", line 102, in extract_vix_futures_from_pcf
    df = pd.read_csv(file_path, encoding='utf-8', errors='replace')
TypeError: read_csv() got an unexpected keyword argument 'errors'

2025-03-01 05:49:01,936 - pcf_vix_extractor - INFO - Attempting PCF parsing based on expected format
2025-03-01 05:49:01,937 - pcf_vix_extractor - INFO - Found Code,Name header at line 4
2025-03-01 05:49:01,938 - pcf_vix_extractor - INFO - Manually extracted: VXH5 = 18.1337
2025-03-01 05:49:01,938 - pcf_vix_extractor - INFO - Manually extracted: VXJ5 = 18.6034
2025-03-01 05:49:01,938 - pcf_vix_extractor - INFO - Successfully extracted 2 VIX futures from manual parsing
2025-03-01 05:56:26,984 - pcf_vix_extractor - INFO - Found latest Simplex ETF file: data/318A-CSV-20250228-202502280724.csv
2025-03-01 05:56:26,984 - pcf_vix_extractor - INFO - Extracting VIX futures from PCF file: data/318A-CSV-20250228-202502280724.csv
2025-03-01 05:56:26,984 - pcf_vix_extractor - ERROR - Error parsing PCF file: read_csv() got an unexpected keyword argument 'errors'
2025-03-01 05:56:26,985 - pcf_vix_extractor - ERROR - Traceback (most recent call last):
  File "/home/runner/work/pcf_process/pcf_process/pcf_vix_extractor.py", line 102, in extract_vix_futures_from_pcf
    df = pd.read_csv(file_path, encoding='utf-8', errors='replace')
TypeError: read_csv() got an unexpected keyword argument 'errors'

2025-03-01 05:56:26,985 - pcf_vix_extractor - INFO - Attempting PCF parsing based on expected format
2025-03-01 05:56:26,985 - pcf_vix_extractor - INFO - Found Code,Name header at line 4
2025-03-01 05:56:26,986 - pcf_vix_extractor - INFO - Manually extracted: VXH5 = 18.1337
2025-03-01 05:56:26,986 - pcf_vix_extractor - INFO - Manually extracted: VXJ5 = 18.6034
2025-03-01 05:56:26,986 - pcf_vix_extractor - INFO - Successfully extracted 2 VIX futures from manual parsing
2025-03-01 11:07:15,963 - pcf_vix_extractor - INFO - Found latest Simplex ETF file: data/318A-CSV-20250228-202502280724.csv
2025-03-01 11:07:15,963 - pcf_vix_extractor - INFO - Extracting VIX futures from PCF file: data/318A-CSV-20250228-202502280724.csv
2025-03-01 11:07:15,965 - pcf_vix_extractor - INFO - Found raw Fund Date: 20250228.0
2025-03-01 11:07:15,966 - pcf_vix_extractor - ERROR - Could not parse Fund Date: 20250228.0
2025-03-01 11:07:15,966 - pcf_vix_extractor - ERROR - Could not extract Fund Date. Aborting extraction.
2025-03-02 00:56:17,674 - pcf_vix_extractor - INFO - Found latest Simplex ETF file: data/318A-CSV-20250228-202502280724.csv
2025-03-02 00:56:17,674 - pcf_vix_extractor - INFO - Extracting VIX futures from PCF file: data/318A-CSV-20250228-202502280724.csv
2025-03-02 00:56:17,676 - pcf_vix_extractor - INFO - Found raw Fund Date: 20250228.0
2025-03-02 00:56:17,677 - pcf_vix_extractor - ERROR - Could not parse Fund Date: 20250228.0
2025-03-02 00:56:17,677 - pcf_vix_extractor - ERROR - Could not extract Fund Date. Aborting extraction.
2025-03-02 01:17:02,305 - pcf_vix_extractor - INFO - Found latest Simplex ETF file: data/318A-CSV-20250228-202503010548.csv
2025-03-02 01:17:02,305 - pcf_vix_extractor - INFO - Extracting VIX futures from PCF file: data/318A-CSV-20250228-202503010548.csv
2025-03-02 01:17:02,307 - pcf_vix_extractor - INFO - Found raw Fund Date: 20250228.0
2025-03-02 01:17:02,308 - pcf_vix_extractor - ERROR - Could not parse Fund Date: 20250228.0
2025-03-02 01:17:02,308 - pcf_vix_extractor - ERROR - Could not extract Fund Date. Aborting extraction.
2025-03-02 01:32:21,350 - pcf_vix_extractor - INFO - Found latest Simplex ETF file: data/318A-CSV-20250228-202502280724.csv
2025-03-02 01:32:21,350 - pcf_vix_extractor - INFO - Extracting VIX futures from PCF file: data/318A-CSV-20250228-202502280724.csv
2025-03-02 01:32:21,352 - pcf_vix_extractor - INFO - Found raw Fund Date: 20250228.0
2025-03-02 01:32:21,353 - pcf_vix_extractor - ERROR - Could not parse Fund Date: 20250228.0
2025-03-02 01:32:21,353 - pcf_vix_extractor - ERROR - Could not extract Fund Date. Aborting extraction.
2025-03-02 03:38:44,250 - pcf_vix_extractor - INFO - Found latest Simplex ETF file: data/318A-CSV-20250228-202502280724.csv
2025-03-02 03:38:44,251 - pcf_vix_extractor - INFO - Extracting VIX futures from PCF file: data/318A-CSV-20250228-202502280724.csv
2025-03-02 03:38:44,252 - pcf_vix_extractor - INFO - Found raw Fund Date: 20250228.0
2025-03-02 03:38:44,253 - pcf_vix_extractor - ERROR - Could not parse Fund Date: 20250228.0
2025-03-02 03:38:44,253 - pcf_vix_extractor - ERROR - Could not extract Fund Date. Aborting extraction.
2025-03-02 03:46:05,290 - pcf_vix_extractor - INFO - Found latest Simplex ETF file: data/318A-CSV-20250228-202503010548.csv
2025-03-02 03:46:05,290 - pcf_vix_extractor - INFO - Extracting VIX futures from PCF file: data/318A-CSV-20250228-202503010548.csv
2025-03-02 03:46:05,292 - pcf_vix_extractor - INFO - Found raw Fund Date: 20250228.0
2025-03-02 03:46:05,293 - pcf_vix_extractor - ERROR - Could not parse Fund Date: 20250228.0
2025-03-02 03:46:05,293 - pcf_vix_extractor - ERROR - Could not extract Fund Date. Aborting extraction.
2025-03-02 04:10:51,583 - pcf_vix_extractor - INFO - Found latest Simplex ETF file: data/318A-CSV-20250228-202502280724.csv
2025-03-02 04:10:51,583 - pcf_vix_extractor - INFO - Extracting VIX futures from PCF file: data/318A-CSV-20250228-202502280724.csv
2025-03-02 04:10:51,584 - pcf_vix_extractor - INFO - Found raw Fund Date: 20250228.0
2025-03-02 04:10:51,585 - pcf_vix_extractor - ERROR - Could not parse Fund Date: 20250228.0
2025-03-02 04:10:51,586 - pcf_vix_extractor - ERROR - Could not extract Fund Date. Aborting extraction.
2025-03-02 04:17:39,626 - pcf_vix_extractor - INFO - Found latest Simplex ETF file: data/318A-CSV-20250228-202503010548.csv
2025-03-02 04:17:39,626 - pcf_vix_extractor - INFO - Extracting VIX futures from PCF file: data/318A-CSV-20250228-202503010548.csv
2025-03-02 04:17:39,628 - pcf_vix_extractor - INFO - Found raw Fund Date: 20250228.0
2025-03-02 04:17:39,629 - pcf_vix_extractor - ERROR - Could not parse Fund Date: 20250228.0
2025-03-02 04:17:39,629 - pcf_vix_extractor - ERROR - Could not extract Fund Date. Aborting extraction.
2025-03-02 04:31:10,676 - pcf_vix_extractor - INFO - Found latest Simplex ETF file: data/318A-CSV-20250228-202503010548.csv
2025-03-02 04:31:10,676 - pcf_vix_extractor - INFO - Extracting VIX futures from PCF file: data/318A-CSV-20250228-202503010548.csv
2025-03-02 04:31:10,678 - pcf_vix_extractor - INFO - Found raw Fund Date: 20250228.0
2025-03-02 04:31:10,679 - pcf_vix_extractor - ERROR - Could not parse Fund Date: 20250228.0
2025-03-02 04:31:10,679 - pcf_vix_extractor - ERROR - Could not extract Fund Date. Aborting extraction.
2025-03-02 23:35:03,695 - pcf_vix_extractor - INFO - Found latest Simplex ETF file: data/318A-CSV-20250228-202502280724.csv
2025-03-02 23:35:03,695 - pcf_vix_extractor - INFO - Extracting VIX futures from PCF file: data/318A-CSV-20250228-202502280724.csv
2025-03-02 23:35:03,696 - pcf_vix_extractor - INFO - Found raw Fund Date: 20250228.0
2025-03-02 23:35:03,697 - pcf_vix_extractor - ERROR - Could not parse Fund Date: 20250228.0
2025-03-02 23:35:03,697 - pcf_vix_extractor - ERROR - Could not extract Fund Date. Aborting extraction.
2025-03-03 23:28:02,632 - pcf_vix_extractor - INFO - Found latest Simplex ETF file: data/318A-CSV-20250228-202503020410.csv
2025-03-03 23:28:02,632 - pcf_vix_extractor - INFO - Extracting VIX futures from PCF file: data/318A-CSV-20250228-202503020410.csv
2025-03-03 23:28:02,634 - pcf_vix_extractor - INFO - Found raw Fund Date: 20250228.0
2025-03-03 23:28:02,635 - pcf_vix_extractor - ERROR - Could not parse Fund Date: 20250228.0
2025-03-03 23:28:02,635 - pcf_vix_extractor - ERROR - Could not extract Fund Date. Aborting extraction.
2025-03-04 23:28:06,251 - pcf_vix_extractor - INFO - Found latest Simplex ETF file: data/318A-CSV-20250228-202503010548.csv
2025-03-04 23:28:06,251 - pcf_vix_extractor - INFO - Extracting VIX futures from PCF file: data/318A-CSV-20250228-202503010548.csv
2025-03-04 23:28:06,252 - pcf_vix_extractor - INFO - Found raw Fund Date: 20250228.0
2025-03-04 23:28:06,253 - pcf_vix_extractor - ERROR - Could not parse Fund Date: 20250228.0
2025-03-04 23:28:06,253 - pcf_vix_extractor - ERROR - Could not extract Fund Date. Aborting extraction.
2025-03-05 23:29:34,189 - pcf_vix_extractor - INFO - Found latest Simplex ETF file: data/318A-CSV-20250305-202503050532.csv
2025-03-05 23:29:34,189 - pcf_vix_extractor - INFO - Extracting VIX futures from PCF file: data/318A-CSV-20250305-202503050532.csv
2025-03-05 23:29:34,191 - pcf_vix_extractor - INFO - Found raw Fund Date: 20250305.0
2025-03-05 23:29:34,192 - pcf_vix_extractor - ERROR - Could not parse Fund Date: 20250305.0
2025-03-05 23:29:34,192 - pcf_vix_extractor - ERROR - Could not extract Fund Date. Aborting extraction.
2025-03-06 23:28:28,355 - pcf_vix_extractor - INFO - Found latest Simplex ETF file: data/318A-CSV-20250228-202503020410.csv
2025-03-06 23:28:28,355 - pcf_vix_extractor - INFO - Extracting VIX futures from PCF file: data/318A-CSV-20250228-202503020410.csv
2025-03-06 23:28:28,357 - pcf_vix_extractor - INFO - Found raw Fund Date: 20250228.0
2025-03-06 23:28:28,358 - pcf_vix_extractor - ERROR - Could not parse Fund Date: 20250228.0
2025-03-06 23:28:28,358 - pcf_vix_extractor - ERROR - Could not extract Fund Date. Aborting extraction.
2025-03-07 23:24:06,199 - pcf_vix_extractor - INFO - Found latest Simplex ETF file: data/318A-CSV-20250306-202503060532.csv
2025-03-07 23:24:06,199 - pcf_vix_extractor - INFO - Extracting VIX futures from PCF file: data/318A-CSV-20250306-202503060532.csv
2025-03-07 23:24:06,200 - pcf_vix_extractor - INFO - Found raw Fund Date: 20250306.0
2025-03-07 23:24:06,201 - pcf_vix_extractor - ERROR - Could not parse Fund Date: 20250306.0
2025-03-07 23:24:06,201 - pcf_vix_extractor - ERROR - Could not extract Fund Date. Aborting extraction.
2025-03-10 23:28:33,061 - pcf_vix_extractor - INFO - Found latest Simplex ETF file: data/318A-CSV-20250310-202503100527.csv
2025-03-10 23:28:33,061 - pcf_vix_extractor - INFO - Extracting VIX futures from PCF file: data/318A-CSV-20250310-202503100527.csv
2025-03-10 23:28:33,063 - pcf_vix_extractor - INFO - Found raw Fund Date: 20250310.0
2025-03-10 23:28:33,064 - pcf_vix_extractor - ERROR - Could not parse Fund Date: 20250310.0
2025-03-10 23:28:33,064 - pcf_vix_extractor - ERROR - Could not extract Fund Date. Aborting extraction.
2025-03-11 23:28:21,052 - pcf_vix_extractor - INFO - Found latest Simplex ETF file: data/318A-CSV-20250228-202502280724.csv
2025-03-11 23:28:21,052 - pcf_vix_extractor - INFO - Extracting VIX futures from PCF file: data/318A-CSV-20250228-202502280724.csv
2025-03-11 23:28:21,053 - pcf_vix_extractor - INFO - Found raw Fund Date: 20250228.0
2025-03-11 23:28:21,054 - pcf_vix_extractor - ERROR - Could not parse Fund Date: 20250228.0
2025-03-11 23:28:21,055 - pcf_vix_extractor - ERROR - Could not extract Fund Date. Aborting extraction.
2025-03-12 23:29:17,006 - pcf_vix_extractor - INFO - Found latest Simplex ETF file: data/318A-CSV-20250310-202503100527.csv
2025-03-12 23:29:17,006 - pcf_vix_extractor - INFO - Extracting VIX futures from PCF file: data/318A-CSV-20250310-202503100527.csv
2025-03-12 23:29:17,007 - pcf_vix_extractor - INFO - Found raw Fund Date: 20250310.0
2025-03-12 23:29:17,008 - pcf_vix_extractor - ERROR - Could not parse Fund Date: 20250310.0
2025-03-12 23:29:17,008 - pcf_vix_extractor - ERROR - Could not extract Fund Date. Aborting extraction.
2025-03-13 23:28:13,395 - pcf_vix_extractor - INFO - Found latest Simplex ETF file: data/318A-CSV-20250313-202503130532.csv
2025-03-13 23:28:13,395 - pcf_vix_extractor - INFO - Extracting VIX futures from PCF file: data/318A-CSV-20250313-202503130532.csv
2025-03-13 23:28:13,396 - pcf_vix_extractor - INFO - Found raw Fund Date: 20250313.0
2025-03-13 23:28:13,397 - pcf_vix_extractor - ERROR - Could not parse Fund Date: 20250313.0
2025-03-13 23:28:13,397 - pcf_vix_extractor - ERROR - Could not extract Fund Date. Aborting extraction.
