2025-02-27 23:52:54,110 - INFO - [simplex_nav_parser.py:303] - Starting Simplex NAV data processing
2025-02-27 23:52:54,110 - INFO - [simplex_nav_parser.py:27] - Parsing NAV data using headless browser
2025-02-27 23:52:54,110 - INFO - [simplex_nav_parser.py:42] - Initializing Chrome WebDriver
2025-02-27 23:52:54,111 - DEBUG - [selenium_manager.py:101] - Selenium Manager binary found at: /opt/hostedtoolcache/Python/3.10.16/x64/lib/python3.10/site-packages/selenium/webdriver/common/linux/selenium-manager
2025-02-27 23:52:54,111 - DEBUG - [selenium_manager.py:114] - Executing process: /opt/hostedtoolcache/Python/3.10.16/x64/lib/python3.10/site-packages/selenium/webdriver/common/linux/selenium-manager --browser chrome --debug --language-binding python --output json
2025-02-27 23:52:54,337 - DEBUG - [selenium_manager.py:140] - Sending stats to Plausible: Props { browser: "chrome", browser_version: "", os: "linux", arch: "x86_64", lang: "python", selenium_version: "4.29" }
2025-02-27 23:52:54,337 - DEBUG - [selenium_manager.py:140] - Found chromedriver 133.0.6943.126 in PATH: /usr/bin/chromedriver
2025-02-27 23:52:54,337 - DEBUG - [selenium_manager.py:140] - chrome detected at /usr/bin/google-chrome
2025-02-27 23:52:54,337 - DEBUG - [selenium_manager.py:140] - Running command: /usr/bin/google-chrome --version
2025-02-27 23:52:54,337 - DEBUG - [selenium_manager.py:140] - Output: "Google Chrome 133.0.6943.126 "
2025-02-27 23:52:54,337 - DEBUG - [selenium_manager.py:140] - Detected browser: chrome 133.0.6943.126
2025-02-27 23:52:54,337 - DEBUG - [selenium_manager.py:140] - Discovering versions from https://googlechromelabs.github.io/chrome-for-testing/known-good-versions-with-downloads.json
2025-02-27 23:52:54,337 - DEBUG - [selenium_manager.py:140] - Required driver: chromedriver 133.0.6943.141
2025-02-27 23:52:54,337 - DEBUG - [selenium_manager.py:140] - Driver path: /usr/bin/chromedriver
2025-02-27 23:52:54,337 - DEBUG - [selenium_manager.py:140] - Browser path: /usr/bin/google-chrome
2025-02-27 23:52:54,338 - DEBUG - [service.py:230] - Started executable: `/usr/bin/chromedriver` in a child process with pid: 1973 using 0 to output -3
2025-02-27 23:52:54,411 - DEBUG - [remote_connection.py:403] - POST http://localhost:57957/session {'capabilities': {'firstMatch': [{}], 'alwaysMatch': {'browserName': 'chrome', 'pageLoadStrategy': <PageLoadStrategy.normal: 'normal'>, 'browserVersion': None, 'goog:chromeOptions': {'extensions': [], 'binary': '/usr/bin/google-chrome', 'args': ['--headless=new', '--no-sandbox', '--disable-dev-shm-usage', '--disable-gpu', '--window-size=1920,1080', '--user-agent=Mozilla/5.0 (Windows NT 10.0; Win64; x64) AppleWebKit/537.36 (KHTML, like Gecko) Chrome/91.0.4472.124 Safari/537.36']}}}}
2025-02-27 23:52:54,412 - DEBUG - [connectionpool.py:241] - Starting new HTTP connection (1): localhost:57957
2025-02-27 23:52:54,934 - DEBUG - [connectionpool.py:544] - http://localhost:57957 "POST /session HTTP/1.1" 200 0
2025-02-27 23:52:54,934 - DEBUG - [remote_connection.py:436] - Remote response: status=200 | data={"value":{"capabilities":{"acceptInsecureCerts":false,"browserName":"chrome","browserVersion":"133.0.6943.126","chrome":{"chromedriverVersion":"133.0.6943.126 (cffa127ce7b6be72885391527c15b452056a2e81-refs/branch-heads/6943@{#1570})","userDataDir":"/tmp/.org.chromium.Chromium.loFkSk"},"fedcm:accounts":true,"goog:chromeOptions":{"debuggerAddress":"localhost:36369"},"networkConnectionEnabled":false,"pageLoadStrategy":"normal","platformName":"linux","proxy":{},"setWindowRect":true,"strictFileInteractability":false,"timeouts":{"implicit":0,"pageLoad":300000,"script":30000},"unhandledPromptBehavior":"dismiss and notify","webauthn:extension:credBlob":true,"webauthn:extension:largeBlob":true,"webauthn:extension:minPinLength":true,"webauthn:extension:prf":true,"webauthn:virtualAuthenticators":true},"sessionId":"4e947137cab5bde8b79f7a2ac9740ac3"}} | headers=HTTPHeaderDict({'Content-Length': '850', 'Content-Type': 'application/json; charset=utf-8', 'cache-control': 'no-cache'})
2025-02-27 23:52:54,935 - DEBUG - [remote_connection.py:465] - Finished Request
2025-02-27 23:52:54,935 - DEBUG - [remote_connection.py:403] - POST http://localhost:57957/session/4e947137cab5bde8b79f7a2ac9740ac3/timeouts {'pageLoad': 30000}
2025-02-27 23:52:54,936 - DEBUG - [connectionpool.py:544] - http://localhost:57957 "POST /session/4e947137cab5bde8b79f7a2ac9740ac3/timeouts HTTP/1.1" 200 0
2025-02-27 23:52:54,936 - DEBUG - [remote_connection.py:436] - Remote response: status=200 | data={"value":null} | headers=HTTPHeaderDict({'Content-Length': '14', 'Content-Type': 'application/json; charset=utf-8', 'cache-control': 'no-cache'})
2025-02-27 23:52:54,936 - DEBUG - [remote_connection.py:465] - Finished Request
2025-02-27 23:52:54,936 - INFO - [simplex_nav_parser.py:50] - Loading URL: https://www.simplexasset.com/etf/eng/etf.html
2025-02-27 23:52:54,936 - DEBUG - [remote_connection.py:403] - POST http://localhost:57957/session/4e947137cab5bde8b79f7a2ac9740ac3/url {'url': 'https://www.simplexasset.com/etf/eng/etf.html'}
2025-02-27 23:52:57,006 - DEBUG - [connectionpool.py:544] - http://localhost:57957 "POST /session/4e947137cab5bde8b79f7a2ac9740ac3/url HTTP/1.1" 200 0
2025-02-27 23:52:57,006 - DEBUG - [remote_connection.py:436] - Remote response: status=200 | data={"value":null} | headers=HTTPHeaderDict({'Content-Length': '14', 'Content-Type': 'application/json; charset=utf-8', 'cache-control': 'no-cache'})
2025-02-27 23:52:57,006 - DEBUG - [remote_connection.py:465] - Finished Request
2025-02-27 23:52:57,006 - INFO - [simplex_nav_parser.py:54] - Waiting for page to load...
2025-02-27 23:53:02,008 - DEBUG - [remote_connection.py:403] - POST http://localhost:57957/session/4e947137cab5bde8b79f7a2ac9740ac3/element {'using': 'css selector', 'value': '.list-table'}
2025-02-27 23:53:02,017 - DEBUG - [connectionpool.py:544] - http://localhost:57957 "POST /session/4e947137cab5bde8b79f7a2ac9740ac3/element HTTP/1.1" 200 0
2025-02-27 23:53:02,017 - DEBUG - [remote_connection.py:436] - Remote response: status=200 | data={"value":{"element-6066-11e4-a52e-4f735466cecf":"f.3D0C9DA8EBB965E92570125E644E6690.d.A1DDF49FBC504E7CA38B6E4F86D57189.e.8"}} | headers=HTTPHeaderDict({'Content-Length': '125', 'Content-Type': 'application/json; charset=utf-8', 'cache-control': 'no-cache'})
2025-02-27 23:53:02,017 - DEBUG - [remote_connection.py:465] - Finished Request
2025-02-27 23:53:02,017 - INFO - [simplex_nav_parser.py:62] - Page loaded successfully
2025-02-27 23:53:02,018 - DEBUG - [remote_connection.py:403] - POST http://localhost:57957/session/4e947137cab5bde8b79f7a2ac9740ac3/element {'using': 'css selector', 'value': '[id="bDate"]'}
2025-02-27 23:53:02,027 - DEBUG - [connectionpool.py:544] - http://localhost:57957 "POST /session/4e947137cab5bde8b79f7a2ac9740ac3/element HTTP/1.1" 200 0
2025-02-27 23:53:02,027 - DEBUG - [remote_connection.py:436] - Remote response: status=200 | data={"value":{"element-6066-11e4-a52e-4f735466cecf":"f.3D0C9DA8EBB965E92570125E644E6690.d.A1DDF49FBC504E7CA38B6E4F86D57189.e.9"}} | headers=HTTPHeaderDict({'Content-Length': '125', 'Content-Type': 'application/json; charset=utf-8', 'cache-control': 'no-cache'})
2025-02-27 23:53:02,027 - DEBUG - [remote_connection.py:465] - Finished Request
2025-02-27 23:53:02,027 - DEBUG - [remote_connection.py:403] - GET http://localhost:57957/session/4e947137cab5bde8b79f7a2ac9740ac3/element/f.3D0C9DA8EBB965E92570125E644E6690.d.A1DDF49FBC504E7CA38B6E4F86D57189.e.9/text {}
2025-02-27 23:53:02,039 - DEBUG - [connectionpool.py:544] - http://localhost:57957 "GET /session/4e947137cab5bde8b79f7a2ac9740ac3/element/f.3D0C9DA8EBB965E92570125E644E6690.d.A1DDF49FBC504E7CA38B6E4F86D57189.e.9/text HTTP/1.1" 200 0
2025-02-27 23:53:02,039 - DEBUG - [remote_connection.py:436] - Remote response: status=200 | data={"value":"2025.2.27"} | headers=HTTPHeaderDict({'Content-Length': '21', 'Content-Type': 'application/json; charset=utf-8', 'cache-control': 'no-cache'})
2025-02-27 23:53:02,039 - DEBUG - [remote_connection.py:465] - Finished Request
2025-02-27 23:53:02,039 - INFO - [simplex_nav_parser.py:77] - Found fund date: 20250227
2025-02-27 23:53:02,039 - DEBUG - [remote_connection.py:403] - POST http://localhost:57957/session/4e947137cab5bde8b79f7a2ac9740ac3/element {'using': 'css selector', 'value': '[id="code_318A"]'}
2025-02-27 23:53:02,047 - DEBUG - [connectionpool.py:544] - http://localhost:57957 "POST /session/4e947137cab5bde8b79f7a2ac9740ac3/element HTTP/1.1" 200 0
2025-02-27 23:53:02,047 - DEBUG - [remote_connection.py:436] - Remote response: status=200 | data={"value":{"element-6066-11e4-a52e-4f735466cecf":"f.3D0C9DA8EBB965E92570125E644E6690.d.A1DDF49FBC504E7CA38B6E4F86D57189.e.10"}} | headers=HTTPHeaderDict({'Content-Length': '126', 'Content-Type': 'application/json; charset=utf-8', 'cache-control': 'no-cache'})
2025-02-27 23:53:02,047 - DEBUG - [remote_connection.py:465] - Finished Request
2025-02-27 23:53:02,047 - DEBUG - [remote_connection.py:403] - GET http://localhost:57957/session/4e947137cab5bde8b79f7a2ac9740ac3/element/f.3D0C9DA8EBB965E92570125E644E6690.d.A1DDF49FBC504E7CA38B6E4F86D57189.e.10/text {}
2025-02-27 23:53:02,053 - DEBUG - [connectionpool.py:544] - http://localhost:57957 "GET /session/4e947137cab5bde8b79f7a2ac9740ac3/element/f.3D0C9DA8EBB965E92570125E644E6690.d.A1DDF49FBC504E7CA38B6E4F86D57189.e.10/text HTTP/1.1" 200 0
2025-02-27 23:53:02,053 - DEBUG - [remote_connection.py:436] - Remote response: status=200 | data={"value":"872円"} | headers=HTTPHeaderDict({'Content-Length': '18', 'Content-Type': 'application/json; charset=utf-8', 'cache-control': 'no-cache'})
2025-02-27 23:53:02,053 - DEBUG - [remote_connection.py:465] - Finished Request
2025-02-27 23:53:02,053 - INFO - [simplex_nav_parser.py:95] - Found NAV element with text: '872円'
2025-02-27 23:53:02,053 - INFO - [simplex_nav_parser.py:102] - Extracted NAV value: 872.0
2025-02-27 23:53:02,053 - INFO - [simplex_nav_parser.py:224] - Final NAV data: {'timestamp': '202502272353', 'source': 'https://www.simplexasset.com/etf/eng/etf.html (browser rendered)', 'fund_date': '20250227', 'nav': 872.0, 'fund_code': '318A'}
2025-02-27 23:53:02,053 - DEBUG - [remote_connection.py:403] - DELETE http://localhost:57957/session/4e947137cab5bde8b79f7a2ac9740ac3 {}
2025-02-27 23:53:02,105 - DEBUG - [connectionpool.py:544] - http://localhost:57957 "DELETE /session/4e947137cab5bde8b79f7a2ac9740ac3 HTTP/1.1" 200 0
2025-02-27 23:53:02,105 - DEBUG - [remote_connection.py:436] - Remote response: status=200 | data={"value":null} | headers=HTTPHeaderDict({'Content-Length': '14', 'Content-Type': 'application/json; charset=utf-8', 'cache-control': 'no-cache'})
2025-02-27 23:53:02,105 - DEBUG - [remote_connection.py:465] - Finished Request
2025-02-27 23:53:02,114 - INFO - [simplex_nav_parser.py:231] - WebDriver closed successfully
2025-02-27 23:53:02,116 - INFO - [simplex_nav_parser.py:266] - Saved daily NAV data to data/nav_data_202502272353.csv
2025-02-27 23:53:02,118 - INFO - [simplex_nav_parser.py:297] - Created new master NAV data file data/nav_data_master.csv
2025-02-27 23:53:02,118 - INFO - [simplex_nav_parser.py:312] - Successfully saved NAV data to data/nav_data_202502272353.csv and data/nav_data_master.csv
2025-02-28 05:32:30,994 - INFO - [simplex_nav_parser.py:303] - Starting Simplex NAV data processing
2025-02-28 05:32:30,994 - INFO - [simplex_nav_parser.py:27] - Parsing NAV data using headless browser
2025-02-28 05:32:30,994 - INFO - [simplex_nav_parser.py:42] - Initializing Chrome WebDriver
2025-02-28 05:32:30,994 - DEBUG - [selenium_manager.py:101] - Selenium Manager binary found at: /opt/hostedtoolcache/Python/3.10.16/x64/lib/python3.10/site-packages/selenium/webdriver/common/linux/selenium-manager
2025-02-28 05:32:30,995 - DEBUG - [selenium_manager.py:114] - Executing process: /opt/hostedtoolcache/Python/3.10.16/x64/lib/python3.10/site-packages/selenium/webdriver/common/linux/selenium-manager --browser chrome --debug --language-binding python --output json
2025-02-28 05:32:35,154 - DEBUG - [selenium_manager.py:140] - Sending stats to Plausible: Props { browser: "chrome", browser_version: "", os: "linux", arch: "x86_64", lang: "python", selenium_version: "4.29" }
2025-02-28 05:32:35,154 - DEBUG - [selenium_manager.py:140] - Found chromedriver 133.0.6943.126 in PATH: /usr/bin/chromedriver
2025-02-28 05:32:35,154 - DEBUG - [selenium_manager.py:140] - chrome detected at /usr/bin/google-chrome
2025-02-28 05:32:35,154 - DEBUG - [selenium_manager.py:140] - Running command: /usr/bin/google-chrome --version
2025-02-28 05:32:35,154 - DEBUG - [selenium_manager.py:140] - Output: "Google Chrome 133.0.6943.126 "
2025-02-28 05:32:35,154 - DEBUG - [selenium_manager.py:140] - Detected browser: chrome 133.0.6943.126
2025-02-28 05:32:35,154 - DEBUG - [selenium_manager.py:140] - Discovering versions from https://googlechromelabs.github.io/chrome-for-testing/known-good-versions-with-downloads.json
2025-02-28 05:32:35,154 - DEBUG - [selenium_manager.py:140] - Required driver: chromedriver 133.0.6943.141
2025-02-28 05:32:35,154 - DEBUG - [selenium_manager.py:140] - Driver path: /usr/bin/chromedriver
2025-02-28 05:32:35,154 - DEBUG - [selenium_manager.py:140] - Browser path: /usr/bin/google-chrome
2025-02-28 05:32:35,156 - DEBUG - [service.py:230] - Started executable: `/usr/bin/chromedriver` in a child process with pid: 1969 using 0 to output -3
2025-02-28 05:32:35,972 - DEBUG - [remote_connection.py:403] - POST http://localhost:43901/session {'capabilities': {'firstMatch': [{}], 'alwaysMatch': {'browserName': 'chrome', 'pageLoadStrategy': <PageLoadStrategy.normal: 'normal'>, 'browserVersion': None, 'goog:chromeOptions': {'extensions': [], 'binary': '/usr/bin/google-chrome', 'args': ['--headless=new', '--no-sandbox', '--disable-dev-shm-usage', '--disable-gpu', '--window-size=1920,1080', '--user-agent=Mozilla/5.0 (Windows NT 10.0; Win64; x64) AppleWebKit/537.36 (KHTML, like Gecko) Chrome/91.0.4472.124 Safari/537.36']}}}}
2025-02-28 05:32:35,972 - DEBUG - [connectionpool.py:241] - Starting new HTTP connection (1): localhost:43901
2025-02-28 05:32:50,608 - DEBUG - [connectionpool.py:544] - http://localhost:43901 "POST /session HTTP/1.1" 200 0
2025-02-28 05:32:50,609 - DEBUG - [remote_connection.py:436] - Remote response: status=200 | data={"value":{"capabilities":{"acceptInsecureCerts":false,"browserName":"chrome","browserVersion":"133.0.6943.126","chrome":{"chromedriverVersion":"133.0.6943.126 (cffa127ce7b6be72885391527c15b452056a2e81-refs/branch-heads/6943@{#1570})","userDataDir":"/tmp/.org.chromium.Chromium.6QRysl"},"fedcm:accounts":true,"goog:chromeOptions":{"debuggerAddress":"localhost:34645"},"networkConnectionEnabled":false,"pageLoadStrategy":"normal","platformName":"linux","proxy":{},"setWindowRect":true,"strictFileInteractability":false,"timeouts":{"implicit":0,"pageLoad":300000,"script":30000},"unhandledPromptBehavior":"dismiss and notify","webauthn:extension:credBlob":true,"webauthn:extension:largeBlob":true,"webauthn:extension:minPinLength":true,"webauthn:extension:prf":true,"webauthn:virtualAuthenticators":true},"sessionId":"62babd3d414f63848013df338a66af41"}} | headers=HTTPHeaderDict({'Content-Length': '850', 'Content-Type': 'application/json; charset=utf-8', 'cache-control': 'no-cache'})
2025-02-28 05:32:50,609 - DEBUG - [remote_connection.py:465] - Finished Request
2025-02-28 05:32:50,609 - DEBUG - [remote_connection.py:403] - POST http://localhost:43901/session/62babd3d414f63848013df338a66af41/timeouts {'pageLoad': 30000}
2025-02-28 05:32:50,610 - DEBUG - [connectionpool.py:544] - http://localhost:43901 "POST /session/62babd3d414f63848013df338a66af41/timeouts HTTP/1.1" 200 0
2025-02-28 05:32:50,610 - DEBUG - [remote_connection.py:436] - Remote response: status=200 | data={"value":null} | headers=HTTPHeaderDict({'Content-Length': '14', 'Content-Type': 'application/json; charset=utf-8', 'cache-control': 'no-cache'})
2025-02-28 05:32:50,610 - DEBUG - [remote_connection.py:465] - Finished Request
2025-02-28 05:32:50,610 - INFO - [simplex_nav_parser.py:50] - Loading URL: https://www.simplexasset.com/etf/eng/etf.html
2025-02-28 05:32:50,610 - DEBUG - [remote_connection.py:403] - POST http://localhost:43901/session/62babd3d414f63848013df338a66af41/url {'url': 'https://www.simplexasset.com/etf/eng/etf.html'}
2025-02-28 05:32:53,429 - DEBUG - [connectionpool.py:544] - http://localhost:43901 "POST /session/62babd3d414f63848013df338a66af41/url HTTP/1.1" 200 0
2025-02-28 05:32:53,429 - DEBUG - [remote_connection.py:436] - Remote response: status=200 | data={"value":null} | headers=HTTPHeaderDict({'Content-Length': '14', 'Content-Type': 'application/json; charset=utf-8', 'cache-control': 'no-cache'})
2025-02-28 05:32:53,429 - DEBUG - [remote_connection.py:465] - Finished Request
2025-02-28 05:32:53,429 - INFO - [simplex_nav_parser.py:54] - Waiting for page to load...
2025-02-28 05:32:58,435 - DEBUG - [remote_connection.py:403] - POST http://localhost:43901/session/62babd3d414f63848013df338a66af41/element {'using': 'css selector', 'value': '.list-table'}
2025-02-28 05:32:58,631 - DEBUG - [connectionpool.py:544] - http://localhost:43901 "POST /session/62babd3d414f63848013df338a66af41/element HTTP/1.1" 200 0
2025-02-28 05:32:58,631 - DEBUG - [remote_connection.py:436] - Remote response: status=200 | data={"value":{"element-6066-11e4-a52e-4f735466cecf":"f.8C11EC2057A7AC2652259D38EC0FDEBA.d.D586E6C10BEE2ED7F9A9001B5B1ED192.e.46"}} | headers=HTTPHeaderDict({'Content-Length': '126', 'Content-Type': 'application/json; charset=utf-8', 'cache-control': 'no-cache'})
2025-02-28 05:32:58,631 - DEBUG - [remote_connection.py:465] - Finished Request
2025-02-28 05:32:58,631 - INFO - [simplex_nav_parser.py:62] - Page loaded successfully
2025-02-28 05:32:58,631 - DEBUG - [remote_connection.py:403] - POST http://localhost:43901/session/62babd3d414f63848013df338a66af41/element {'using': 'css selector', 'value': '[id="bDate"]'}
2025-02-28 05:32:58,900 - DEBUG - [connectionpool.py:544] - http://localhost:43901 "POST /session/62babd3d414f63848013df338a66af41/element HTTP/1.1" 200 0
2025-02-28 05:32:58,900 - DEBUG - [remote_connection.py:436] - Remote response: status=200 | data={"value":{"element-6066-11e4-a52e-4f735466cecf":"f.8C11EC2057A7AC2652259D38EC0FDEBA.d.D586E6C10BEE2ED7F9A9001B5B1ED192.e.47"}} | headers=HTTPHeaderDict({'Content-Length': '126', 'Content-Type': 'application/json; charset=utf-8', 'cache-control': 'no-cache'})
2025-02-28 05:32:58,901 - DEBUG - [remote_connection.py:465] - Finished Request
2025-02-28 05:32:58,901 - DEBUG - [remote_connection.py:403] - GET http://localhost:43901/session/62babd3d414f63848013df338a66af41/element/f.8C11EC2057A7AC2652259D38EC0FDEBA.d.D586E6C10BEE2ED7F9A9001B5B1ED192.e.47/text {}
2025-02-28 05:32:58,952 - DEBUG - [connectionpool.py:544] - http://localhost:43901 "GET /session/62babd3d414f63848013df338a66af41/element/f.8C11EC2057A7AC2652259D38EC0FDEBA.d.D586E6C10BEE2ED7F9A9001B5B1ED192.e.47/text HTTP/1.1" 200 0
2025-02-28 05:32:58,952 - DEBUG - [remote_connection.py:436] - Remote response: status=200 | data={"value":"2025.2.27"} | headers=HTTPHeaderDict({'Content-Length': '21', 'Content-Type': 'application/json; charset=utf-8', 'cache-control': 'no-cache'})
2025-02-28 05:32:58,952 - DEBUG - [remote_connection.py:465] - Finished Request
2025-02-28 05:32:58,952 - INFO - [simplex_nav_parser.py:77] - Found fund date: 20250227
2025-02-28 05:32:58,952 - DEBUG - [remote_connection.py:403] - POST http://localhost:43901/session/62babd3d414f63848013df338a66af41/element {'using': 'css selector', 'value': '[id="code_318A"]'}
2025-02-28 05:32:58,960 - DEBUG - [connectionpool.py:544] - http://localhost:43901 "POST /session/62babd3d414f63848013df338a66af41/element HTTP/1.1" 200 0
2025-02-28 05:32:58,960 - DEBUG - [remote_connection.py:436] - Remote response: status=200 | data={"value":{"element-6066-11e4-a52e-4f735466cecf":"f.8C11EC2057A7AC2652259D38EC0FDEBA.d.D586E6C10BEE2ED7F9A9001B5B1ED192.e.48"}} | headers=HTTPHeaderDict({'Content-Length': '126', 'Content-Type': 'application/json; charset=utf-8', 'cache-control': 'no-cache'})
2025-02-28 05:32:58,960 - DEBUG - [remote_connection.py:465] - Finished Request
2025-02-28 05:32:58,960 - DEBUG - [remote_connection.py:403] - GET http://localhost:43901/session/62babd3d414f63848013df338a66af41/element/f.8C11EC2057A7AC2652259D38EC0FDEBA.d.D586E6C10BEE2ED7F9A9001B5B1ED192.e.48/text {}
2025-02-28 05:32:58,966 - DEBUG - [connectionpool.py:544] - http://localhost:43901 "GET /session/62babd3d414f63848013df338a66af41/element/f.8C11EC2057A7AC2652259D38EC0FDEBA.d.D586E6C10BEE2ED7F9A9001B5B1ED192.e.48/text HTTP/1.1" 200 0
2025-02-28 05:32:58,966 - DEBUG - [remote_connection.py:436] - Remote response: status=200 | data={"value":"872円"} | headers=HTTPHeaderDict({'Content-Length': '18', 'Content-Type': 'application/json; charset=utf-8', 'cache-control': 'no-cache'})
2025-02-28 05:32:58,966 - DEBUG - [remote_connection.py:465] - Finished Request
2025-02-28 05:32:58,966 - INFO - [simplex_nav_parser.py:95] - Found NAV element with text: '872円'
2025-02-28 05:32:58,966 - INFO - [simplex_nav_parser.py:102] - Extracted NAV value: 872.0
2025-02-28 05:32:58,966 - INFO - [simplex_nav_parser.py:224] - Final NAV data: {'timestamp': '202502280532', 'source': 'https://www.simplexasset.com/etf/eng/etf.html (browser rendered)', 'fund_date': '20250227', 'nav': 872.0, 'fund_code': '318A'}
2025-02-28 05:32:58,966 - DEBUG - [remote_connection.py:403] - DELETE http://localhost:43901/session/62babd3d414f63848013df338a66af41 {}
2025-02-28 05:32:59,018 - DEBUG - [connectionpool.py:544] - http://localhost:43901 "DELETE /session/62babd3d414f63848013df338a66af41 HTTP/1.1" 200 0
2025-02-28 05:32:59,018 - DEBUG - [remote_connection.py:436] - Remote response: status=200 | data={"value":null} | headers=HTTPHeaderDict({'Content-Length': '14', 'Content-Type': 'application/json; charset=utf-8', 'cache-control': 'no-cache'})
2025-02-28 05:32:59,018 - DEBUG - [remote_connection.py:465] - Finished Request
2025-02-28 05:32:59,044 - INFO - [simplex_nav_parser.py:231] - WebDriver closed successfully
2025-02-28 05:32:59,046 - INFO - [simplex_nav_parser.py:266] - Saved daily NAV data to data/nav_data_202502280532.csv
2025-02-28 05:32:59,049 - INFO - [simplex_nav_parser.py:288] - Updated master NAV data file data/nav_data_master.csv
2025-02-28 05:32:59,049 - INFO - [simplex_nav_parser.py:312] - Successfully saved NAV data to data/nav_data_202502280532.csv and data/nav_data_master.csv
2025-02-28 05:48:39,447 - INFO - [simplex_nav_parser.py:303] - Starting Simplex NAV data processing
2025-02-28 05:48:39,447 - INFO - [simplex_nav_parser.py:27] - Parsing NAV data using headless browser
2025-02-28 05:48:39,447 - INFO - [simplex_nav_parser.py:42] - Initializing Chrome WebDriver
2025-02-28 05:48:39,447 - DEBUG - [selenium_manager.py:101] - Selenium Manager binary found at: /opt/hostedtoolcache/Python/3.10.16/x64/lib/python3.10/site-packages/selenium/webdriver/common/linux/selenium-manager
2025-02-28 05:48:39,448 - DEBUG - [selenium_manager.py:114] - Executing process: /opt/hostedtoolcache/Python/3.10.16/x64/lib/python3.10/site-packages/selenium/webdriver/common/linux/selenium-manager --browser chrome --debug --language-binding python --output json
2025-02-28 05:48:39,651 - DEBUG - [selenium_manager.py:140] - Sending stats to Plausible: Props { browser: "chrome", browser_version: "", os: "linux", arch: "x86_64", lang: "python", selenium_version: "4.29" }
2025-02-28 05:48:39,651 - DEBUG - [selenium_manager.py:140] - Found chromedriver 133.0.6943.126 in PATH: /usr/bin/chromedriver
2025-02-28 05:48:39,651 - DEBUG - [selenium_manager.py:140] - chrome detected at /usr/bin/google-chrome
2025-02-28 05:48:39,651 - DEBUG - [selenium_manager.py:140] - Running command: /usr/bin/google-chrome --version
2025-02-28 05:48:39,651 - DEBUG - [selenium_manager.py:140] - Output: "Google Chrome 133.0.6943.126 "
2025-02-28 05:48:39,651 - DEBUG - [selenium_manager.py:140] - Detected browser: chrome 133.0.6943.126
2025-02-28 05:48:39,651 - DEBUG - [selenium_manager.py:140] - Discovering versions from https://googlechromelabs.github.io/chrome-for-testing/known-good-versions-with-downloads.json
2025-02-28 05:48:39,651 - DEBUG - [selenium_manager.py:140] - Required driver: chromedriver 133.0.6943.141
2025-02-28 05:48:39,651 - DEBUG - [selenium_manager.py:140] - Driver path: /usr/bin/chromedriver
2025-02-28 05:48:39,651 - DEBUG - [selenium_manager.py:140] - Browser path: /usr/bin/google-chrome
2025-02-28 05:48:39,652 - DEBUG - [service.py:230] - Started executable: `/usr/bin/chromedriver` in a child process with pid: 1969 using 0 to output -3
2025-02-28 05:48:39,726 - DEBUG - [remote_connection.py:403] - POST http://localhost:57595/session {'capabilities': {'firstMatch': [{}], 'alwaysMatch': {'browserName': 'chrome', 'pageLoadStrategy': <PageLoadStrategy.normal: 'normal'>, 'browserVersion': None, 'goog:chromeOptions': {'extensions': [], 'binary': '/usr/bin/google-chrome', 'args': ['--headless=new', '--no-sandbox', '--disable-dev-shm-usage', '--disable-gpu', '--window-size=1920,1080', '--user-agent=Mozilla/5.0 (Windows NT 10.0; Win64; x64) AppleWebKit/537.36 (KHTML, like Gecko) Chrome/91.0.4472.124 Safari/537.36']}}}}
2025-02-28 05:48:39,726 - DEBUG - [connectionpool.py:241] - Starting new HTTP connection (1): localhost:57595
2025-02-28 05:48:40,269 - DEBUG - [connectionpool.py:544] - http://localhost:57595 "POST /session HTTP/1.1" 200 0
2025-02-28 05:48:40,269 - DEBUG - [remote_connection.py:436] - Remote response: status=200 | data={"value":{"capabilities":{"acceptInsecureCerts":false,"browserName":"chrome","browserVersion":"133.0.6943.126","chrome":{"chromedriverVersion":"133.0.6943.126 (cffa127ce7b6be72885391527c15b452056a2e81-refs/branch-heads/6943@{#1570})","userDataDir":"/tmp/.org.chromium.Chromium.CQTxA2"},"fedcm:accounts":true,"goog:chromeOptions":{"debuggerAddress":"localhost:38911"},"networkConnectionEnabled":false,"pageLoadStrategy":"normal","platformName":"linux","proxy":{},"setWindowRect":true,"strictFileInteractability":false,"timeouts":{"implicit":0,"pageLoad":300000,"script":30000},"unhandledPromptBehavior":"dismiss and notify","webauthn:extension:credBlob":true,"webauthn:extension:largeBlob":true,"webauthn:extension:minPinLength":true,"webauthn:extension:prf":true,"webauthn:virtualAuthenticators":true},"sessionId":"352e35cd569e1637974f89712636021b"}} | headers=HTTPHeaderDict({'Content-Length': '850', 'Content-Type': 'application/json; charset=utf-8', 'cache-control': 'no-cache'})
2025-02-28 05:48:40,269 - DEBUG - [remote_connection.py:465] - Finished Request
2025-02-28 05:48:40,269 - DEBUG - [remote_connection.py:403] - POST http://localhost:57595/session/352e35cd569e1637974f89712636021b/timeouts {'pageLoad': 30000}
2025-02-28 05:48:40,270 - DEBUG - [connectionpool.py:544] - http://localhost:57595 "POST /session/352e35cd569e1637974f89712636021b/timeouts HTTP/1.1" 200 0
2025-02-28 05:48:40,270 - DEBUG - [remote_connection.py:436] - Remote response: status=200 | data={"value":null} | headers=HTTPHeaderDict({'Content-Length': '14', 'Content-Type': 'application/json; charset=utf-8', 'cache-control': 'no-cache'})
2025-02-28 05:48:40,270 - DEBUG - [remote_connection.py:465] - Finished Request
2025-02-28 05:48:40,270 - INFO - [simplex_nav_parser.py:50] - Loading URL: https://www.simplexasset.com/etf/eng/etf.html
2025-02-28 05:48:40,270 - DEBUG - [remote_connection.py:403] - POST http://localhost:57595/session/352e35cd569e1637974f89712636021b/url {'url': 'https://www.simplexasset.com/etf/eng/etf.html'}
2025-02-28 05:48:41,864 - DEBUG - [connectionpool.py:544] - http://localhost:57595 "POST /session/352e35cd569e1637974f89712636021b/url HTTP/1.1" 200 0
2025-02-28 05:48:41,865 - DEBUG - [remote_connection.py:436] - Remote response: status=200 | data={"value":null} | headers=HTTPHeaderDict({'Content-Length': '14', 'Content-Type': 'application/json; charset=utf-8', 'cache-control': 'no-cache'})
2025-02-28 05:48:41,865 - DEBUG - [remote_connection.py:465] - Finished Request
2025-02-28 05:48:41,865 - INFO - [simplex_nav_parser.py:54] - Waiting for page to load...
2025-02-28 05:48:46,870 - DEBUG - [remote_connection.py:403] - POST http://localhost:57595/session/352e35cd569e1637974f89712636021b/element {'using': 'css selector', 'value': '.list-table'}
2025-02-28 05:48:46,879 - DEBUG - [connectionpool.py:544] - http://localhost:57595 "POST /session/352e35cd569e1637974f89712636021b/element HTTP/1.1" 200 0
2025-02-28 05:48:46,879 - DEBUG - [remote_connection.py:436] - Remote response: status=200 | data={"value":{"element-6066-11e4-a52e-4f735466cecf":"f.E47CB23940D4C29CA237F78CDEED3DFC.d.8D9C2C6CF6C86C04FD83E75E5117EB64.e.17"}} | headers=HTTPHeaderDict({'Content-Length': '126', 'Content-Type': 'application/json; charset=utf-8', 'cache-control': 'no-cache'})
2025-02-28 05:48:46,879 - DEBUG - [remote_connection.py:465] - Finished Request
2025-02-28 05:48:46,879 - INFO - [simplex_nav_parser.py:62] - Page loaded successfully
2025-02-28 05:48:46,880 - DEBUG - [remote_connection.py:403] - POST http://localhost:57595/session/352e35cd569e1637974f89712636021b/element {'using': 'css selector', 'value': '[id="bDate"]'}
2025-02-28 05:48:46,889 - DEBUG - [connectionpool.py:544] - http://localhost:57595 "POST /session/352e35cd569e1637974f89712636021b/element HTTP/1.1" 200 0
2025-02-28 05:48:46,889 - DEBUG - [remote_connection.py:436] - Remote response: status=200 | data={"value":{"element-6066-11e4-a52e-4f735466cecf":"f.E47CB23940D4C29CA237F78CDEED3DFC.d.8D9C2C6CF6C86C04FD83E75E5117EB64.e.18"}} | headers=HTTPHeaderDict({'Content-Length': '126', 'Content-Type': 'application/json; charset=utf-8', 'cache-control': 'no-cache'})
2025-02-28 05:48:46,889 - DEBUG - [remote_connection.py:465] - Finished Request
2025-02-28 05:48:46,889 - DEBUG - [remote_connection.py:403] - GET http://localhost:57595/session/352e35cd569e1637974f89712636021b/element/f.E47CB23940D4C29CA237F78CDEED3DFC.d.8D9C2C6CF6C86C04FD83E75E5117EB64.e.18/text {}
2025-02-28 05:48:46,900 - DEBUG - [connectionpool.py:544] - http://localhost:57595 "GET /session/352e35cd569e1637974f89712636021b/element/f.E47CB23940D4C29CA237F78CDEED3DFC.d.8D9C2C6CF6C86C04FD83E75E5117EB64.e.18/text HTTP/1.1" 200 0
2025-02-28 05:48:46,900 - DEBUG - [remote_connection.py:436] - Remote response: status=200 | data={"value":"2025.2.27"} | headers=HTTPHeaderDict({'Content-Length': '21', 'Content-Type': 'application/json; charset=utf-8', 'cache-control': 'no-cache'})
2025-02-28 05:48:46,901 - DEBUG - [remote_connection.py:465] - Finished Request
2025-02-28 05:48:46,901 - INFO - [simplex_nav_parser.py:77] - Found fund date: 20250227
2025-02-28 05:48:46,901 - DEBUG - [remote_connection.py:403] - POST http://localhost:57595/session/352e35cd569e1637974f89712636021b/element {'using': 'css selector', 'value': '[id="code_318A"]'}
2025-02-28 05:48:46,908 - DEBUG - [connectionpool.py:544] - http://localhost:57595 "POST /session/352e35cd569e1637974f89712636021b/element HTTP/1.1" 200 0
2025-02-28 05:48:46,908 - DEBUG - [remote_connection.py:436] - Remote response: status=200 | data={"value":{"element-6066-11e4-a52e-4f735466cecf":"f.E47CB23940D4C29CA237F78CDEED3DFC.d.8D9C2C6CF6C86C04FD83E75E5117EB64.e.19"}} | headers=HTTPHeaderDict({'Content-Length': '126', 'Content-Type': 'application/json; charset=utf-8', 'cache-control': 'no-cache'})
2025-02-28 05:48:46,908 - DEBUG - [remote_connection.py:465] - Finished Request
2025-02-28 05:48:46,908 - DEBUG - [remote_connection.py:403] - GET http://localhost:57595/session/352e35cd569e1637974f89712636021b/element/f.E47CB23940D4C29CA237F78CDEED3DFC.d.8D9C2C6CF6C86C04FD83E75E5117EB64.e.19/text {}
2025-02-28 05:48:46,914 - DEBUG - [connectionpool.py:544] - http://localhost:57595 "GET /session/352e35cd569e1637974f89712636021b/element/f.E47CB23940D4C29CA237F78CDEED3DFC.d.8D9C2C6CF6C86C04FD83E75E5117EB64.e.19/text HTTP/1.1" 200 0
2025-02-28 05:48:46,914 - DEBUG - [remote_connection.py:436] - Remote response: status=200 | data={"value":"872円"} | headers=HTTPHeaderDict({'Content-Length': '18', 'Content-Type': 'application/json; charset=utf-8', 'cache-control': 'no-cache'})
2025-02-28 05:48:46,914 - DEBUG - [remote_connection.py:465] - Finished Request
2025-02-28 05:48:46,914 - INFO - [simplex_nav_parser.py:95] - Found NAV element with text: '872円'
2025-02-28 05:48:46,914 - INFO - [simplex_nav_parser.py:102] - Extracted NAV value: 872.0
2025-02-28 05:48:46,915 - INFO - [simplex_nav_parser.py:224] - Final NAV data: {'timestamp': '202502280548', 'source': 'https://www.simplexasset.com/etf/eng/etf.html (browser rendered)', 'fund_date': '20250227', 'nav': 872.0, 'fund_code': '318A'}
2025-02-28 05:48:46,915 - DEBUG - [remote_connection.py:403] - DELETE http://localhost:57595/session/352e35cd569e1637974f89712636021b {}
2025-02-28 05:48:46,966 - DEBUG - [connectionpool.py:544] - http://localhost:57595 "DELETE /session/352e35cd569e1637974f89712636021b HTTP/1.1" 200 0
2025-02-28 05:48:46,966 - DEBUG - [remote_connection.py:436] - Remote response: status=200 | data={"value":null} | headers=HTTPHeaderDict({'Content-Length': '14', 'Content-Type': 'application/json; charset=utf-8', 'cache-control': 'no-cache'})
2025-02-28 05:48:46,966 - DEBUG - [remote_connection.py:465] - Finished Request
2025-02-28 05:48:46,974 - INFO - [simplex_nav_parser.py:231] - WebDriver closed successfully
2025-02-28 05:48:46,977 - INFO - [simplex_nav_parser.py:266] - Saved daily NAV data to data/nav_data_202502280548.csv
2025-02-28 05:48:46,980 - INFO - [simplex_nav_parser.py:288] - Updated master NAV data file data/nav_data_master.csv
2025-02-28 05:48:46,980 - INFO - [simplex_nav_parser.py:312] - Successfully saved NAV data to data/nav_data_202502280548.csv and data/nav_data_master.csv
2025-02-28 05:56:26,497 - INFO - [simplex_nav_parser.py:303] - Starting Simplex NAV data processing
2025-02-28 05:56:26,497 - INFO - [simplex_nav_parser.py:27] - Parsing NAV data using headless browser
2025-02-28 05:56:26,497 - INFO - [simplex_nav_parser.py:42] - Initializing Chrome WebDriver
2025-02-28 05:56:26,498 - DEBUG - [selenium_manager.py:101] - Selenium Manager binary found at: /opt/hostedtoolcache/Python/3.10.16/x64/lib/python3.10/site-packages/selenium/webdriver/common/linux/selenium-manager
2025-02-28 05:56:26,498 - DEBUG - [selenium_manager.py:114] - Executing process: /opt/hostedtoolcache/Python/3.10.16/x64/lib/python3.10/site-packages/selenium/webdriver/common/linux/selenium-manager --browser chrome --debug --language-binding python --output json
2025-02-28 05:56:26,852 - DEBUG - [selenium_manager.py:140] - Sending stats to Plausible: Props { browser: "chrome", browser_version: "", os: "linux", arch: "x86_64", lang: "python", selenium_version: "4.29" }
2025-02-28 05:56:26,852 - DEBUG - [selenium_manager.py:140] - Found chromedriver 133.0.6943.126 in PATH: /usr/bin/chromedriver
2025-02-28 05:56:26,852 - DEBUG - [selenium_manager.py:140] - chrome detected at /usr/bin/google-chrome
2025-02-28 05:56:26,852 - DEBUG - [selenium_manager.py:140] - Running command: /usr/bin/google-chrome --version
2025-02-28 05:56:26,852 - DEBUG - [selenium_manager.py:140] - Output: "Google Chrome 133.0.6943.126 "
2025-02-28 05:56:26,852 - DEBUG - [selenium_manager.py:140] - Detected browser: chrome 133.0.6943.126
2025-02-28 05:56:26,852 - DEBUG - [selenium_manager.py:140] - Discovering versions from https://googlechromelabs.github.io/chrome-for-testing/known-good-versions-with-downloads.json
2025-02-28 05:56:26,852 - DEBUG - [selenium_manager.py:140] - Required driver: chromedriver 133.0.6943.141
2025-02-28 05:56:26,852 - DEBUG - [selenium_manager.py:140] - Driver path: /usr/bin/chromedriver
2025-02-28 05:56:26,852 - DEBUG - [selenium_manager.py:140] - Browser path: /usr/bin/google-chrome
2025-02-28 05:56:26,854 - DEBUG - [service.py:230] - Started executable: `/usr/bin/chromedriver` in a child process with pid: 1970 using 0 to output -3
2025-02-28 05:56:27,198 - DEBUG - [remote_connection.py:403] - POST http://localhost:49877/session {'capabilities': {'firstMatch': [{}], 'alwaysMatch': {'browserName': 'chrome', 'pageLoadStrategy': <PageLoadStrategy.normal: 'normal'>, 'browserVersion': None, 'goog:chromeOptions': {'extensions': [], 'binary': '/usr/bin/google-chrome', 'args': ['--headless=new', '--no-sandbox', '--disable-dev-shm-usage', '--disable-gpu', '--window-size=1920,1080', '--user-agent=Mozilla/5.0 (Windows NT 10.0; Win64; x64) AppleWebKit/537.36 (KHTML, like Gecko) Chrome/91.0.4472.124 Safari/537.36']}}}}
2025-02-28 05:56:27,199 - DEBUG - [connectionpool.py:241] - Starting new HTTP connection (1): localhost:49877
2025-02-28 05:56:27,794 - DEBUG - [connectionpool.py:544] - http://localhost:49877 "POST /session HTTP/1.1" 200 0
2025-02-28 05:56:27,794 - DEBUG - [remote_connection.py:436] - Remote response: status=200 | data={"value":{"capabilities":{"acceptInsecureCerts":false,"browserName":"chrome","browserVersion":"133.0.6943.126","chrome":{"chromedriverVersion":"133.0.6943.126 (cffa127ce7b6be72885391527c15b452056a2e81-refs/branch-heads/6943@{#1570})","userDataDir":"/tmp/.org.chromium.Chromium.JsFMIR"},"fedcm:accounts":true,"goog:chromeOptions":{"debuggerAddress":"localhost:46703"},"networkConnectionEnabled":false,"pageLoadStrategy":"normal","platformName":"linux","proxy":{},"setWindowRect":true,"strictFileInteractability":false,"timeouts":{"implicit":0,"pageLoad":300000,"script":30000},"unhandledPromptBehavior":"dismiss and notify","webauthn:extension:credBlob":true,"webauthn:extension:largeBlob":true,"webauthn:extension:minPinLength":true,"webauthn:extension:prf":true,"webauthn:virtualAuthenticators":true},"sessionId":"e05287b945e3f3e5aa0014f136391beb"}} | headers=HTTPHeaderDict({'Content-Length': '850', 'Content-Type': 'application/json; charset=utf-8', 'cache-control': 'no-cache'})
2025-02-28 05:56:27,794 - DEBUG - [remote_connection.py:465] - Finished Request
2025-02-28 05:56:27,794 - DEBUG - [remote_connection.py:403] - POST http://localhost:49877/session/e05287b945e3f3e5aa0014f136391beb/timeouts {'pageLoad': 30000}
2025-02-28 05:56:27,795 - DEBUG - [connectionpool.py:544] - http://localhost:49877 "POST /session/e05287b945e3f3e5aa0014f136391beb/timeouts HTTP/1.1" 200 0
2025-02-28 05:56:27,796 - DEBUG - [remote_connection.py:436] - Remote response: status=200 | data={"value":null} | headers=HTTPHeaderDict({'Content-Length': '14', 'Content-Type': 'application/json; charset=utf-8', 'cache-control': 'no-cache'})
2025-02-28 05:56:27,796 - DEBUG - [remote_connection.py:465] - Finished Request
2025-02-28 05:56:27,796 - INFO - [simplex_nav_parser.py:50] - Loading URL: https://www.simplexasset.com/etf/eng/etf.html
2025-02-28 05:56:27,796 - DEBUG - [remote_connection.py:403] - POST http://localhost:49877/session/e05287b945e3f3e5aa0014f136391beb/url {'url': 'https://www.simplexasset.com/etf/eng/etf.html'}
2025-02-28 05:56:29,408 - DEBUG - [connectionpool.py:544] - http://localhost:49877 "POST /session/e05287b945e3f3e5aa0014f136391beb/url HTTP/1.1" 200 0
2025-02-28 05:56:29,409 - DEBUG - [remote_connection.py:436] - Remote response: status=200 | data={"value":null} | headers=HTTPHeaderDict({'Content-Length': '14', 'Content-Type': 'application/json; charset=utf-8', 'cache-control': 'no-cache'})
2025-02-28 05:56:29,409 - DEBUG - [remote_connection.py:465] - Finished Request
2025-02-28 05:56:29,409 - INFO - [simplex_nav_parser.py:54] - Waiting for page to load...
2025-02-28 05:56:34,414 - DEBUG - [remote_connection.py:403] - POST http://localhost:49877/session/e05287b945e3f3e5aa0014f136391beb/element {'using': 'css selector', 'value': '.list-table'}
2025-02-28 05:56:34,424 - DEBUG - [connectionpool.py:544] - http://localhost:49877 "POST /session/e05287b945e3f3e5aa0014f136391beb/element HTTP/1.1" 200 0
2025-02-28 05:56:34,424 - DEBUG - [remote_connection.py:436] - Remote response: status=200 | data={"value":{"element-6066-11e4-a52e-4f735466cecf":"f.6E59D1E69A357657A7D89C811CEAB520.d.1E3DA23973CC2825A07EA7DAACE1396B.e.16"}} | headers=HTTPHeaderDict({'Content-Length': '126', 'Content-Type': 'application/json; charset=utf-8', 'cache-control': 'no-cache'})
2025-02-28 05:56:34,424 - DEBUG - [remote_connection.py:465] - Finished Request
2025-02-28 05:56:34,424 - INFO - [simplex_nav_parser.py:62] - Page loaded successfully
2025-02-28 05:56:34,424 - DEBUG - [remote_connection.py:403] - POST http://localhost:49877/session/e05287b945e3f3e5aa0014f136391beb/element {'using': 'css selector', 'value': '[id="bDate"]'}
2025-02-28 05:56:34,434 - DEBUG - [connectionpool.py:544] - http://localhost:49877 "POST /session/e05287b945e3f3e5aa0014f136391beb/element HTTP/1.1" 200 0
2025-02-28 05:56:34,435 - DEBUG - [remote_connection.py:436] - Remote response: status=200 | data={"value":{"element-6066-11e4-a52e-4f735466cecf":"f.6E59D1E69A357657A7D89C811CEAB520.d.1E3DA23973CC2825A07EA7DAACE1396B.e.17"}} | headers=HTTPHeaderDict({'Content-Length': '126', 'Content-Type': 'application/json; charset=utf-8', 'cache-control': 'no-cache'})
2025-02-28 05:56:34,435 - DEBUG - [remote_connection.py:465] - Finished Request
2025-02-28 05:56:34,435 - DEBUG - [remote_connection.py:403] - GET http://localhost:49877/session/e05287b945e3f3e5aa0014f136391beb/element/f.6E59D1E69A357657A7D89C811CEAB520.d.1E3DA23973CC2825A07EA7DAACE1396B.e.17/text {}
2025-02-28 05:56:34,447 - DEBUG - [connectionpool.py:544] - http://localhost:49877 "GET /session/e05287b945e3f3e5aa0014f136391beb/element/f.6E59D1E69A357657A7D89C811CEAB520.d.1E3DA23973CC2825A07EA7DAACE1396B.e.17/text HTTP/1.1" 200 0
2025-02-28 05:56:34,447 - DEBUG - [remote_connection.py:436] - Remote response: status=200 | data={"value":"2025.2.27"} | headers=HTTPHeaderDict({'Content-Length': '21', 'Content-Type': 'application/json; charset=utf-8', 'cache-control': 'no-cache'})
2025-02-28 05:56:34,447 - DEBUG - [remote_connection.py:465] - Finished Request
2025-02-28 05:56:34,447 - INFO - [simplex_nav_parser.py:77] - Found fund date: 20250227
2025-02-28 05:56:34,448 - DEBUG - [remote_connection.py:403] - POST http://localhost:49877/session/e05287b945e3f3e5aa0014f136391beb/element {'using': 'css selector', 'value': '[id="code_318A"]'}
2025-02-28 05:56:34,456 - DEBUG - [connectionpool.py:544] - http://localhost:49877 "POST /session/e05287b945e3f3e5aa0014f136391beb/element HTTP/1.1" 200 0
2025-02-28 05:56:34,456 - DEBUG - [remote_connection.py:436] - Remote response: status=200 | data={"value":{"element-6066-11e4-a52e-4f735466cecf":"f.6E59D1E69A357657A7D89C811CEAB520.d.1E3DA23973CC2825A07EA7DAACE1396B.e.18"}} | headers=HTTPHeaderDict({'Content-Length': '126', 'Content-Type': 'application/json; charset=utf-8', 'cache-control': 'no-cache'})
2025-02-28 05:56:34,456 - DEBUG - [remote_connection.py:465] - Finished Request
2025-02-28 05:56:34,456 - DEBUG - [remote_connection.py:403] - GET http://localhost:49877/session/e05287b945e3f3e5aa0014f136391beb/element/f.6E59D1E69A357657A7D89C811CEAB520.d.1E3DA23973CC2825A07EA7DAACE1396B.e.18/text {}
2025-02-28 05:56:34,463 - DEBUG - [connectionpool.py:544] - http://localhost:49877 "GET /session/e05287b945e3f3e5aa0014f136391beb/element/f.6E59D1E69A357657A7D89C811CEAB520.d.1E3DA23973CC2825A07EA7DAACE1396B.e.18/text HTTP/1.1" 200 0
2025-02-28 05:56:34,463 - DEBUG - [remote_connection.py:436] - Remote response: status=200 | data={"value":"872円"} | headers=HTTPHeaderDict({'Content-Length': '18', 'Content-Type': 'application/json; charset=utf-8', 'cache-control': 'no-cache'})
2025-02-28 05:56:34,463 - DEBUG - [remote_connection.py:465] - Finished Request
2025-02-28 05:56:34,463 - INFO - [simplex_nav_parser.py:95] - Found NAV element with text: '872円'
2025-02-28 05:56:34,463 - INFO - [simplex_nav_parser.py:102] - Extracted NAV value: 872.0
2025-02-28 05:56:34,463 - INFO - [simplex_nav_parser.py:224] - Final NAV data: {'timestamp': '202502280556', 'source': 'https://www.simplexasset.com/etf/eng/etf.html (browser rendered)', 'fund_date': '20250227', 'nav': 872.0, 'fund_code': '318A'}
2025-02-28 05:56:34,464 - DEBUG - [remote_connection.py:403] - DELETE http://localhost:49877/session/e05287b945e3f3e5aa0014f136391beb {}
2025-02-28 05:56:34,515 - DEBUG - [connectionpool.py:544] - http://localhost:49877 "DELETE /session/e05287b945e3f3e5aa0014f136391beb HTTP/1.1" 200 0
2025-02-28 05:56:34,515 - DEBUG - [remote_connection.py:436] - Remote response: status=200 | data={"value":null} | headers=HTTPHeaderDict({'Content-Length': '14', 'Content-Type': 'application/json; charset=utf-8', 'cache-control': 'no-cache'})
2025-02-28 05:56:34,515 - DEBUG - [remote_connection.py:465] - Finished Request
2025-02-28 05:56:34,525 - INFO - [simplex_nav_parser.py:231] - WebDriver closed successfully
2025-02-28 05:56:34,527 - INFO - [simplex_nav_parser.py:266] - Saved daily NAV data to data/nav_data_202502280556.csv
2025-02-28 05:56:34,531 - INFO - [simplex_nav_parser.py:288] - Updated master NAV data file data/nav_data_master.csv
2025-02-28 05:56:34,531 - INFO - [simplex_nav_parser.py:312] - Successfully saved NAV data to data/nav_data_202502280556.csv and data/nav_data_master.csv
2025-02-28 06:07:33,035 - INFO - [simplex_nav_parser.py:303] - Starting Simplex NAV data processing
2025-02-28 06:07:33,035 - INFO - [simplex_nav_parser.py:27] - Parsing NAV data using headless browser
2025-02-28 06:07:33,035 - INFO - [simplex_nav_parser.py:42] - Initializing Chrome WebDriver
2025-02-28 06:07:33,035 - DEBUG - [selenium_manager.py:101] - Selenium Manager binary found at: /opt/hostedtoolcache/Python/3.10.16/x64/lib/python3.10/site-packages/selenium/webdriver/common/linux/selenium-manager
2025-02-28 06:07:33,035 - DEBUG - [selenium_manager.py:114] - Executing process: /opt/hostedtoolcache/Python/3.10.16/x64/lib/python3.10/site-packages/selenium/webdriver/common/linux/selenium-manager --browser chrome --debug --language-binding python --output json
2025-02-28 06:07:33,413 - DEBUG - [selenium_manager.py:140] - Sending stats to Plausible: Props { browser: "chrome", browser_version: "", os: "linux", arch: "x86_64", lang: "python", selenium_version: "4.29" }
2025-02-28 06:07:33,413 - DEBUG - [selenium_manager.py:140] - Found chromedriver 133.0.6943.126 in PATH: /usr/bin/chromedriver
2025-02-28 06:07:33,413 - DEBUG - [selenium_manager.py:140] - chrome detected at /usr/bin/google-chrome
2025-02-28 06:07:33,413 - DEBUG - [selenium_manager.py:140] - Running command: /usr/bin/google-chrome --version
2025-02-28 06:07:33,413 - DEBUG - [selenium_manager.py:140] - Output: "Google Chrome 133.0.6943.126 "
2025-02-28 06:07:33,413 - DEBUG - [selenium_manager.py:140] - Detected browser: chrome 133.0.6943.126
2025-02-28 06:07:33,413 - DEBUG - [selenium_manager.py:140] - Discovering versions from https://googlechromelabs.github.io/chrome-for-testing/known-good-versions-with-downloads.json
2025-02-28 06:07:33,413 - DEBUG - [selenium_manager.py:140] - Required driver: chromedriver 133.0.6943.141
2025-02-28 06:07:33,413 - DEBUG - [selenium_manager.py:140] - Driver path: /usr/bin/chromedriver
2025-02-28 06:07:33,414 - DEBUG - [selenium_manager.py:140] - Browser path: /usr/bin/google-chrome
2025-02-28 06:07:33,415 - DEBUG - [service.py:230] - Started executable: `/usr/bin/chromedriver` in a child process with pid: 1993 using 0 to output -3
2025-02-28 06:07:33,759 - DEBUG - [remote_connection.py:403] - POST http://localhost:57883/session {'capabilities': {'firstMatch': [{}], 'alwaysMatch': {'browserName': 'chrome', 'pageLoadStrategy': <PageLoadStrategy.normal: 'normal'>, 'browserVersion': None, 'goog:chromeOptions': {'extensions': [], 'binary': '/usr/bin/google-chrome', 'args': ['--headless=new', '--no-sandbox', '--disable-dev-shm-usage', '--disable-gpu', '--window-size=1920,1080', '--user-agent=Mozilla/5.0 (Windows NT 10.0; Win64; x64) AppleWebKit/537.36 (KHTML, like Gecko) Chrome/91.0.4472.124 Safari/537.36']}}}}
2025-02-28 06:07:33,759 - DEBUG - [connectionpool.py:241] - Starting new HTTP connection (1): localhost:57883
2025-02-28 06:07:34,300 - DEBUG - [connectionpool.py:544] - http://localhost:57883 "POST /session HTTP/1.1" 200 0
2025-02-28 06:07:34,300 - DEBUG - [remote_connection.py:436] - Remote response: status=200 | data={"value":{"capabilities":{"acceptInsecureCerts":false,"browserName":"chrome","browserVersion":"133.0.6943.126","chrome":{"chromedriverVersion":"133.0.6943.126 (cffa127ce7b6be72885391527c15b452056a2e81-refs/branch-heads/6943@{#1570})","userDataDir":"/tmp/.org.chromium.Chromium.pjtUmq"},"fedcm:accounts":true,"goog:chromeOptions":{"debuggerAddress":"localhost:41971"},"networkConnectionEnabled":false,"pageLoadStrategy":"normal","platformName":"linux","proxy":{},"setWindowRect":true,"strictFileInteractability":false,"timeouts":{"implicit":0,"pageLoad":300000,"script":30000},"unhandledPromptBehavior":"dismiss and notify","webauthn:extension:credBlob":true,"webauthn:extension:largeBlob":true,"webauthn:extension:minPinLength":true,"webauthn:extension:prf":true,"webauthn:virtualAuthenticators":true},"sessionId":"a2a2878dfb739847d97a7e6ee655f786"}} | headers=HTTPHeaderDict({'Content-Length': '850', 'Content-Type': 'application/json; charset=utf-8', 'cache-control': 'no-cache'})
2025-02-28 06:07:34,300 - DEBUG - [remote_connection.py:465] - Finished Request
2025-02-28 06:07:34,300 - DEBUG - [remote_connection.py:403] - POST http://localhost:57883/session/a2a2878dfb739847d97a7e6ee655f786/timeouts {'pageLoad': 30000}
2025-02-28 06:07:34,301 - DEBUG - [connectionpool.py:544] - http://localhost:57883 "POST /session/a2a2878dfb739847d97a7e6ee655f786/timeouts HTTP/1.1" 200 0
2025-02-28 06:07:34,301 - DEBUG - [remote_connection.py:436] - Remote response: status=200 | data={"value":null} | headers=HTTPHeaderDict({'Content-Length': '14', 'Content-Type': 'application/json; charset=utf-8', 'cache-control': 'no-cache'})
2025-02-28 06:07:34,301 - DEBUG - [remote_connection.py:465] - Finished Request
2025-02-28 06:07:34,301 - INFO - [simplex_nav_parser.py:50] - Loading URL: https://www.simplexasset.com/etf/eng/etf.html
2025-02-28 06:07:34,302 - DEBUG - [remote_connection.py:403] - POST http://localhost:57883/session/a2a2878dfb739847d97a7e6ee655f786/url {'url': 'https://www.simplexasset.com/etf/eng/etf.html'}
2025-02-28 06:07:36,526 - DEBUG - [connectionpool.py:544] - http://localhost:57883 "POST /session/a2a2878dfb739847d97a7e6ee655f786/url HTTP/1.1" 200 0
2025-02-28 06:07:36,526 - DEBUG - [remote_connection.py:436] - Remote response: status=200 | data={"value":null} | headers=HTTPHeaderDict({'Content-Length': '14', 'Content-Type': 'application/json; charset=utf-8', 'cache-control': 'no-cache'})
2025-02-28 06:07:36,527 - DEBUG - [remote_connection.py:465] - Finished Request
2025-02-28 06:07:36,527 - INFO - [simplex_nav_parser.py:54] - Waiting for page to load...
2025-02-28 06:07:41,532 - DEBUG - [remote_connection.py:403] - POST http://localhost:57883/session/a2a2878dfb739847d97a7e6ee655f786/element {'using': 'css selector', 'value': '.list-table'}
2025-02-28 06:07:41,541 - DEBUG - [connectionpool.py:544] - http://localhost:57883 "POST /session/a2a2878dfb739847d97a7e6ee655f786/element HTTP/1.1" 200 0
2025-02-28 06:07:41,541 - DEBUG - [remote_connection.py:436] - Remote response: status=200 | data={"value":{"element-6066-11e4-a52e-4f735466cecf":"f.84DEB4172F42EC6A3D9F19E2AC8E156D.d.D80F77CD3589D2925C9AC30DECCFAF01.e.7"}} | headers=HTTPHeaderDict({'Content-Length': '125', 'Content-Type': 'application/json; charset=utf-8', 'cache-control': 'no-cache'})
2025-02-28 06:07:41,541 - DEBUG - [remote_connection.py:465] - Finished Request
2025-02-28 06:07:41,541 - INFO - [simplex_nav_parser.py:62] - Page loaded successfully
2025-02-28 06:07:41,542 - DEBUG - [remote_connection.py:403] - POST http://localhost:57883/session/a2a2878dfb739847d97a7e6ee655f786/element {'using': 'css selector', 'value': '[id="bDate"]'}
2025-02-28 06:07:41,553 - DEBUG - [connectionpool.py:544] - http://localhost:57883 "POST /session/a2a2878dfb739847d97a7e6ee655f786/element HTTP/1.1" 200 0
2025-02-28 06:07:41,553 - DEBUG - [remote_connection.py:436] - Remote response: status=200 | data={"value":{"element-6066-11e4-a52e-4f735466cecf":"f.84DEB4172F42EC6A3D9F19E2AC8E156D.d.D80F77CD3589D2925C9AC30DECCFAF01.e.8"}} | headers=HTTPHeaderDict({'Content-Length': '125', 'Content-Type': 'application/json; charset=utf-8', 'cache-control': 'no-cache'})
2025-02-28 06:07:41,553 - DEBUG - [remote_connection.py:465] - Finished Request
2025-02-28 06:07:41,553 - DEBUG - [remote_connection.py:403] - GET http://localhost:57883/session/a2a2878dfb739847d97a7e6ee655f786/element/f.84DEB4172F42EC6A3D9F19E2AC8E156D.d.D80F77CD3589D2925C9AC30DECCFAF01.e.8/text {}
2025-02-28 06:07:41,564 - DEBUG - [connectionpool.py:544] - http://localhost:57883 "GET /session/a2a2878dfb739847d97a7e6ee655f786/element/f.84DEB4172F42EC6A3D9F19E2AC8E156D.d.D80F77CD3589D2925C9AC30DECCFAF01.e.8/text HTTP/1.1" 200 0
2025-02-28 06:07:41,564 - DEBUG - [remote_connection.py:436] - Remote response: status=200 | data={"value":"2025.2.27"} | headers=HTTPHeaderDict({'Content-Length': '21', 'Content-Type': 'application/json; charset=utf-8', 'cache-control': 'no-cache'})
2025-02-28 06:07:41,564 - DEBUG - [remote_connection.py:465] - Finished Request
2025-02-28 06:07:41,564 - INFO - [simplex_nav_parser.py:77] - Found fund date: 20250227
2025-02-28 06:07:41,564 - DEBUG - [remote_connection.py:403] - POST http://localhost:57883/session/a2a2878dfb739847d97a7e6ee655f786/element {'using': 'css selector', 'value': '[id="code_318A"]'}
2025-02-28 06:07:41,572 - DEBUG - [connectionpool.py:544] - http://localhost:57883 "POST /session/a2a2878dfb739847d97a7e6ee655f786/element HTTP/1.1" 200 0
2025-02-28 06:07:41,572 - DEBUG - [remote_connection.py:436] - Remote response: status=200 | data={"value":{"element-6066-11e4-a52e-4f735466cecf":"f.84DEB4172F42EC6A3D9F19E2AC8E156D.d.D80F77CD3589D2925C9AC30DECCFAF01.e.9"}} | headers=HTTPHeaderDict({'Content-Length': '125', 'Content-Type': 'application/json; charset=utf-8', 'cache-control': 'no-cache'})
2025-02-28 06:07:41,572 - DEBUG - [remote_connection.py:465] - Finished Request
2025-02-28 06:07:41,572 - DEBUG - [remote_connection.py:403] - GET http://localhost:57883/session/a2a2878dfb739847d97a7e6ee655f786/element/f.84DEB4172F42EC6A3D9F19E2AC8E156D.d.D80F77CD3589D2925C9AC30DECCFAF01.e.9/text {}
2025-02-28 06:07:41,578 - DEBUG - [connectionpool.py:544] - http://localhost:57883 "GET /session/a2a2878dfb739847d97a7e6ee655f786/element/f.84DEB4172F42EC6A3D9F19E2AC8E156D.d.D80F77CD3589D2925C9AC30DECCFAF01.e.9/text HTTP/1.1" 200 0
2025-02-28 06:07:41,578 - DEBUG - [remote_connection.py:436] - Remote response: status=200 | data={"value":"872円"} | headers=HTTPHeaderDict({'Content-Length': '18', 'Content-Type': 'application/json; charset=utf-8', 'cache-control': 'no-cache'})
2025-02-28 06:07:41,578 - DEBUG - [remote_connection.py:465] - Finished Request
2025-02-28 06:07:41,578 - INFO - [simplex_nav_parser.py:95] - Found NAV element with text: '872円'
2025-02-28 06:07:41,578 - INFO - [simplex_nav_parser.py:102] - Extracted NAV value: 872.0
2025-02-28 06:07:41,578 - INFO - [simplex_nav_parser.py:224] - Final NAV data: {'timestamp': '202502280607', 'source': 'https://www.simplexasset.com/etf/eng/etf.html (browser rendered)', 'fund_date': '20250227', 'nav': 872.0, 'fund_code': '318A'}
2025-02-28 06:07:41,578 - DEBUG - [remote_connection.py:403] - DELETE http://localhost:57883/session/a2a2878dfb739847d97a7e6ee655f786 {}
2025-02-28 06:07:41,630 - DEBUG - [connectionpool.py:544] - http://localhost:57883 "DELETE /session/a2a2878dfb739847d97a7e6ee655f786 HTTP/1.1" 200 0
2025-02-28 06:07:41,647 - DEBUG - [remote_connection.py:436] - Remote response: status=200 | data={"value":null} | headers=HTTPHeaderDict({'Content-Length': '14', 'Content-Type': 'application/json; charset=utf-8', 'cache-control': 'no-cache'})
2025-02-28 06:07:41,647 - DEBUG - [remote_connection.py:465] - Finished Request
2025-02-28 06:07:41,683 - INFO - [simplex_nav_parser.py:231] - WebDriver closed successfully
2025-02-28 06:07:41,686 - INFO - [simplex_nav_parser.py:266] - Saved daily NAV data to data/nav_data_202502280607.csv
2025-02-28 06:07:41,691 - INFO - [simplex_nav_parser.py:288] - Updated master NAV data file data/nav_data_master.csv
2025-02-28 06:07:41,691 - INFO - [simplex_nav_parser.py:312] - Successfully saved NAV data to data/nav_data_202502280607.csv and data/nav_data_master.csv
2025-02-28 06:15:26,881 - INFO - [simplex_nav_parser.py:303] - Starting Simplex NAV data processing
2025-02-28 06:15:26,881 - INFO - [simplex_nav_parser.py:27] - Parsing NAV data using headless browser
2025-02-28 06:15:26,881 - INFO - [simplex_nav_parser.py:42] - Initializing Chrome WebDriver
2025-02-28 06:15:26,881 - DEBUG - [selenium_manager.py:101] - Selenium Manager binary found at: /opt/hostedtoolcache/Python/3.10.16/x64/lib/python3.10/site-packages/selenium/webdriver/common/linux/selenium-manager
2025-02-28 06:15:26,881 - DEBUG - [selenium_manager.py:114] - Executing process: /opt/hostedtoolcache/Python/3.10.16/x64/lib/python3.10/site-packages/selenium/webdriver/common/linux/selenium-manager --browser chrome --debug --language-binding python --output json
2025-02-28 06:15:27,113 - DEBUG - [selenium_manager.py:140] - Sending stats to Plausible: Props { browser: "chrome", browser_version: "", os: "linux", arch: "x86_64", lang: "python", selenium_version: "4.29" }
2025-02-28 06:15:27,114 - DEBUG - [selenium_manager.py:140] - Found chromedriver 133.0.6943.126 in PATH: /usr/bin/chromedriver
2025-02-28 06:15:27,114 - DEBUG - [selenium_manager.py:140] - chrome detected at /usr/bin/google-chrome
2025-02-28 06:15:27,114 - DEBUG - [selenium_manager.py:140] - Running command: /usr/bin/google-chrome --version
2025-02-28 06:15:27,114 - DEBUG - [selenium_manager.py:140] - Output: "Google Chrome 133.0.6943.126 "
2025-02-28 06:15:27,114 - DEBUG - [selenium_manager.py:140] - Detected browser: chrome 133.0.6943.126
2025-02-28 06:15:27,114 - DEBUG - [selenium_manager.py:140] - Discovering versions from https://googlechromelabs.github.io/chrome-for-testing/known-good-versions-with-downloads.json
2025-02-28 06:15:27,114 - DEBUG - [selenium_manager.py:140] - Required driver: chromedriver 133.0.6943.141
2025-02-28 06:15:27,114 - DEBUG - [selenium_manager.py:140] - Driver path: /usr/bin/chromedriver
2025-02-28 06:15:27,114 - DEBUG - [selenium_manager.py:140] - Browser path: /usr/bin/google-chrome
2025-02-28 06:15:27,115 - DEBUG - [service.py:230] - Started executable: `/usr/bin/chromedriver` in a child process with pid: 2009 using 0 to output -3
2025-02-28 06:15:27,188 - DEBUG - [remote_connection.py:403] - POST http://localhost:48201/session {'capabilities': {'firstMatch': [{}], 'alwaysMatch': {'browserName': 'chrome', 'pageLoadStrategy': <PageLoadStrategy.normal: 'normal'>, 'browserVersion': None, 'goog:chromeOptions': {'extensions': [], 'binary': '/usr/bin/google-chrome', 'args': ['--headless=new', '--no-sandbox', '--disable-dev-shm-usage', '--disable-gpu', '--window-size=1920,1080', '--user-agent=Mozilla/5.0 (Windows NT 10.0; Win64; x64) AppleWebKit/537.36 (KHTML, like Gecko) Chrome/91.0.4472.124 Safari/537.36']}}}}
2025-02-28 06:15:27,189 - DEBUG - [connectionpool.py:241] - Starting new HTTP connection (1): localhost:48201
2025-02-28 06:15:27,789 - DEBUG - [connectionpool.py:544] - http://localhost:48201 "POST /session HTTP/1.1" 200 0
2025-02-28 06:15:27,789 - DEBUG - [remote_connection.py:436] - Remote response: status=200 | data={"value":{"capabilities":{"acceptInsecureCerts":false,"browserName":"chrome","browserVersion":"133.0.6943.126","chrome":{"chromedriverVersion":"133.0.6943.126 (cffa127ce7b6be72885391527c15b452056a2e81-refs/branch-heads/6943@{#1570})","userDataDir":"/tmp/.org.chromium.Chromium.jdNXBL"},"fedcm:accounts":true,"goog:chromeOptions":{"debuggerAddress":"localhost:42085"},"networkConnectionEnabled":false,"pageLoadStrategy":"normal","platformName":"linux","proxy":{},"setWindowRect":true,"strictFileInteractability":false,"timeouts":{"implicit":0,"pageLoad":300000,"script":30000},"unhandledPromptBehavior":"dismiss and notify","webauthn:extension:credBlob":true,"webauthn:extension:largeBlob":true,"webauthn:extension:minPinLength":true,"webauthn:extension:prf":true,"webauthn:virtualAuthenticators":true},"sessionId":"1a601205de1b6a546ef142ad56a675a5"}} | headers=HTTPHeaderDict({'Content-Length': '850', 'Content-Type': 'application/json; charset=utf-8', 'cache-control': 'no-cache'})
2025-02-28 06:15:27,790 - DEBUG - [remote_connection.py:465] - Finished Request
2025-02-28 06:15:27,790 - DEBUG - [remote_connection.py:403] - POST http://localhost:48201/session/1a601205de1b6a546ef142ad56a675a5/timeouts {'pageLoad': 30000}
2025-02-28 06:15:27,791 - DEBUG - [connectionpool.py:544] - http://localhost:48201 "POST /session/1a601205de1b6a546ef142ad56a675a5/timeouts HTTP/1.1" 200 0
2025-02-28 06:15:27,791 - DEBUG - [remote_connection.py:436] - Remote response: status=200 | data={"value":null} | headers=HTTPHeaderDict({'Content-Length': '14', 'Content-Type': 'application/json; charset=utf-8', 'cache-control': 'no-cache'})
2025-02-28 06:15:27,791 - DEBUG - [remote_connection.py:465] - Finished Request
2025-02-28 06:15:27,791 - INFO - [simplex_nav_parser.py:50] - Loading URL: https://www.simplexasset.com/etf/eng/etf.html
2025-02-28 06:15:27,791 - DEBUG - [remote_connection.py:403] - POST http://localhost:48201/session/1a601205de1b6a546ef142ad56a675a5/url {'url': 'https://www.simplexasset.com/etf/eng/etf.html'}
2025-02-28 06:15:30,114 - DEBUG - [connectionpool.py:544] - http://localhost:48201 "POST /session/1a601205de1b6a546ef142ad56a675a5/url HTTP/1.1" 200 0
2025-02-28 06:15:30,114 - DEBUG - [remote_connection.py:436] - Remote response: status=200 | data={"value":null} | headers=HTTPHeaderDict({'Content-Length': '14', 'Content-Type': 'application/json; charset=utf-8', 'cache-control': 'no-cache'})
2025-02-28 06:15:30,114 - DEBUG - [remote_connection.py:465] - Finished Request
2025-02-28 06:15:30,114 - INFO - [simplex_nav_parser.py:54] - Waiting for page to load...
2025-02-28 06:15:35,119 - DEBUG - [remote_connection.py:403] - POST http://localhost:48201/session/1a601205de1b6a546ef142ad56a675a5/element {'using': 'css selector', 'value': '.list-table'}
2025-02-28 06:15:35,128 - DEBUG - [connectionpool.py:544] - http://localhost:48201 "POST /session/1a601205de1b6a546ef142ad56a675a5/element HTTP/1.1" 200 0
2025-02-28 06:15:35,128 - DEBUG - [remote_connection.py:436] - Remote response: status=200 | data={"value":{"element-6066-11e4-a52e-4f735466cecf":"f.229EF383236DE2B7D15EA2D6B95A9BBD.d.909F716FA7B645E7905A6A08397BCC91.e.17"}} | headers=HTTPHeaderDict({'Content-Length': '126', 'Content-Type': 'application/json; charset=utf-8', 'cache-control': 'no-cache'})
2025-02-28 06:15:35,129 - DEBUG - [remote_connection.py:465] - Finished Request
2025-02-28 06:15:35,129 - INFO - [simplex_nav_parser.py:62] - Page loaded successfully
2025-02-28 06:15:35,129 - DEBUG - [remote_connection.py:403] - POST http://localhost:48201/session/1a601205de1b6a546ef142ad56a675a5/element {'using': 'css selector', 'value': '[id="bDate"]'}
2025-02-28 06:15:35,138 - DEBUG - [connectionpool.py:544] - http://localhost:48201 "POST /session/1a601205de1b6a546ef142ad56a675a5/element HTTP/1.1" 200 0
2025-02-28 06:15:35,138 - DEBUG - [remote_connection.py:436] - Remote response: status=200 | data={"value":{"element-6066-11e4-a52e-4f735466cecf":"f.229EF383236DE2B7D15EA2D6B95A9BBD.d.909F716FA7B645E7905A6A08397BCC91.e.18"}} | headers=HTTPHeaderDict({'Content-Length': '126', 'Content-Type': 'application/json; charset=utf-8', 'cache-control': 'no-cache'})
2025-02-28 06:15:35,138 - DEBUG - [remote_connection.py:465] - Finished Request
2025-02-28 06:15:35,138 - DEBUG - [remote_connection.py:403] - GET http://localhost:48201/session/1a601205de1b6a546ef142ad56a675a5/element/f.229EF383236DE2B7D15EA2D6B95A9BBD.d.909F716FA7B645E7905A6A08397BCC91.e.18/text {}
2025-02-28 06:15:35,149 - DEBUG - [connectionpool.py:544] - http://localhost:48201 "GET /session/1a601205de1b6a546ef142ad56a675a5/element/f.229EF383236DE2B7D15EA2D6B95A9BBD.d.909F716FA7B645E7905A6A08397BCC91.e.18/text HTTP/1.1" 200 0
2025-02-28 06:15:35,149 - DEBUG - [remote_connection.py:436] - Remote response: status=200 | data={"value":"2025.2.27"} | headers=HTTPHeaderDict({'Content-Length': '21', 'Content-Type': 'application/json; charset=utf-8', 'cache-control': 'no-cache'})
2025-02-28 06:15:35,149 - DEBUG - [remote_connection.py:465] - Finished Request
2025-02-28 06:15:35,150 - INFO - [simplex_nav_parser.py:77] - Found fund date: 20250227
2025-02-28 06:15:35,150 - DEBUG - [remote_connection.py:403] - POST http://localhost:48201/session/1a601205de1b6a546ef142ad56a675a5/element {'using': 'css selector', 'value': '[id="code_318A"]'}
2025-02-28 06:15:35,157 - DEBUG - [connectionpool.py:544] - http://localhost:48201 "POST /session/1a601205de1b6a546ef142ad56a675a5/element HTTP/1.1" 200 0
2025-02-28 06:15:35,157 - DEBUG - [remote_connection.py:436] - Remote response: status=200 | data={"value":{"element-6066-11e4-a52e-4f735466cecf":"f.229EF383236DE2B7D15EA2D6B95A9BBD.d.909F716FA7B645E7905A6A08397BCC91.e.19"}} | headers=HTTPHeaderDict({'Content-Length': '126', 'Content-Type': 'application/json; charset=utf-8', 'cache-control': 'no-cache'})
2025-02-28 06:15:35,157 - DEBUG - [remote_connection.py:465] - Finished Request
2025-02-28 06:15:35,157 - DEBUG - [remote_connection.py:403] - GET http://localhost:48201/session/1a601205de1b6a546ef142ad56a675a5/element/f.229EF383236DE2B7D15EA2D6B95A9BBD.d.909F716FA7B645E7905A6A08397BCC91.e.19/text {}
2025-02-28 06:15:35,163 - DEBUG - [connectionpool.py:544] - http://localhost:48201 "GET /session/1a601205de1b6a546ef142ad56a675a5/element/f.229EF383236DE2B7D15EA2D6B95A9BBD.d.909F716FA7B645E7905A6A08397BCC91.e.19/text HTTP/1.1" 200 0
2025-02-28 06:15:35,163 - DEBUG - [remote_connection.py:436] - Remote response: status=200 | data={"value":"872円"} | headers=HTTPHeaderDict({'Content-Length': '18', 'Content-Type': 'application/json; charset=utf-8', 'cache-control': 'no-cache'})
2025-02-28 06:15:35,163 - DEBUG - [remote_connection.py:465] - Finished Request
2025-02-28 06:15:35,163 - INFO - [simplex_nav_parser.py:95] - Found NAV element with text: '872円'
2025-02-28 06:15:35,163 - INFO - [simplex_nav_parser.py:102] - Extracted NAV value: 872.0
2025-02-28 06:15:35,163 - INFO - [simplex_nav_parser.py:224] - Final NAV data: {'timestamp': '202502280615', 'source': 'https://www.simplexasset.com/etf/eng/etf.html (browser rendered)', 'fund_date': '20250227', 'nav': 872.0, 'fund_code': '318A'}
2025-02-28 06:15:35,163 - DEBUG - [remote_connection.py:403] - DELETE http://localhost:48201/session/1a601205de1b6a546ef142ad56a675a5 {}
2025-02-28 06:15:35,215 - DEBUG - [connectionpool.py:544] - http://localhost:48201 "DELETE /session/1a601205de1b6a546ef142ad56a675a5 HTTP/1.1" 200 0
2025-02-28 06:15:35,215 - DEBUG - [remote_connection.py:436] - Remote response: status=200 | data={"value":null} | headers=HTTPHeaderDict({'Content-Length': '14', 'Content-Type': 'application/json; charset=utf-8', 'cache-control': 'no-cache'})
2025-02-28 06:15:35,215 - DEBUG - [remote_connection.py:465] - Finished Request
2025-02-28 06:15:35,223 - INFO - [simplex_nav_parser.py:231] - WebDriver closed successfully
2025-02-28 06:15:35,226 - INFO - [simplex_nav_parser.py:266] - Saved daily NAV data to data/nav_data_202502280615.csv
2025-02-28 06:15:35,228 - INFO - [simplex_nav_parser.py:288] - Updated master NAV data file data/nav_data_master.csv
2025-02-28 06:15:35,229 - INFO - [simplex_nav_parser.py:312] - Successfully saved NAV data to data/nav_data_202502280615.csv and data/nav_data_master.csv
2025-02-28 06:51:10,459 - INFO - [simplex_nav_parser.py:303] - Starting Simplex NAV data processing
2025-02-28 06:51:10,459 - INFO - [simplex_nav_parser.py:27] - Parsing NAV data using headless browser
2025-02-28 06:51:10,459 - INFO - [simplex_nav_parser.py:42] - Initializing Chrome WebDriver
2025-02-28 06:51:10,460 - DEBUG - [selenium_manager.py:101] - Selenium Manager binary found at: /opt/hostedtoolcache/Python/3.10.16/x64/lib/python3.10/site-packages/selenium/webdriver/common/linux/selenium-manager
2025-02-28 06:51:10,460 - DEBUG - [selenium_manager.py:114] - Executing process: /opt/hostedtoolcache/Python/3.10.16/x64/lib/python3.10/site-packages/selenium/webdriver/common/linux/selenium-manager --browser chrome --debug --language-binding python --output json
2025-02-28 06:51:11,311 - DEBUG - [selenium_manager.py:140] - Sending stats to Plausible: Props { browser: "chrome", browser_version: "", os: "linux", arch: "x86_64", lang: "python", selenium_version: "4.29" }
2025-02-28 06:51:11,311 - DEBUG - [selenium_manager.py:140] - Found chromedriver 133.0.6943.126 in PATH: /usr/bin/chromedriver
2025-02-28 06:51:11,311 - DEBUG - [selenium_manager.py:140] - chrome detected at /usr/bin/google-chrome
2025-02-28 06:51:11,311 - DEBUG - [selenium_manager.py:140] - Running command: /usr/bin/google-chrome --version
2025-02-28 06:51:11,311 - DEBUG - [selenium_manager.py:140] - Output: "Google Chrome 133.0.6943.126 "
2025-02-28 06:51:11,311 - DEBUG - [selenium_manager.py:140] - Detected browser: chrome 133.0.6943.126
2025-02-28 06:51:11,312 - DEBUG - [selenium_manager.py:140] - Discovering versions from https://googlechromelabs.github.io/chrome-for-testing/known-good-versions-with-downloads.json
2025-02-28 06:51:11,312 - DEBUG - [selenium_manager.py:140] - Required driver: chromedriver 133.0.6943.141
2025-02-28 06:51:11,312 - DEBUG - [selenium_manager.py:140] - Driver path: /usr/bin/chromedriver
2025-02-28 06:51:11,312 - DEBUG - [selenium_manager.py:140] - Browser path: /usr/bin/google-chrome
2025-02-28 06:51:11,313 - DEBUG - [service.py:230] - Started executable: `/usr/bin/chromedriver` in a child process with pid: 1967 using 0 to output -3
2025-02-28 06:51:12,128 - DEBUG - [remote_connection.py:403] - POST http://localhost:54127/session {'capabilities': {'firstMatch': [{}], 'alwaysMatch': {'browserName': 'chrome', 'pageLoadStrategy': <PageLoadStrategy.normal: 'normal'>, 'browserVersion': None, 'goog:chromeOptions': {'extensions': [], 'binary': '/usr/bin/google-chrome', 'args': ['--headless=new', '--no-sandbox', '--disable-dev-shm-usage', '--disable-gpu', '--window-size=1920,1080', '--user-agent=Mozilla/5.0 (Windows NT 10.0; Win64; x64) AppleWebKit/537.36 (KHTML, like Gecko) Chrome/91.0.4472.124 Safari/537.36']}}}}
2025-02-28 06:51:12,128 - DEBUG - [connectionpool.py:241] - Starting new HTTP connection (1): localhost:54127
2025-02-28 06:51:13,251 - DEBUG - [connectionpool.py:544] - http://localhost:54127 "POST /session HTTP/1.1" 200 0
2025-02-28 06:51:13,251 - DEBUG - [remote_connection.py:436] - Remote response: status=200 | data={"value":{"capabilities":{"acceptInsecureCerts":false,"browserName":"chrome","browserVersion":"133.0.6943.126","chrome":{"chromedriverVersion":"133.0.6943.126 (cffa127ce7b6be72885391527c15b452056a2e81-refs/branch-heads/6943@{#1570})","userDataDir":"/tmp/.org.chromium.Chromium.8c2xMK"},"fedcm:accounts":true,"goog:chromeOptions":{"debuggerAddress":"localhost:38519"},"networkConnectionEnabled":false,"pageLoadStrategy":"normal","platformName":"linux","proxy":{},"setWindowRect":true,"strictFileInteractability":false,"timeouts":{"implicit":0,"pageLoad":300000,"script":30000},"unhandledPromptBehavior":"dismiss and notify","webauthn:extension:credBlob":true,"webauthn:extension:largeBlob":true,"webauthn:extension:minPinLength":true,"webauthn:extension:prf":true,"webauthn:virtualAuthenticators":true},"sessionId":"d9ba6fe063004ff0316ac814d27b6f54"}} | headers=HTTPHeaderDict({'Content-Length': '850', 'Content-Type': 'application/json; charset=utf-8', 'cache-control': 'no-cache'})
2025-02-28 06:51:13,251 - DEBUG - [remote_connection.py:465] - Finished Request
2025-02-28 06:51:13,251 - DEBUG - [remote_connection.py:403] - POST http://localhost:54127/session/d9ba6fe063004ff0316ac814d27b6f54/timeouts {'pageLoad': 30000}
2025-02-28 06:51:13,252 - DEBUG - [connectionpool.py:544] - http://localhost:54127 "POST /session/d9ba6fe063004ff0316ac814d27b6f54/timeouts HTTP/1.1" 200 0
2025-02-28 06:51:13,252 - DEBUG - [remote_connection.py:436] - Remote response: status=200 | data={"value":null} | headers=HTTPHeaderDict({'Content-Length': '14', 'Content-Type': 'application/json; charset=utf-8', 'cache-control': 'no-cache'})
2025-02-28 06:51:13,252 - DEBUG - [remote_connection.py:465] - Finished Request
2025-02-28 06:51:13,252 - INFO - [simplex_nav_parser.py:50] - Loading URL: https://www.simplexasset.com/etf/eng/etf.html
2025-02-28 06:51:13,252 - DEBUG - [remote_connection.py:403] - POST http://localhost:54127/session/d9ba6fe063004ff0316ac814d27b6f54/url {'url': 'https://www.simplexasset.com/etf/eng/etf.html'}
2025-02-28 06:51:15,105 - DEBUG - [connectionpool.py:544] - http://localhost:54127 "POST /session/d9ba6fe063004ff0316ac814d27b6f54/url HTTP/1.1" 200 0
2025-02-28 06:51:15,105 - DEBUG - [remote_connection.py:436] - Remote response: status=200 | data={"value":null} | headers=HTTPHeaderDict({'Content-Length': '14', 'Content-Type': 'application/json; charset=utf-8', 'cache-control': 'no-cache'})
2025-02-28 06:51:15,105 - DEBUG - [remote_connection.py:465] - Finished Request
2025-02-28 06:51:15,105 - INFO - [simplex_nav_parser.py:54] - Waiting for page to load...
2025-02-28 06:51:20,107 - DEBUG - [remote_connection.py:403] - POST http://localhost:54127/session/d9ba6fe063004ff0316ac814d27b6f54/element {'using': 'css selector', 'value': '.list-table'}
2025-02-28 06:51:20,117 - DEBUG - [connectionpool.py:544] - http://localhost:54127 "POST /session/d9ba6fe063004ff0316ac814d27b6f54/element HTTP/1.1" 200 0
2025-02-28 06:51:20,117 - DEBUG - [remote_connection.py:436] - Remote response: status=200 | data={"value":{"element-6066-11e4-a52e-4f735466cecf":"f.2251B318B59B61AB56A6328BC34E1BBE.d.A27DC2AE30B30D534B90E9A6DC13493B.e.46"}} | headers=HTTPHeaderDict({'Content-Length': '126', 'Content-Type': 'application/json; charset=utf-8', 'cache-control': 'no-cache'})
2025-02-28 06:51:20,117 - DEBUG - [remote_connection.py:465] - Finished Request
2025-02-28 06:51:20,117 - INFO - [simplex_nav_parser.py:62] - Page loaded successfully
2025-02-28 06:51:20,117 - DEBUG - [remote_connection.py:403] - POST http://localhost:54127/session/d9ba6fe063004ff0316ac814d27b6f54/element {'using': 'css selector', 'value': '[id="bDate"]'}
2025-02-28 06:51:20,160 - DEBUG - [connectionpool.py:544] - http://localhost:54127 "POST /session/d9ba6fe063004ff0316ac814d27b6f54/element HTTP/1.1" 200 0
2025-02-28 06:51:20,160 - DEBUG - [remote_connection.py:436] - Remote response: status=200 | data={"value":{"element-6066-11e4-a52e-4f735466cecf":"f.2251B318B59B61AB56A6328BC34E1BBE.d.A27DC2AE30B30D534B90E9A6DC13493B.e.47"}} | headers=HTTPHeaderDict({'Content-Length': '126', 'Content-Type': 'application/json; charset=utf-8', 'cache-control': 'no-cache'})
2025-02-28 06:51:20,160 - DEBUG - [remote_connection.py:465] - Finished Request
2025-02-28 06:51:20,160 - DEBUG - [remote_connection.py:403] - GET http://localhost:54127/session/d9ba6fe063004ff0316ac814d27b6f54/element/f.2251B318B59B61AB56A6328BC34E1BBE.d.A27DC2AE30B30D534B90E9A6DC13493B.e.47/text {}
2025-02-28 06:51:20,211 - DEBUG - [connectionpool.py:544] - http://localhost:54127 "GET /session/d9ba6fe063004ff0316ac814d27b6f54/element/f.2251B318B59B61AB56A6328BC34E1BBE.d.A27DC2AE30B30D534B90E9A6DC13493B.e.47/text HTTP/1.1" 200 0
2025-02-28 06:51:20,211 - DEBUG - [remote_connection.py:436] - Remote response: status=200 | data={"value":"2025.2.27"} | headers=HTTPHeaderDict({'Content-Length': '21', 'Content-Type': 'application/json; charset=utf-8', 'cache-control': 'no-cache'})
2025-02-28 06:51:20,211 - DEBUG - [remote_connection.py:465] - Finished Request
2025-02-28 06:51:20,211 - INFO - [simplex_nav_parser.py:77] - Found fund date: 20250227
2025-02-28 06:51:20,211 - DEBUG - [remote_connection.py:403] - POST http://localhost:54127/session/d9ba6fe063004ff0316ac814d27b6f54/element {'using': 'css selector', 'value': '[id="code_318A"]'}
2025-02-28 06:51:20,218 - DEBUG - [connectionpool.py:544] - http://localhost:54127 "POST /session/d9ba6fe063004ff0316ac814d27b6f54/element HTTP/1.1" 200 0
2025-02-28 06:51:20,218 - DEBUG - [remote_connection.py:436] - Remote response: status=200 | data={"value":{"element-6066-11e4-a52e-4f735466cecf":"f.2251B318B59B61AB56A6328BC34E1BBE.d.A27DC2AE30B30D534B90E9A6DC13493B.e.48"}} | headers=HTTPHeaderDict({'Content-Length': '126', 'Content-Type': 'application/json; charset=utf-8', 'cache-control': 'no-cache'})
2025-02-28 06:51:20,219 - DEBUG - [remote_connection.py:465] - Finished Request
2025-02-28 06:51:20,219 - DEBUG - [remote_connection.py:403] - GET http://localhost:54127/session/d9ba6fe063004ff0316ac814d27b6f54/element/f.2251B318B59B61AB56A6328BC34E1BBE.d.A27DC2AE30B30D534B90E9A6DC13493B.e.48/text {}
2025-02-28 06:51:20,224 - DEBUG - [connectionpool.py:544] - http://localhost:54127 "GET /session/d9ba6fe063004ff0316ac814d27b6f54/element/f.2251B318B59B61AB56A6328BC34E1BBE.d.A27DC2AE30B30D534B90E9A6DC13493B.e.48/text HTTP/1.1" 200 0
2025-02-28 06:51:20,225 - DEBUG - [remote_connection.py:436] - Remote response: status=200 | data={"value":"872円"} | headers=HTTPHeaderDict({'Content-Length': '18', 'Content-Type': 'application/json; charset=utf-8', 'cache-control': 'no-cache'})
2025-02-28 06:51:20,225 - DEBUG - [remote_connection.py:465] - Finished Request
2025-02-28 06:51:20,225 - INFO - [simplex_nav_parser.py:95] - Found NAV element with text: '872円'
2025-02-28 06:51:20,225 - INFO - [simplex_nav_parser.py:102] - Extracted NAV value: 872.0
2025-02-28 06:51:20,225 - INFO - [simplex_nav_parser.py:224] - Final NAV data: {'timestamp': '202502280651', 'source': 'https://www.simplexasset.com/etf/eng/etf.html (browser rendered)', 'fund_date': '20250227', 'nav': 872.0, 'fund_code': '318A'}
2025-02-28 06:51:20,225 - DEBUG - [remote_connection.py:403] - DELETE http://localhost:54127/session/d9ba6fe063004ff0316ac814d27b6f54 {}
2025-02-28 06:51:20,276 - DEBUG - [connectionpool.py:544] - http://localhost:54127 "DELETE /session/d9ba6fe063004ff0316ac814d27b6f54 HTTP/1.1" 200 0
2025-02-28 06:51:20,276 - DEBUG - [remote_connection.py:436] - Remote response: status=200 | data={"value":null} | headers=HTTPHeaderDict({'Content-Length': '14', 'Content-Type': 'application/json; charset=utf-8', 'cache-control': 'no-cache'})
2025-02-28 06:51:20,276 - DEBUG - [remote_connection.py:465] - Finished Request
2025-02-28 06:51:20,285 - INFO - [simplex_nav_parser.py:231] - WebDriver closed successfully
2025-02-28 06:51:20,287 - INFO - [simplex_nav_parser.py:266] - Saved daily NAV data to data/nav_data_202502280651.csv
2025-02-28 06:51:20,290 - INFO - [simplex_nav_parser.py:288] - Updated master NAV data file data/nav_data_master.csv
2025-02-28 06:51:20,290 - INFO - [simplex_nav_parser.py:312] - Successfully saved NAV data to data/nav_data_202502280651.csv and data/nav_data_master.csv
2025-02-28 07:01:48,674 - INFO - [simplex_nav_parser.py:303] - Starting Simplex NAV data processing
2025-02-28 07:01:48,675 - INFO - [simplex_nav_parser.py:27] - Parsing NAV data using headless browser
2025-02-28 07:01:48,675 - INFO - [simplex_nav_parser.py:42] - Initializing Chrome WebDriver
2025-02-28 07:01:48,675 - DEBUG - [selenium_manager.py:101] - Selenium Manager binary found at: /opt/hostedtoolcache/Python/3.10.16/x64/lib/python3.10/site-packages/selenium/webdriver/common/linux/selenium-manager
2025-02-28 07:01:48,675 - DEBUG - [selenium_manager.py:114] - Executing process: /opt/hostedtoolcache/Python/3.10.16/x64/lib/python3.10/site-packages/selenium/webdriver/common/linux/selenium-manager --browser chrome --debug --language-binding python --output json
2025-02-28 07:01:50,402 - DEBUG - [selenium_manager.py:140] - Sending stats to Plausible: Props { browser: "chrome", browser_version: "", os: "linux", arch: "x86_64", lang: "python", selenium_version: "4.29" }
2025-02-28 07:01:50,402 - DEBUG - [selenium_manager.py:140] - Found chromedriver 133.0.6943.126 in PATH: /usr/bin/chromedriver
2025-02-28 07:01:50,402 - DEBUG - [selenium_manager.py:140] - chrome detected at /usr/bin/google-chrome
2025-02-28 07:01:50,402 - DEBUG - [selenium_manager.py:140] - Running command: /usr/bin/google-chrome --version
2025-02-28 07:01:50,402 - DEBUG - [selenium_manager.py:140] - Output: "Google Chrome 133.0.6943.126 "
2025-02-28 07:01:50,402 - DEBUG - [selenium_manager.py:140] - Detected browser: chrome 133.0.6943.126
2025-02-28 07:01:50,402 - DEBUG - [selenium_manager.py:140] - Discovering versions from https://googlechromelabs.github.io/chrome-for-testing/known-good-versions-with-downloads.json
2025-02-28 07:01:50,402 - DEBUG - [selenium_manager.py:140] - Required driver: chromedriver 133.0.6943.141
2025-02-28 07:01:50,403 - DEBUG - [selenium_manager.py:140] - Driver path: /usr/bin/chromedriver
2025-02-28 07:01:50,403 - DEBUG - [selenium_manager.py:140] - Browser path: /usr/bin/google-chrome
2025-02-28 07:01:50,404 - DEBUG - [service.py:230] - Started executable: `/usr/bin/chromedriver` in a child process with pid: 1982 using 0 to output -3
2025-02-28 07:01:50,959 - DEBUG - [remote_connection.py:403] - POST http://localhost:38499/session {'capabilities': {'firstMatch': [{}], 'alwaysMatch': {'browserName': 'chrome', 'pageLoadStrategy': <PageLoadStrategy.normal: 'normal'>, 'browserVersion': None, 'goog:chromeOptions': {'extensions': [], 'binary': '/usr/bin/google-chrome', 'args': ['--headless=new', '--no-sandbox', '--disable-dev-shm-usage', '--disable-gpu', '--window-size=1920,1080', '--user-agent=Mozilla/5.0 (Windows NT 10.0; Win64; x64) AppleWebKit/537.36 (KHTML, like Gecko) Chrome/91.0.4472.124 Safari/537.36']}}}}
2025-02-28 07:01:50,960 - DEBUG - [connectionpool.py:241] - Starting new HTTP connection (1): localhost:38499
2025-02-28 07:01:57,159 - DEBUG - [connectionpool.py:544] - http://localhost:38499 "POST /session HTTP/1.1" 200 0
2025-02-28 07:01:57,160 - DEBUG - [remote_connection.py:436] - Remote response: status=200 | data={"value":{"capabilities":{"acceptInsecureCerts":false,"browserName":"chrome","browserVersion":"133.0.6943.126","chrome":{"chromedriverVersion":"133.0.6943.126 (cffa127ce7b6be72885391527c15b452056a2e81-refs/branch-heads/6943@{#1570})","userDataDir":"/tmp/.org.chromium.Chromium.VorqSF"},"fedcm:accounts":true,"goog:chromeOptions":{"debuggerAddress":"localhost:41483"},"networkConnectionEnabled":false,"pageLoadStrategy":"normal","platformName":"linux","proxy":{},"setWindowRect":true,"strictFileInteractability":false,"timeouts":{"implicit":0,"pageLoad":300000,"script":30000},"unhandledPromptBehavior":"dismiss and notify","webauthn:extension:credBlob":true,"webauthn:extension:largeBlob":true,"webauthn:extension:minPinLength":true,"webauthn:extension:prf":true,"webauthn:virtualAuthenticators":true},"sessionId":"a622f38b004f84bac712d69982a6a8f2"}} | headers=HTTPHeaderDict({'Content-Length': '850', 'Content-Type': 'application/json; charset=utf-8', 'cache-control': 'no-cache'})
2025-02-28 07:01:57,160 - DEBUG - [remote_connection.py:465] - Finished Request
2025-02-28 07:01:57,160 - DEBUG - [remote_connection.py:403] - POST http://localhost:38499/session/a622f38b004f84bac712d69982a6a8f2/timeouts {'pageLoad': 30000}
2025-02-28 07:01:57,161 - DEBUG - [connectionpool.py:544] - http://localhost:38499 "POST /session/a622f38b004f84bac712d69982a6a8f2/timeouts HTTP/1.1" 200 0
2025-02-28 07:01:57,161 - DEBUG - [remote_connection.py:436] - Remote response: status=200 | data={"value":null} | headers=HTTPHeaderDict({'Content-Length': '14', 'Content-Type': 'application/json; charset=utf-8', 'cache-control': 'no-cache'})
2025-02-28 07:01:57,161 - DEBUG - [remote_connection.py:465] - Finished Request
2025-02-28 07:01:57,161 - INFO - [simplex_nav_parser.py:50] - Loading URL: https://www.simplexasset.com/etf/eng/etf.html
2025-02-28 07:01:57,161 - DEBUG - [remote_connection.py:403] - POST http://localhost:38499/session/a622f38b004f84bac712d69982a6a8f2/url {'url': 'https://www.simplexasset.com/etf/eng/etf.html'}
2025-02-28 07:02:00,649 - DEBUG - [connectionpool.py:544] - http://localhost:38499 "POST /session/a622f38b004f84bac712d69982a6a8f2/url HTTP/1.1" 200 0
2025-02-28 07:02:00,649 - DEBUG - [remote_connection.py:436] - Remote response: status=200 | data={"value":null} | headers=HTTPHeaderDict({'Content-Length': '14', 'Content-Type': 'application/json; charset=utf-8', 'cache-control': 'no-cache'})
2025-02-28 07:02:00,650 - DEBUG - [remote_connection.py:465] - Finished Request
2025-02-28 07:02:00,650 - INFO - [simplex_nav_parser.py:54] - Waiting for page to load...
2025-02-28 07:02:05,655 - DEBUG - [remote_connection.py:403] - POST http://localhost:38499/session/a622f38b004f84bac712d69982a6a8f2/element {'using': 'css selector', 'value': '.list-table'}
2025-02-28 07:02:05,664 - DEBUG - [connectionpool.py:544] - http://localhost:38499 "POST /session/a622f38b004f84bac712d69982a6a8f2/element HTTP/1.1" 200 0
2025-02-28 07:02:05,665 - DEBUG - [remote_connection.py:436] - Remote response: status=200 | data={"value":{"element-6066-11e4-a52e-4f735466cecf":"f.E628906C1B8513D195FAB5AE586674D6.d.F65638976C771B53A8C5BC3F9987C0EB.e.45"}} | headers=HTTPHeaderDict({'Content-Length': '126', 'Content-Type': 'application/json; charset=utf-8', 'cache-control': 'no-cache'})
2025-02-28 07:02:05,665 - DEBUG - [remote_connection.py:465] - Finished Request
2025-02-28 07:02:05,665 - INFO - [simplex_nav_parser.py:62] - Page loaded successfully
2025-02-28 07:02:05,665 - DEBUG - [remote_connection.py:403] - POST http://localhost:38499/session/a622f38b004f84bac712d69982a6a8f2/element {'using': 'css selector', 'value': '[id="bDate"]'}
2025-02-28 07:02:05,712 - DEBUG - [connectionpool.py:544] - http://localhost:38499 "POST /session/a622f38b004f84bac712d69982a6a8f2/element HTTP/1.1" 200 0
2025-02-28 07:02:05,713 - DEBUG - [remote_connection.py:436] - Remote response: status=200 | data={"value":{"element-6066-11e4-a52e-4f735466cecf":"f.E628906C1B8513D195FAB5AE586674D6.d.F65638976C771B53A8C5BC3F9987C0EB.e.46"}} | headers=HTTPHeaderDict({'Content-Length': '126', 'Content-Type': 'application/json; charset=utf-8', 'cache-control': 'no-cache'})
2025-02-28 07:02:05,713 - DEBUG - [remote_connection.py:465] - Finished Request
2025-02-28 07:02:05,713 - DEBUG - [remote_connection.py:403] - GET http://localhost:38499/session/a622f38b004f84bac712d69982a6a8f2/element/f.E628906C1B8513D195FAB5AE586674D6.d.F65638976C771B53A8C5BC3F9987C0EB.e.46/text {}
2025-02-28 07:02:05,757 - DEBUG - [connectionpool.py:544] - http://localhost:38499 "GET /session/a622f38b004f84bac712d69982a6a8f2/element/f.E628906C1B8513D195FAB5AE586674D6.d.F65638976C771B53A8C5BC3F9987C0EB.e.46/text HTTP/1.1" 200 0
2025-02-28 07:02:05,757 - DEBUG - [remote_connection.py:436] - Remote response: status=200 | data={"value":"2025.2.27"} | headers=HTTPHeaderDict({'Content-Length': '21', 'Content-Type': 'application/json; charset=utf-8', 'cache-control': 'no-cache'})
2025-02-28 07:02:05,757 - DEBUG - [remote_connection.py:465] - Finished Request
2025-02-28 07:02:05,757 - INFO - [simplex_nav_parser.py:77] - Found fund date: 20250227
2025-02-28 07:02:05,757 - DEBUG - [remote_connection.py:403] - POST http://localhost:38499/session/a622f38b004f84bac712d69982a6a8f2/element {'using': 'css selector', 'value': '[id="code_318A"]'}
2025-02-28 07:02:05,765 - DEBUG - [connectionpool.py:544] - http://localhost:38499 "POST /session/a622f38b004f84bac712d69982a6a8f2/element HTTP/1.1" 200 0
2025-02-28 07:02:05,765 - DEBUG - [remote_connection.py:436] - Remote response: status=200 | data={"value":{"element-6066-11e4-a52e-4f735466cecf":"f.E628906C1B8513D195FAB5AE586674D6.d.F65638976C771B53A8C5BC3F9987C0EB.e.47"}} | headers=HTTPHeaderDict({'Content-Length': '126', 'Content-Type': 'application/json; charset=utf-8', 'cache-control': 'no-cache'})
2025-02-28 07:02:05,765 - DEBUG - [remote_connection.py:465] - Finished Request
2025-02-28 07:02:05,766 - DEBUG - [remote_connection.py:403] - GET http://localhost:38499/session/a622f38b004f84bac712d69982a6a8f2/element/f.E628906C1B8513D195FAB5AE586674D6.d.F65638976C771B53A8C5BC3F9987C0EB.e.47/text {}
2025-02-28 07:02:05,772 - DEBUG - [connectionpool.py:544] - http://localhost:38499 "GET /session/a622f38b004f84bac712d69982a6a8f2/element/f.E628906C1B8513D195FAB5AE586674D6.d.F65638976C771B53A8C5BC3F9987C0EB.e.47/text HTTP/1.1" 200 0
2025-02-28 07:02:05,772 - DEBUG - [remote_connection.py:436] - Remote response: status=200 | data={"value":"872円"} | headers=HTTPHeaderDict({'Content-Length': '18', 'Content-Type': 'application/json; charset=utf-8', 'cache-control': 'no-cache'})
2025-02-28 07:02:05,772 - DEBUG - [remote_connection.py:465] - Finished Request
2025-02-28 07:02:05,772 - INFO - [simplex_nav_parser.py:95] - Found NAV element with text: '872円'
2025-02-28 07:02:05,772 - INFO - [simplex_nav_parser.py:102] - Extracted NAV value: 872.0
2025-02-28 07:02:05,772 - INFO - [simplex_nav_parser.py:224] - Final NAV data: {'timestamp': '202502280702', 'source': 'https://www.simplexasset.com/etf/eng/etf.html (browser rendered)', 'fund_date': '20250227', 'nav': 872.0, 'fund_code': '318A'}
2025-02-28 07:02:05,772 - DEBUG - [remote_connection.py:403] - DELETE http://localhost:38499/session/a622f38b004f84bac712d69982a6a8f2 {}
2025-02-28 07:02:05,824 - DEBUG - [connectionpool.py:544] - http://localhost:38499 "DELETE /session/a622f38b004f84bac712d69982a6a8f2 HTTP/1.1" 200 0
2025-02-28 07:02:05,824 - DEBUG - [remote_connection.py:436] - Remote response: status=200 | data={"value":null} | headers=HTTPHeaderDict({'Content-Length': '14', 'Content-Type': 'application/json; charset=utf-8', 'cache-control': 'no-cache'})
2025-02-28 07:02:05,824 - DEBUG - [remote_connection.py:465] - Finished Request
2025-02-28 07:02:05,840 - INFO - [simplex_nav_parser.py:231] - WebDriver closed successfully
2025-02-28 07:02:05,842 - INFO - [simplex_nav_parser.py:266] - Saved daily NAV data to data/nav_data_202502280702.csv
2025-02-28 07:02:05,845 - INFO - [simplex_nav_parser.py:288] - Updated master NAV data file data/nav_data_master.csv
2025-02-28 07:02:05,845 - INFO - [simplex_nav_parser.py:312] - Successfully saved NAV data to data/nav_data_202502280702.csv and data/nav_data_master.csv
