2025-02-27 10:47:39,496 - INFO - [yahoo_vix_downloader.py:21] - Downloading VIX futures data from Yahoo Finance...
2025-02-27 10:47:39,496 - DEBUG - [utils.py:101] - Entering download()
2025-02-27 10:47:39,496 - DEBUG - [multi.py:106] - Disabling multithreading because DEBUG logging enabled
2025-02-27 10:47:39,496 - DEBUG - [utils.py:101] -  Entering history()
2025-02-27 10:47:39,501 - DEBUG - [peewee.py:3319] - ('CREATE TABLE IF NOT EXISTS "_kv" ("key" VARCHAR(255) NOT NULL PRIMARY KEY, "value" VARCHAR(255)) WITHOUT ROWID', [])
2025-02-27 10:47:39,502 - DEBUG - [peewee.py:3319] - ('SELECT "t1"."key", "t1"."value" FROM "_kv" AS "t1" WHERE ("t1"."key" = ?) LIMIT ? OFFSET ?', ['^VIX', 1, 0])
2025-02-27 10:47:39,503 - DEBUG - [utils.py:101] -   Entering _fetch_ticker_tz()
2025-02-27 10:47:39,503 - DEBUG - [utils.py:101] -    Entering get()
2025-02-27 10:47:39,503 - DEBUG - [utils.py:101] -     Entering _make_request()
2025-02-27 10:47:39,503 - DEBUG - [data.py:360] - url=https://query2.finance.yahoo.com/v8/finance/chart/^VIX
2025-02-27 10:47:39,503 - DEBUG - [data.py:361] - params=frozendict.frozendict({'range': '1d', 'interval': '1d'})
2025-02-27 10:47:39,503 - DEBUG - [utils.py:101] -      Entering _get_cookie_and_crumb()
2025-02-27 10:47:39,503 - DEBUG - [data.py:326] - cookie_mode = 'basic'
2025-02-27 10:47:39,504 - DEBUG - [utils.py:101] -       Entering _get_cookie_and_crumb_basic()
2025-02-27 10:47:39,505 - DEBUG - [peewee.py:3319] - ('CREATE TABLE IF NOT EXISTS "_cookieschema" ("strategy" VARCHAR(255) NOT NULL PRIMARY KEY, "fetch_date" DATETIME NOT NULL, "cookie_bytes" BLOB NOT NULL) WITHOUT ROWID', [])
2025-02-27 10:47:39,506 - DEBUG - [peewee.py:3319] - ('SELECT "t1"."strategy", "t1"."fetch_date", "t1"."cookie_bytes" FROM "_cookieschema" AS "t1" WHERE ("t1"."strategy" = ?) LIMIT ? OFFSET ?', ['basic', 1, 0])
2025-02-27 10:47:39,508 - DEBUG - [connectionpool.py:1049] - Starting new HTTPS connection (1): fc.yahoo.com:443
2025-02-27 10:47:39,597 - DEBUG - [connectionpool.py:544] - https://fc.yahoo.com:443 "GET / HTTP/1.1" 404 4744
2025-02-27 10:47:39,598 - DEBUG - [peewee.py:3319] - ('DELETE FROM "_cookieschema" WHERE ("_cookieschema"."strategy" = ?)', ['basic'])
2025-02-27 10:47:39,598 - DEBUG - [peewee.py:3319] - ('BEGIN', None)
2025-02-27 10:47:39,599 - DEBUG - [peewee.py:3319] - ('INSERT INTO "_cookieschema" ("strategy", "fetch_date", "cookie_bytes") VALUES (?, ?, ?)', ['basic', '2025-02-27T10:47:39.598956', <memory at 0x7ffb4f166c80>])
2025-02-27 10:47:39,599 - DEBUG - [data.py:181] - fetched basic cookie = <Cookie A3=d=AQABBMtCwGcCEB_yzNeXkGY3HEHI7aH8p5wFEgEBAQGUwWfKZ9xV0iMA_eMAAA&S=AQAAAqGjj18mWJCZSAKJryIddw4 for .yahoo.com/>
2025-02-27 10:47:39,599 - DEBUG - [data.py:157] - reusing cookie
2025-02-27 10:47:39,600 - DEBUG - [connectionpool.py:1049] - Starting new HTTPS connection (1): query1.finance.yahoo.com:443
2025-02-27 10:47:39,640 - DEBUG - [connectionpool.py:544] - https://query1.finance.yahoo.com:443 "GET /v1/test/getcrumb HTTP/1.1" 200 11
2025-02-27 10:47:39,640 - DEBUG - [data.py:212] - crumb = 'O3k4sGtDR5b'
2025-02-27 10:47:39,640 - DEBUG - [utils.py:106] -       Exiting _get_cookie_and_crumb_basic()
2025-02-27 10:47:39,640 - DEBUG - [utils.py:106] -      Exiting _get_cookie_and_crumb()
2025-02-27 10:47:39,641 - DEBUG - [connectionpool.py:1049] - Starting new HTTPS connection (1): query2.finance.yahoo.com:443
2025-02-27 10:47:39,679 - DEBUG - [connectionpool.py:544] - https://query2.finance.yahoo.com:443 "GET /v8/finance/chart/%5EVIX?range=1d&interval=1d&crumb=O3k4sGtDR5b HTTP/1.1" 200 1184
2025-02-27 10:47:39,679 - DEBUG - [data.py:393] - response code=200
2025-02-27 10:47:39,680 - DEBUG - [utils.py:106] -     Exiting _make_request()
2025-02-27 10:47:39,680 - DEBUG - [utils.py:106] -    Exiting get()
2025-02-27 10:47:39,680 - DEBUG - [utils.py:106] -   Exiting _fetch_ticker_tz()
2025-02-27 10:47:39,692 - DEBUG - [peewee.py:3319] - ('BEGIN', None)
2025-02-27 10:47:39,692 - DEBUG - [peewee.py:3319] - ('INSERT INTO "_kv" ("key", "value") VALUES (?, ?)', ['^VIX', 'America/Chicago'])
2025-02-27 10:47:39,693 - DEBUG - [utils.py:101] -   Entering history()
2025-02-27 10:47:39,693 - DEBUG - [history.py:161] - ^VIX: Yahoo GET parameters: {'range': '1d', 'interval': '1d', 'includePrePost': False, 'events': 'div,splits,capitalGains'}
2025-02-27 10:47:39,693 - DEBUG - [utils.py:101] -    Entering get()
2025-02-27 10:47:39,693 - DEBUG - [utils.py:101] -     Entering _make_request()
2025-02-27 10:47:39,693 - DEBUG - [data.py:360] - url=https://query2.finance.yahoo.com/v8/finance/chart/^VIX
2025-02-27 10:47:39,693 - DEBUG - [data.py:361] - params={'range': '1d', 'interval': '1d', 'includePrePost': False, 'events': 'div,splits,capitalGains'}
2025-02-27 10:47:39,693 - DEBUG - [utils.py:101] -      Entering _get_cookie_and_crumb()
2025-02-27 10:47:39,694 - DEBUG - [data.py:326] - cookie_mode = 'basic'
2025-02-27 10:47:39,694 - DEBUG - [utils.py:101] -       Entering _get_cookie_and_crumb_basic()
2025-02-27 10:47:39,694 - DEBUG - [data.py:157] - reusing cookie
2025-02-27 10:47:39,694 - DEBUG - [data.py:186] - reusing crumb
2025-02-27 10:47:39,694 - DEBUG - [utils.py:106] -       Exiting _get_cookie_and_crumb_basic()
2025-02-27 10:47:39,694 - DEBUG - [utils.py:106] -      Exiting _get_cookie_and_crumb()
2025-02-27 10:47:39,721 - DEBUG - [connectionpool.py:544] - https://query2.finance.yahoo.com:443 "GET /v8/finance/chart/%5EVIX?range=1d&interval=1d&includePrePost=False&events=div%2Csplits%2CcapitalGains&crumb=O3k4sGtDR5b HTTP/1.1" 200 1184
2025-02-27 10:47:39,722 - DEBUG - [data.py:393] - response code=200
2025-02-27 10:47:39,722 - DEBUG - [utils.py:106] -     Exiting _make_request()
2025-02-27 10:47:39,722 - DEBUG - [utils.py:106] -    Exiting get()
2025-02-27 10:47:39,723 - DEBUG - [history.py:272] - ^VIX: yfinance received OHLC data: 2025-02-27 10:32:31 only
2025-02-27 10:47:39,725 - DEBUG - [history.py:315] - ^VIX: OHLC after cleaning: 2025-02-27 04:32:31-06:00 only
2025-02-27 10:47:39,728 - DEBUG - [history.py:384] - ^VIX: OHLC after combining events: 2025-02-27 00:00:00-06:00 only
2025-02-27 10:47:39,733 - DEBUG - [history.py:462] - ^VIX: yfinance returning OHLC: 2025-02-27 00:00:00-06:00 only
2025-02-27 10:47:39,733 - DEBUG - [utils.py:106] -   Exiting history()
2025-02-27 10:47:39,734 - DEBUG - [utils.py:106] -  Exiting history()
2025-02-27 10:47:39,736 - DEBUG - [utils.py:106] - Exiting download()
2025-02-27 10:47:39,737 - INFO - [yahoo_vix_downloader.py:39] - Yahoo: ^VIX = 18.010000228881836
2025-02-27 10:47:39,737 - DEBUG - [yahoo_vix_downloader.py:67] - Position to contract mapping: {1: '/VXH5', 2: '/VXJ5', 3: '/VXK5'}
2025-02-27 10:47:39,737 - INFO - [yahoo_vix_downloader.py:73] - Trying ticker pattern group: ['^VFTW1', '^VFTW2', '^VFTW3']
2025-02-27 10:47:39,737 - DEBUG - [yahoo_vix_downloader.py:77] - Downloading ^VFTW1 from Yahoo Finance
2025-02-27 10:47:39,737 - DEBUG - [utils.py:101] - Entering download()
2025-02-27 10:47:39,737 - DEBUG - [multi.py:106] - Disabling multithreading because DEBUG logging enabled
2025-02-27 10:47:39,737 - DEBUG - [utils.py:101] -  Entering history()
2025-02-27 10:47:39,738 - DEBUG - [peewee.py:3319] - ('SELECT "t1"."key", "t1"."value" FROM "_kv" AS "t1" WHERE ("t1"."key" = ?) LIMIT ? OFFSET ?', ['^VFTW1', 1, 0])
2025-02-27 10:47:39,738 - DEBUG - [utils.py:101] -   Entering _fetch_ticker_tz()
2025-02-27 10:47:39,738 - DEBUG - [utils.py:101] -    Entering get()
2025-02-27 10:47:39,738 - DEBUG - [utils.py:101] -     Entering _make_request()
2025-02-27 10:47:39,738 - DEBUG - [data.py:360] - url=https://query2.finance.yahoo.com/v8/finance/chart/^VFTW1
2025-02-27 10:47:39,738 - DEBUG - [data.py:361] - params=frozendict.frozendict({'range': '1d', 'interval': '1d'})
2025-02-27 10:47:39,738 - DEBUG - [utils.py:101] -      Entering _get_cookie_and_crumb()
2025-02-27 10:47:39,738 - DEBUG - [data.py:326] - cookie_mode = 'basic'
2025-02-27 10:47:39,739 - DEBUG - [utils.py:101] -       Entering _get_cookie_and_crumb_basic()
2025-02-27 10:47:39,739 - DEBUG - [data.py:157] - reusing cookie
2025-02-27 10:47:39,739 - DEBUG - [data.py:186] - reusing crumb
2025-02-27 10:47:39,739 - DEBUG - [utils.py:106] -       Exiting _get_cookie_and_crumb_basic()
2025-02-27 10:47:39,739 - DEBUG - [utils.py:106] -      Exiting _get_cookie_and_crumb()
2025-02-27 10:47:39,766 - DEBUG - [connectionpool.py:544] - https://query2.finance.yahoo.com:443 "GET /v8/finance/chart/%5EVFTW1?range=1d&interval=1d&crumb=O3k4sGtDR5b HTTP/1.1" 200 1092
2025-02-27 10:47:39,767 - DEBUG - [data.py:393] - response code=200
2025-02-27 10:47:39,767 - DEBUG - [utils.py:106] -     Exiting _make_request()
2025-02-27 10:47:39,767 - DEBUG - [utils.py:106] -    Exiting get()
2025-02-27 10:47:39,767 - DEBUG - [utils.py:106] -   Exiting _fetch_ticker_tz()
2025-02-27 10:47:39,768 - DEBUG - [peewee.py:3319] - ('BEGIN', None)
2025-02-27 10:47:39,768 - DEBUG - [peewee.py:3319] - ('INSERT INTO "_kv" ("key", "value") VALUES (?, ?)', ['^VFTW1', 'America/New_York'])
2025-02-27 10:47:39,769 - DEBUG - [utils.py:101] -   Entering history()
2025-02-27 10:47:39,769 - DEBUG - [history.py:161] - ^VFTW1: Yahoo GET parameters: {'range': '1d', 'interval': '1d', 'includePrePost': False, 'events': 'div,splits,capitalGains'}
2025-02-27 10:47:39,769 - DEBUG - [utils.py:101] -    Entering get()
2025-02-27 10:47:39,769 - DEBUG - [utils.py:101] -     Entering _make_request()
2025-02-27 10:47:39,770 - DEBUG - [data.py:360] - url=https://query2.finance.yahoo.com/v8/finance/chart/^VFTW1
2025-02-27 10:47:39,770 - DEBUG - [data.py:361] - params={'range': '1d', 'interval': '1d', 'includePrePost': False, 'events': 'div,splits,capitalGains'}
2025-02-27 10:47:39,770 - DEBUG - [utils.py:101] -      Entering _get_cookie_and_crumb()
2025-02-27 10:47:39,770 - DEBUG - [data.py:326] - cookie_mode = 'basic'
2025-02-27 10:47:39,770 - DEBUG - [utils.py:101] -       Entering _get_cookie_and_crumb_basic()
2025-02-27 10:47:39,770 - DEBUG - [data.py:157] - reusing cookie
2025-02-27 10:47:39,770 - DEBUG - [data.py:186] - reusing crumb
2025-02-27 10:47:39,770 - DEBUG - [utils.py:106] -       Exiting _get_cookie_and_crumb_basic()
2025-02-27 10:47:39,770 - DEBUG - [utils.py:106] -      Exiting _get_cookie_and_crumb()
2025-02-27 10:47:39,797 - DEBUG - [connectionpool.py:544] - https://query2.finance.yahoo.com:443 "GET /v8/finance/chart/%5EVFTW1?range=1d&interval=1d&includePrePost=False&events=div%2Csplits%2CcapitalGains&crumb=O3k4sGtDR5b HTTP/1.1" 200 1092
2025-02-27 10:47:39,798 - DEBUG - [data.py:393] - response code=200
2025-02-27 10:47:39,798 - DEBUG - [utils.py:106] -     Exiting _make_request()
2025-02-27 10:47:39,798 - DEBUG - [utils.py:106] -    Exiting get()
2025-02-27 10:47:39,799 - DEBUG - [history.py:272] - ^VFTW1: yfinance received OHLC data: 2025-02-26 21:03:50 only
2025-02-27 10:47:39,800 - DEBUG - [history.py:315] - ^VFTW1: OHLC after cleaning: 2025-02-26 16:03:50-05:00 only
2025-02-27 10:47:39,803 - DEBUG - [history.py:384] - ^VFTW1: OHLC after combining events: 2025-02-26 00:00:00-05:00 only
2025-02-27 10:47:39,807 - DEBUG - [history.py:462] - ^VFTW1: yfinance returning OHLC: 2025-02-26 00:00:00-05:00 only
2025-02-27 10:47:39,807 - DEBUG - [utils.py:106] -   Exiting history()
2025-02-27 10:47:39,807 - DEBUG - [utils.py:106] -  Exiting history()
2025-02-27 10:47:39,809 - DEBUG - [utils.py:106] - Exiting download()
2025-02-27 10:47:39,810 - INFO - [yahoo_vix_downloader.py:99] - Yahoo: ^VFTW1 → YAHOO:VXH5 = 18.139999389648438
2025-02-27 10:47:39,811 - DEBUG - [yahoo_vix_downloader.py:77] - Downloading ^VFTW2 from Yahoo Finance
2025-02-27 10:47:39,811 - DEBUG - [utils.py:101] - Entering download()
2025-02-27 10:47:39,811 - DEBUG - [multi.py:106] - Disabling multithreading because DEBUG logging enabled
2025-02-27 10:47:39,811 - DEBUG - [utils.py:101] -  Entering history()
2025-02-27 10:47:39,811 - DEBUG - [peewee.py:3319] - ('SELECT "t1"."key", "t1"."value" FROM "_kv" AS "t1" WHERE ("t1"."key" = ?) LIMIT ? OFFSET ?', ['^VFTW2', 1, 0])
2025-02-27 10:47:39,812 - DEBUG - [utils.py:101] -   Entering _fetch_ticker_tz()
2025-02-27 10:47:39,812 - DEBUG - [utils.py:101] -    Entering get()
2025-02-27 10:47:39,812 - DEBUG - [utils.py:101] -     Entering _make_request()
2025-02-27 10:47:39,812 - DEBUG - [data.py:360] - url=https://query2.finance.yahoo.com/v8/finance/chart/^VFTW2
2025-02-27 10:47:39,812 - DEBUG - [data.py:361] - params=frozendict.frozendict({'range': '1d', 'interval': '1d'})
2025-02-27 10:47:39,812 - DEBUG - [utils.py:101] -      Entering _get_cookie_and_crumb()
2025-02-27 10:47:39,812 - DEBUG - [data.py:326] - cookie_mode = 'basic'
2025-02-27 10:47:39,812 - DEBUG - [utils.py:101] -       Entering _get_cookie_and_crumb_basic()
2025-02-27 10:47:39,812 - DEBUG - [data.py:157] - reusing cookie
2025-02-27 10:47:39,812 - DEBUG - [data.py:186] - reusing crumb
2025-02-27 10:47:39,813 - DEBUG - [utils.py:106] -       Exiting _get_cookie_and_crumb_basic()
2025-02-27 10:47:39,813 - DEBUG - [utils.py:106] -      Exiting _get_cookie_and_crumb()
2025-02-27 10:47:39,842 - DEBUG - [connectionpool.py:544] - https://query2.finance.yahoo.com:443 "GET /v8/finance/chart/%5EVFTW2?range=1d&interval=1d&crumb=O3k4sGtDR5b HTTP/1.1" 200 1091
2025-02-27 10:47:39,843 - DEBUG - [data.py:393] - response code=200
2025-02-27 10:47:39,843 - DEBUG - [utils.py:106] -     Exiting _make_request()
2025-02-27 10:47:39,843 - DEBUG - [utils.py:106] -    Exiting get()
2025-02-27 10:47:39,843 - DEBUG - [utils.py:106] -   Exiting _fetch_ticker_tz()
2025-02-27 10:47:39,843 - DEBUG - [peewee.py:3319] - ('BEGIN', None)
2025-02-27 10:47:39,843 - DEBUG - [peewee.py:3319] - ('INSERT INTO "_kv" ("key", "value") VALUES (?, ?)', ['^VFTW2', 'America/New_York'])
2025-02-27 10:47:39,844 - DEBUG - [utils.py:101] -   Entering history()
2025-02-27 10:47:39,844 - DEBUG - [history.py:161] - ^VFTW2: Yahoo GET parameters: {'range': '1d', 'interval': '1d', 'includePrePost': False, 'events': 'div,splits,capitalGains'}
2025-02-27 10:47:39,844 - DEBUG - [utils.py:101] -    Entering get()
2025-02-27 10:47:39,844 - DEBUG - [utils.py:101] -     Entering _make_request()
2025-02-27 10:47:39,845 - DEBUG - [data.py:360] - url=https://query2.finance.yahoo.com/v8/finance/chart/^VFTW2
2025-02-27 10:47:39,845 - DEBUG - [data.py:361] - params={'range': '1d', 'interval': '1d', 'includePrePost': False, 'events': 'div,splits,capitalGains'}
2025-02-27 10:47:39,845 - DEBUG - [utils.py:101] -      Entering _get_cookie_and_crumb()
2025-02-27 10:47:39,845 - DEBUG - [data.py:326] - cookie_mode = 'basic'
2025-02-27 10:47:39,845 - DEBUG - [utils.py:101] -       Entering _get_cookie_and_crumb_basic()
2025-02-27 10:47:39,845 - DEBUG - [data.py:157] - reusing cookie
2025-02-27 10:47:39,845 - DEBUG - [data.py:186] - reusing crumb
2025-02-27 10:47:39,845 - DEBUG - [utils.py:106] -       Exiting _get_cookie_and_crumb_basic()
2025-02-27 10:47:39,845 - DEBUG - [utils.py:106] -      Exiting _get_cookie_and_crumb()
2025-02-27 10:47:39,874 - DEBUG - [connectionpool.py:544] - https://query2.finance.yahoo.com:443 "GET /v8/finance/chart/%5EVFTW2?range=1d&interval=1d&includePrePost=False&events=div%2Csplits%2CcapitalGains&crumb=O3k4sGtDR5b HTTP/1.1" 200 1091
2025-02-27 10:47:39,874 - DEBUG - [data.py:393] - response code=200
2025-02-27 10:47:39,874 - DEBUG - [utils.py:106] -     Exiting _make_request()
2025-02-27 10:47:39,875 - DEBUG - [utils.py:106] -    Exiting get()
2025-02-27 10:47:39,876 - DEBUG - [history.py:272] - ^VFTW2: yfinance received OHLC data: 2025-02-26 21:03:50 only
2025-02-27 10:47:39,876 - DEBUG - [history.py:315] - ^VFTW2: OHLC after cleaning: 2025-02-26 16:03:50-05:00 only
2025-02-27 10:47:39,879 - DEBUG - [history.py:384] - ^VFTW2: OHLC after combining events: 2025-02-26 00:00:00-05:00 only
2025-02-27 10:47:39,883 - DEBUG - [history.py:462] - ^VFTW2: yfinance returning OHLC: 2025-02-26 00:00:00-05:00 only
2025-02-27 10:47:39,883 - DEBUG - [utils.py:106] -   Exiting history()
2025-02-27 10:47:39,884 - DEBUG - [utils.py:106] -  Exiting history()
2025-02-27 10:47:39,886 - DEBUG - [utils.py:106] - Exiting download()
2025-02-27 10:47:39,887 - INFO - [yahoo_vix_downloader.py:99] - Yahoo: ^VFTW2 → YAHOO:VXJ5 = 18.610000610351562
2025-02-27 10:47:39,887 - DEBUG - [yahoo_vix_downloader.py:77] - Downloading ^VFTW3 from Yahoo Finance
2025-02-27 10:47:39,887 - DEBUG - [utils.py:101] - Entering download()
2025-02-27 10:47:39,887 - DEBUG - [multi.py:106] - Disabling multithreading because DEBUG logging enabled
2025-02-27 10:47:39,887 - DEBUG - [utils.py:101] -  Entering history()
2025-02-27 10:47:39,887 - DEBUG - [peewee.py:3319] - ('SELECT "t1"."key", "t1"."value" FROM "_kv" AS "t1" WHERE ("t1"."key" = ?) LIMIT ? OFFSET ?', ['^VFTW3', 1, 0])
2025-02-27 10:47:39,888 - DEBUG - [utils.py:101] -   Entering _fetch_ticker_tz()
2025-02-27 10:47:39,888 - DEBUG - [utils.py:101] -    Entering get()
2025-02-27 10:47:39,888 - DEBUG - [utils.py:101] -     Entering _make_request()
2025-02-27 10:47:39,888 - DEBUG - [data.py:360] - url=https://query2.finance.yahoo.com/v8/finance/chart/^VFTW3
2025-02-27 10:47:39,888 - DEBUG - [data.py:361] - params=frozendict.frozendict({'range': '1d', 'interval': '1d'})
2025-02-27 10:47:39,888 - DEBUG - [utils.py:101] -      Entering _get_cookie_and_crumb()
2025-02-27 10:47:39,888 - DEBUG - [data.py:326] - cookie_mode = 'basic'
2025-02-27 10:47:39,888 - DEBUG - [utils.py:101] -       Entering _get_cookie_and_crumb_basic()
2025-02-27 10:47:39,888 - DEBUG - [data.py:157] - reusing cookie
2025-02-27 10:47:39,889 - DEBUG - [data.py:186] - reusing crumb
2025-02-27 10:47:39,889 - DEBUG - [utils.py:106] -       Exiting _get_cookie_and_crumb_basic()
2025-02-27 10:47:39,889 - DEBUG - [utils.py:106] -      Exiting _get_cookie_and_crumb()
2025-02-27 10:47:39,916 - DEBUG - [connectionpool.py:544] - https://query2.finance.yahoo.com:443 "GET /v8/finance/chart/%5EVFTW3?range=1d&interval=1d&crumb=O3k4sGtDR5b HTTP/1.1" 404 108
2025-02-27 10:47:39,917 - DEBUG - [data.py:393] - response code=404
2025-02-27 10:47:39,917 - DEBUG - [data.py:111] - toggling cookie strategy basic -> csrf
2025-02-27 10:47:39,917 - DEBUG - [utils.py:101] -      Entering _get_cookie_and_crumb()
2025-02-27 10:47:39,917 - DEBUG - [data.py:326] - cookie_mode = 'csrf'
2025-02-27 10:47:39,917 - DEBUG - [utils.py:101] -       Entering _get_crumb_csrf()
2025-02-27 10:47:39,917 - DEBUG - [peewee.py:3319] - ('SELECT "t1"."strategy", "t1"."fetch_date", "t1"."cookie_bytes" FROM "_cookieschema" AS "t1" WHERE ("t1"."strategy" = ?) LIMIT ? OFFSET ?', ['csrf', 1, 0])
2025-02-27 10:47:39,919 - DEBUG - [connectionpool.py:1049] - Starting new HTTPS connection (1): guce.yahoo.com:443
2025-02-27 10:47:40,119 - DEBUG - [connectionpool.py:544] - https://guce.yahoo.com:443 "GET /consent HTTP/1.1" 302 0
2025-02-27 10:47:40,121 - DEBUG - [connectionpool.py:1049] - Starting new HTTPS connection (1): www.yahoo.com:443
2025-02-27 10:47:40,592 - DEBUG - [connectionpool.py:544] - https://www.yahoo.com:443 "GET /?guccounter=1 HTTP/1.1" 200 None
2025-02-27 10:47:40,680 - DEBUG - [data.py:251] - Failed to find "csrfToken" in response
2025-02-27 10:47:40,680 - DEBUG - [utils.py:106] -       Exiting _get_crumb_csrf()
2025-02-27 10:47:40,680 - DEBUG - [data.py:107] - toggling cookie strategy csrf -> basic
2025-02-27 10:47:40,680 - DEBUG - [utils.py:101] -       Entering _get_cookie_and_crumb_basic()
2025-02-27 10:47:40,681 - DEBUG - [peewee.py:3319] - ('SELECT "t1"."strategy", "t1"."fetch_date", "t1"."cookie_bytes" FROM "_cookieschema" AS "t1" WHERE ("t1"."strategy" = ?) LIMIT ? OFFSET ?', ['basic', 1, 0])
2025-02-27 10:47:40,681 - DEBUG - [data.py:152] - loaded persistent cookie
2025-02-27 10:47:40,681 - DEBUG - [data.py:157] - reusing cookie
2025-02-27 10:47:40,708 - DEBUG - [connectionpool.py:544] - https://query1.finance.yahoo.com:443 "GET /v1/test/getcrumb HTTP/1.1" 200 11
2025-02-27 10:47:40,708 - DEBUG - [data.py:212] - crumb = 'O3k4sGtDR5b'
2025-02-27 10:47:40,708 - DEBUG - [utils.py:106] -       Exiting _get_cookie_and_crumb_basic()
2025-02-27 10:47:40,708 - DEBUG - [utils.py:106] -      Exiting _get_cookie_and_crumb()
2025-02-27 10:47:40,746 - DEBUG - [connectionpool.py:544] - https://query2.finance.yahoo.com:443 "GET /v8/finance/chart/%5EVFTW3?range=1d&interval=1d&crumb=O3k4sGtDR5b HTTP/1.1" 404 108
2025-02-27 10:47:40,746 - DEBUG - [data.py:405] - response code=404
2025-02-27 10:47:40,746 - DEBUG - [utils.py:106] -     Exiting _make_request()
2025-02-27 10:47:40,746 - DEBUG - [utils.py:106] -    Exiting get()
2025-02-27 10:47:40,746 - DEBUG - [base.py:137] - Got error from yahoo api for ticker ^VFTW3, Error: {'code': 'Not Found', 'description': 'No data found, symbol may be delisted'}
2025-02-27 10:47:40,746 - DEBUG - [utils.py:106] -   Exiting _fetch_ticker_tz()
2025-02-27 10:47:40,747 - DEBUG - [utils.py:101] -   Entering history()
2025-02-27 10:47:40,747 - DEBUG - [history.py:161] - ^VFTW3: Yahoo GET parameters: {'range': '1d', 'interval': '1d', 'includePrePost': False, 'events': 'div,splits,capitalGains'}
2025-02-27 10:47:40,747 - DEBUG - [utils.py:101] -    Entering get()
2025-02-27 10:47:40,747 - DEBUG - [utils.py:101] -     Entering _make_request()
2025-02-27 10:47:40,747 - DEBUG - [data.py:360] - url=https://query2.finance.yahoo.com/v8/finance/chart/^VFTW3
2025-02-27 10:47:40,747 - DEBUG - [data.py:361] - params={'range': '1d', 'interval': '1d', 'includePrePost': False, 'events': 'div,splits,capitalGains'}
2025-02-27 10:47:40,747 - DEBUG - [utils.py:101] -      Entering _get_cookie_and_crumb()
2025-02-27 10:47:40,747 - DEBUG - [data.py:326] - cookie_mode = 'basic'
2025-02-27 10:47:40,747 - DEBUG - [utils.py:101] -       Entering _get_cookie_and_crumb_basic()
2025-02-27 10:47:40,747 - DEBUG - [data.py:157] - reusing cookie
2025-02-27 10:47:40,747 - DEBUG - [data.py:186] - reusing crumb
2025-02-27 10:47:40,747 - DEBUG - [utils.py:106] -       Exiting _get_cookie_and_crumb_basic()
2025-02-27 10:47:40,747 - DEBUG - [utils.py:106] -      Exiting _get_cookie_and_crumb()
2025-02-27 10:47:40,777 - DEBUG - [connectionpool.py:544] - https://query2.finance.yahoo.com:443 "GET /v8/finance/chart/%5EVFTW3?range=1d&interval=1d&includePrePost=False&events=div%2Csplits%2CcapitalGains&crumb=O3k4sGtDR5b HTTP/1.1" 404 108
2025-02-27 10:47:40,777 - DEBUG - [data.py:393] - response code=404
2025-02-27 10:47:40,777 - DEBUG - [data.py:111] - toggling cookie strategy basic -> csrf
2025-02-27 10:47:40,777 - DEBUG - [utils.py:101] -      Entering _get_cookie_and_crumb()
2025-02-27 10:47:40,777 - DEBUG - [data.py:326] - cookie_mode = 'csrf'
2025-02-27 10:47:40,777 - DEBUG - [utils.py:101] -       Entering _get_crumb_csrf()
2025-02-27 10:47:40,778 - DEBUG - [peewee.py:3319] - ('SELECT "t1"."strategy", "t1"."fetch_date", "t1"."cookie_bytes" FROM "_cookieschema" AS "t1" WHERE ("t1"."strategy" = ?) LIMIT ? OFFSET ?', ['csrf', 1, 0])
2025-02-27 10:47:40,864 - DEBUG - [connectionpool.py:544] - https://guce.yahoo.com:443 "GET /consent HTTP/1.1" 302 0
2025-02-27 10:47:41,144 - DEBUG - [connectionpool.py:544] - https://www.yahoo.com:443 "GET /?guccounter=1 HTTP/1.1" 200 None
2025-02-27 10:47:41,204 - DEBUG - [data.py:251] - Failed to find "csrfToken" in response
2025-02-27 10:47:41,205 - DEBUG - [utils.py:106] -       Exiting _get_crumb_csrf()
2025-02-27 10:47:41,205 - DEBUG - [data.py:107] - toggling cookie strategy csrf -> basic
2025-02-27 10:47:41,205 - DEBUG - [utils.py:101] -       Entering _get_cookie_and_crumb_basic()
2025-02-27 10:47:41,205 - DEBUG - [peewee.py:3319] - ('SELECT "t1"."strategy", "t1"."fetch_date", "t1"."cookie_bytes" FROM "_cookieschema" AS "t1" WHERE ("t1"."strategy" = ?) LIMIT ? OFFSET ?', ['basic', 1, 0])
2025-02-27 10:47:41,206 - DEBUG - [data.py:152] - loaded persistent cookie
2025-02-27 10:47:41,206 - DEBUG - [data.py:157] - reusing cookie
2025-02-27 10:47:41,233 - DEBUG - [connectionpool.py:544] - https://query1.finance.yahoo.com:443 "GET /v1/test/getcrumb HTTP/1.1" 200 11
2025-02-27 10:47:41,233 - DEBUG - [data.py:212] - crumb = 'O3k4sGtDR5b'
2025-02-27 10:47:41,233 - DEBUG - [utils.py:106] -       Exiting _get_cookie_and_crumb_basic()
2025-02-27 10:47:41,233 - DEBUG - [utils.py:106] -      Exiting _get_cookie_and_crumb()
2025-02-27 10:47:41,264 - DEBUG - [connectionpool.py:544] - https://query2.finance.yahoo.com:443 "GET /v8/finance/chart/%5EVFTW3?range=1d&interval=1d&includePrePost=False&events=div%2Csplits%2CcapitalGains&crumb=O3k4sGtDR5b HTTP/1.1" 404 108
2025-02-27 10:47:41,264 - DEBUG - [data.py:405] - response code=404
2025-02-27 10:47:41,264 - DEBUG - [utils.py:106] -     Exiting _make_request()
2025-02-27 10:47:41,264 - DEBUG - [utils.py:106] -    Exiting get()
2025-02-27 10:47:41,266 - ERROR - [multi.py:181] - 
1 Failed download:
2025-02-27 10:47:41,266 - ERROR - [multi.py:194] - ['^VFTW3']: YFPricesMissingError('possibly delisted; no price data found  (period=1d) (Yahoo error = "No data found, symbol may be delisted")')
2025-02-27 10:47:41,266 - DEBUG - [multi.py:206] - ['^VFTW3']: Traceback (most recent call last):
  File "/opt/hostedtoolcache/Python/3.10.16/x64/lib/python3.10/site-packages/yfinance/multi.py", line 277, in _download_one
    data = Ticker(ticker).history(
  File "/opt/hostedtoolcache/Python/3.10.16/x64/lib/python3.10/site-packages/yfinance/utils.py", line 104, in wrapper
    result = func(*args, **kwargs)
  File "/opt/hostedtoolcache/Python/3.10.16/x64/lib/python3.10/site-packages/yfinance/base.py", line 80, in history
    return self._lazy_load_price_history().history(*args, **kwargs)
  File "/opt/hostedtoolcache/Python/3.10.16/x64/lib/python3.10/site-packages/yfinance/utils.py", line 104, in wrapper
    result = func(*args, **kwargs)
  File "/opt/hostedtoolcache/Python/3.10.16/x64/lib/python3.10/site-packages/yfinance/scrapers/history.py", line 245, in history
    raise _exception
yfinance.exceptions.YFPricesMissingError: possibly delisted; no price data found  (period=1d) (Yahoo error = "No data found, symbol may be delisted")

2025-02-27 10:47:41,269 - DEBUG - [utils.py:106] - Exiting download()
2025-02-27 10:47:41,269 - WARNING - [yahoo_vix_downloader.py:105] - No data found for ticker ^VFTW3
2025-02-27 10:47:41,269 - INFO - [yahoo_vix_downloader.py:73] - Trying ticker pattern group: ['^VXIND1', '^VXIND2', '^VXIND3']
2025-02-27 10:47:41,269 - DEBUG - [yahoo_vix_downloader.py:77] - Downloading ^VXIND1 from Yahoo Finance
2025-02-27 10:47:41,269 - DEBUG - [utils.py:101] - Entering download()
2025-02-27 10:47:41,269 - DEBUG - [multi.py:106] - Disabling multithreading because DEBUG logging enabled
2025-02-27 10:47:41,269 - DEBUG - [utils.py:101] -  Entering history()
2025-02-27 10:47:41,270 - DEBUG - [peewee.py:3319] - ('SELECT "t1"."key", "t1"."value" FROM "_kv" AS "t1" WHERE ("t1"."key" = ?) LIMIT ? OFFSET ?', ['^VXIND1', 1, 0])
2025-02-27 10:47:41,270 - DEBUG - [utils.py:101] -   Entering _fetch_ticker_tz()
2025-02-27 10:47:41,270 - DEBUG - [utils.py:101] -    Entering get()
2025-02-27 10:47:41,270 - DEBUG - [utils.py:101] -     Entering _make_request()
2025-02-27 10:47:41,271 - DEBUG - [data.py:360] - url=https://query2.finance.yahoo.com/v8/finance/chart/^VXIND1
2025-02-27 10:47:41,271 - DEBUG - [data.py:361] - params=frozendict.frozendict({'range': '1d', 'interval': '1d'})
2025-02-27 10:47:41,271 - DEBUG - [utils.py:101] -      Entering _get_cookie_and_crumb()
2025-02-27 10:47:41,271 - DEBUG - [data.py:326] - cookie_mode = 'basic'
2025-02-27 10:47:41,271 - DEBUG - [utils.py:101] -       Entering _get_cookie_and_crumb_basic()
2025-02-27 10:47:41,271 - DEBUG - [data.py:157] - reusing cookie
2025-02-27 10:47:41,271 - DEBUG - [data.py:186] - reusing crumb
2025-02-27 10:47:41,271 - DEBUG - [utils.py:106] -       Exiting _get_cookie_and_crumb_basic()
2025-02-27 10:47:41,271 - DEBUG - [utils.py:106] -      Exiting _get_cookie_and_crumb()
2025-02-27 10:47:41,299 - DEBUG - [connectionpool.py:544] - https://query2.finance.yahoo.com:443 "GET /v8/finance/chart/%5EVXIND1?range=1d&interval=1d&crumb=O3k4sGtDR5b HTTP/1.1" 200 1097
2025-02-27 10:47:41,300 - DEBUG - [data.py:393] - response code=200
2025-02-27 10:47:41,300 - DEBUG - [utils.py:106] -     Exiting _make_request()
2025-02-27 10:47:41,300 - DEBUG - [utils.py:106] -    Exiting get()
2025-02-27 10:47:41,300 - DEBUG - [utils.py:106] -   Exiting _fetch_ticker_tz()
2025-02-27 10:47:41,300 - DEBUG - [peewee.py:3319] - ('BEGIN', None)
2025-02-27 10:47:41,301 - DEBUG - [peewee.py:3319] - ('INSERT INTO "_kv" ("key", "value") VALUES (?, ?)', ['^VXIND1', 'America/New_York'])
2025-02-27 10:47:41,302 - DEBUG - [utils.py:101] -   Entering history()
2025-02-27 10:47:41,302 - DEBUG - [history.py:161] - ^VXIND1: Yahoo GET parameters: {'range': '1d', 'interval': '1d', 'includePrePost': False, 'events': 'div,splits,capitalGains'}
2025-02-27 10:47:41,302 - DEBUG - [utils.py:101] -    Entering get()
2025-02-27 10:47:41,302 - DEBUG - [utils.py:101] -     Entering _make_request()
2025-02-27 10:47:41,302 - DEBUG - [data.py:360] - url=https://query2.finance.yahoo.com/v8/finance/chart/^VXIND1
2025-02-27 10:47:41,302 - DEBUG - [data.py:361] - params={'range': '1d', 'interval': '1d', 'includePrePost': False, 'events': 'div,splits,capitalGains'}
2025-02-27 10:47:41,302 - DEBUG - [utils.py:101] -      Entering _get_cookie_and_crumb()
2025-02-27 10:47:41,302 - DEBUG - [data.py:326] - cookie_mode = 'basic'
2025-02-27 10:47:41,302 - DEBUG - [utils.py:101] -       Entering _get_cookie_and_crumb_basic()
2025-02-27 10:47:41,303 - DEBUG - [data.py:157] - reusing cookie
2025-02-27 10:47:41,303 - DEBUG - [data.py:186] - reusing crumb
2025-02-27 10:47:41,303 - DEBUG - [utils.py:106] -       Exiting _get_cookie_and_crumb_basic()
2025-02-27 10:47:41,303 - DEBUG - [utils.py:106] -      Exiting _get_cookie_and_crumb()
2025-02-27 10:47:41,333 - DEBUG - [connectionpool.py:544] - https://query2.finance.yahoo.com:443 "GET /v8/finance/chart/%5EVXIND1?range=1d&interval=1d&includePrePost=False&events=div%2Csplits%2CcapitalGains&crumb=O3k4sGtDR5b HTTP/1.1" 200 1097
2025-02-27 10:47:41,333 - DEBUG - [data.py:393] - response code=200
2025-02-27 10:47:41,333 - DEBUG - [utils.py:106] -     Exiting _make_request()
2025-02-27 10:47:41,334 - DEBUG - [utils.py:106] -    Exiting get()
2025-02-27 10:47:41,334 - DEBUG - [history.py:272] - ^VXIND1: yfinance received OHLC data: 2025-02-26 21:00:00 only
2025-02-27 10:47:41,335 - DEBUG - [history.py:315] - ^VXIND1: OHLC after cleaning: 2025-02-26 16:00:00-05:00 only
2025-02-27 10:47:41,337 - DEBUG - [history.py:384] - ^VXIND1: OHLC after combining events: 2025-02-26 00:00:00-05:00 only
2025-02-27 10:47:41,342 - DEBUG - [history.py:462] - ^VXIND1: yfinance returning OHLC: 2025-02-26 00:00:00-05:00 only
2025-02-27 10:47:41,342 - DEBUG - [utils.py:106] -   Exiting history()
2025-02-27 10:47:41,342 - DEBUG - [utils.py:106] -  Exiting history()
2025-02-27 10:47:41,344 - DEBUG - [utils.py:106] - Exiting download()
2025-02-27 10:47:41,345 - INFO - [yahoo_vix_downloader.py:99] - Yahoo: ^VXIND1 → YAHOO:VXH5 = 18.133699417114258
2025-02-27 10:47:41,345 - DEBUG - [yahoo_vix_downloader.py:77] - Downloading ^VXIND2 from Yahoo Finance
2025-02-27 10:47:41,345 - DEBUG - [utils.py:101] - Entering download()
2025-02-27 10:47:41,345 - DEBUG - [multi.py:106] - Disabling multithreading because DEBUG logging enabled
2025-02-27 10:47:41,346 - DEBUG - [utils.py:101] -  Entering history()
2025-02-27 10:47:41,346 - DEBUG - [peewee.py:3319] - ('SELECT "t1"."key", "t1"."value" FROM "_kv" AS "t1" WHERE ("t1"."key" = ?) LIMIT ? OFFSET ?', ['^VXIND2', 1, 0])
2025-02-27 10:47:41,346 - DEBUG - [utils.py:101] -   Entering _fetch_ticker_tz()
2025-02-27 10:47:41,347 - DEBUG - [utils.py:101] -    Entering get()
2025-02-27 10:47:41,347 - DEBUG - [utils.py:101] -     Entering _make_request()
2025-02-27 10:47:41,347 - DEBUG - [data.py:360] - url=https://query2.finance.yahoo.com/v8/finance/chart/^VXIND2
2025-02-27 10:47:41,347 - DEBUG - [data.py:361] - params=frozendict.frozendict({'range': '1d', 'interval': '1d'})
2025-02-27 10:47:41,347 - DEBUG - [utils.py:101] -      Entering _get_cookie_and_crumb()
2025-02-27 10:47:41,347 - DEBUG - [data.py:326] - cookie_mode = 'basic'
2025-02-27 10:47:41,347 - DEBUG - [utils.py:101] -       Entering _get_cookie_and_crumb_basic()
2025-02-27 10:47:41,347 - DEBUG - [data.py:157] - reusing cookie
2025-02-27 10:47:41,347 - DEBUG - [data.py:186] - reusing crumb
2025-02-27 10:47:41,347 - DEBUG - [utils.py:106] -       Exiting _get_cookie_and_crumb_basic()
2025-02-27 10:47:41,347 - DEBUG - [utils.py:106] -      Exiting _get_cookie_and_crumb()
2025-02-27 10:47:41,380 - DEBUG - [connectionpool.py:544] - https://query2.finance.yahoo.com:443 "GET /v8/finance/chart/%5EVXIND2?range=1d&interval=1d&crumb=O3k4sGtDR5b HTTP/1.1" 200 1093
2025-02-27 10:47:41,381 - DEBUG - [data.py:393] - response code=200
2025-02-27 10:47:41,381 - DEBUG - [utils.py:106] -     Exiting _make_request()
2025-02-27 10:47:41,381 - DEBUG - [utils.py:106] -    Exiting get()
2025-02-27 10:47:41,381 - DEBUG - [utils.py:106] -   Exiting _fetch_ticker_tz()
2025-02-27 10:47:41,381 - DEBUG - [peewee.py:3319] - ('BEGIN', None)
2025-02-27 10:47:41,382 - DEBUG - [peewee.py:3319] - ('INSERT INTO "_kv" ("key", "value") VALUES (?, ?)', ['^VXIND2', 'America/New_York'])
2025-02-27 10:47:41,383 - DEBUG - [utils.py:101] -   Entering history()
2025-02-27 10:47:41,383 - DEBUG - [history.py:161] - ^VXIND2: Yahoo GET parameters: {'range': '1d', 'interval': '1d', 'includePrePost': False, 'events': 'div,splits,capitalGains'}
2025-02-27 10:47:41,383 - DEBUG - [utils.py:101] -    Entering get()
2025-02-27 10:47:41,383 - DEBUG - [utils.py:101] -     Entering _make_request()
2025-02-27 10:47:41,383 - DEBUG - [data.py:360] - url=https://query2.finance.yahoo.com/v8/finance/chart/^VXIND2
2025-02-27 10:47:41,383 - DEBUG - [data.py:361] - params={'range': '1d', 'interval': '1d', 'includePrePost': False, 'events': 'div,splits,capitalGains'}
2025-02-27 10:47:41,383 - DEBUG - [utils.py:101] -      Entering _get_cookie_and_crumb()
2025-02-27 10:47:41,383 - DEBUG - [data.py:326] - cookie_mode = 'basic'
2025-02-27 10:47:41,383 - DEBUG - [utils.py:101] -       Entering _get_cookie_and_crumb_basic()
2025-02-27 10:47:41,383 - DEBUG - [data.py:157] - reusing cookie
2025-02-27 10:47:41,383 - DEBUG - [data.py:186] - reusing crumb
2025-02-27 10:47:41,383 - DEBUG - [utils.py:106] -       Exiting _get_cookie_and_crumb_basic()
2025-02-27 10:47:41,383 - DEBUG - [utils.py:106] -      Exiting _get_cookie_and_crumb()
2025-02-27 10:47:41,412 - DEBUG - [connectionpool.py:544] - https://query2.finance.yahoo.com:443 "GET /v8/finance/chart/%5EVXIND2?range=1d&interval=1d&includePrePost=False&events=div%2Csplits%2CcapitalGains&crumb=O3k4sGtDR5b HTTP/1.1" 200 1093
2025-02-27 10:47:41,413 - DEBUG - [data.py:393] - response code=200
2025-02-27 10:47:41,413 - DEBUG - [utils.py:106] -     Exiting _make_request()
2025-02-27 10:47:41,413 - DEBUG - [utils.py:106] -    Exiting get()
2025-02-27 10:47:41,414 - DEBUG - [history.py:272] - ^VXIND2: yfinance received OHLC data: 2025-02-26 21:00:00 only
2025-02-27 10:47:41,415 - DEBUG - [history.py:315] - ^VXIND2: OHLC after cleaning: 2025-02-26 16:00:00-05:00 only
2025-02-27 10:47:41,417 - DEBUG - [history.py:384] - ^VXIND2: OHLC after combining events: 2025-02-26 00:00:00-05:00 only
2025-02-27 10:47:41,421 - DEBUG - [history.py:462] - ^VXIND2: yfinance returning OHLC: 2025-02-26 00:00:00-05:00 only
2025-02-27 10:47:41,421 - DEBUG - [utils.py:106] -   Exiting history()
2025-02-27 10:47:41,421 - DEBUG - [utils.py:106] -  Exiting history()
2025-02-27 10:47:41,423 - DEBUG - [utils.py:106] - Exiting download()
2025-02-27 10:47:41,424 - INFO - [yahoo_vix_downloader.py:99] - Yahoo: ^VXIND2 → YAHOO:VXJ5 = 18.6033992767334
2025-02-27 10:47:41,424 - DEBUG - [yahoo_vix_downloader.py:77] - Downloading ^VXIND3 from Yahoo Finance
2025-02-27 10:47:41,425 - DEBUG - [utils.py:101] - Entering download()
2025-02-27 10:47:41,425 - DEBUG - [multi.py:106] - Disabling multithreading because DEBUG logging enabled
2025-02-27 10:47:41,425 - DEBUG - [utils.py:101] -  Entering history()
2025-02-27 10:47:41,425 - DEBUG - [peewee.py:3319] - ('SELECT "t1"."key", "t1"."value" FROM "_kv" AS "t1" WHERE ("t1"."key" = ?) LIMIT ? OFFSET ?', ['^VXIND3', 1, 0])
2025-02-27 10:47:41,426 - DEBUG - [utils.py:101] -   Entering _fetch_ticker_tz()
2025-02-27 10:47:41,426 - DEBUG - [utils.py:101] -    Entering get()
2025-02-27 10:47:41,426 - DEBUG - [utils.py:101] -     Entering _make_request()
2025-02-27 10:47:41,426 - DEBUG - [data.py:360] - url=https://query2.finance.yahoo.com/v8/finance/chart/^VXIND3
2025-02-27 10:47:41,426 - DEBUG - [data.py:361] - params=frozendict.frozendict({'range': '1d', 'interval': '1d'})
2025-02-27 10:47:41,426 - DEBUG - [utils.py:101] -      Entering _get_cookie_and_crumb()
2025-02-27 10:47:41,426 - DEBUG - [data.py:326] - cookie_mode = 'basic'
2025-02-27 10:47:41,426 - DEBUG - [utils.py:101] -       Entering _get_cookie_and_crumb_basic()
2025-02-27 10:47:41,426 - DEBUG - [data.py:157] - reusing cookie
2025-02-27 10:47:41,426 - DEBUG - [data.py:186] - reusing crumb
2025-02-27 10:47:41,426 - DEBUG - [utils.py:106] -       Exiting _get_cookie_and_crumb_basic()
2025-02-27 10:47:41,426 - DEBUG - [utils.py:106] -      Exiting _get_cookie_and_crumb()
2025-02-27 10:47:41,461 - DEBUG - [connectionpool.py:544] - https://query2.finance.yahoo.com:443 "GET /v8/finance/chart/%5EVXIND3?range=1d&interval=1d&crumb=O3k4sGtDR5b HTTP/1.1" 200 1097
2025-02-27 10:47:41,461 - DEBUG - [data.py:393] - response code=200
2025-02-27 10:47:41,461 - DEBUG - [utils.py:106] -     Exiting _make_request()
2025-02-27 10:47:41,461 - DEBUG - [utils.py:106] -    Exiting get()
2025-02-27 10:47:41,461 - DEBUG - [utils.py:106] -   Exiting _fetch_ticker_tz()
2025-02-27 10:47:41,461 - DEBUG - [peewee.py:3319] - ('BEGIN', None)
2025-02-27 10:47:41,462 - DEBUG - [peewee.py:3319] - ('INSERT INTO "_kv" ("key", "value") VALUES (?, ?)', ['^VXIND3', 'America/New_York'])
2025-02-27 10:47:41,463 - DEBUG - [utils.py:101] -   Entering history()
2025-02-27 10:47:41,463 - DEBUG - [history.py:161] - ^VXIND3: Yahoo GET parameters: {'range': '1d', 'interval': '1d', 'includePrePost': False, 'events': 'div,splits,capitalGains'}
2025-02-27 10:47:41,463 - DEBUG - [utils.py:101] -    Entering get()
2025-02-27 10:47:41,463 - DEBUG - [utils.py:101] -     Entering _make_request()
2025-02-27 10:47:41,463 - DEBUG - [data.py:360] - url=https://query2.finance.yahoo.com/v8/finance/chart/^VXIND3
2025-02-27 10:47:41,463 - DEBUG - [data.py:361] - params={'range': '1d', 'interval': '1d', 'includePrePost': False, 'events': 'div,splits,capitalGains'}
2025-02-27 10:47:41,463 - DEBUG - [utils.py:101] -      Entering _get_cookie_and_crumb()
2025-02-27 10:47:41,463 - DEBUG - [data.py:326] - cookie_mode = 'basic'
2025-02-27 10:47:41,463 - DEBUG - [utils.py:101] -       Entering _get_cookie_and_crumb_basic()
2025-02-27 10:47:41,463 - DEBUG - [data.py:157] - reusing cookie
2025-02-27 10:47:41,463 - DEBUG - [data.py:186] - reusing crumb
2025-02-27 10:47:41,463 - DEBUG - [utils.py:106] -       Exiting _get_cookie_and_crumb_basic()
2025-02-27 10:47:41,464 - DEBUG - [utils.py:106] -      Exiting _get_cookie_and_crumb()
2025-02-27 10:47:41,523 - DEBUG - [connectionpool.py:544] - https://query2.finance.yahoo.com:443 "GET /v8/finance/chart/%5EVXIND3?range=1d&interval=1d&includePrePost=False&events=div%2Csplits%2CcapitalGains&crumb=O3k4sGtDR5b HTTP/1.1" 200 1097
2025-02-27 10:47:41,523 - DEBUG - [data.py:393] - response code=200
2025-02-27 10:47:41,523 - DEBUG - [utils.py:106] -     Exiting _make_request()
2025-02-27 10:47:41,523 - DEBUG - [utils.py:106] -    Exiting get()
2025-02-27 10:47:41,524 - DEBUG - [history.py:272] - ^VXIND3: yfinance received OHLC data: 2025-02-26 21:00:00 only
2025-02-27 10:47:41,525 - DEBUG - [history.py:315] - ^VXIND3: OHLC after cleaning: 2025-02-26 16:00:00-05:00 only
2025-02-27 10:47:41,527 - DEBUG - [history.py:384] - ^VXIND3: OHLC after combining events: 2025-02-26 00:00:00-05:00 only
2025-02-27 10:47:41,532 - DEBUG - [history.py:462] - ^VXIND3: yfinance returning OHLC: 2025-02-26 00:00:00-05:00 only
2025-02-27 10:47:41,532 - DEBUG - [utils.py:106] -   Exiting history()
2025-02-27 10:47:41,532 - DEBUG - [utils.py:106] -  Exiting history()
2025-02-27 10:47:41,534 - DEBUG - [utils.py:106] - Exiting download()
2025-02-27 10:47:41,535 - INFO - [yahoo_vix_downloader.py:99] - Yahoo: ^VXIND3 → YAHOO:VXK5 = 18.852500915527344
2025-02-27 10:47:41,535 - INFO - [yahoo_vix_downloader.py:141] - Successfully retrieved VIX futures data from Yahoo Finance (processing took 2.04s)
2025-02-27 10:47:41,537 - INFO - [yahoo_vix_downloader.py:204] - Saved Yahoo futures data to data/vix_futures_yahoo_202502271047.csv
2025-02-27 11:02:39,133 - INFO - [yahoo_vix_downloader.py:21] - Downloading VIX futures data from Yahoo Finance...
2025-02-27 11:02:39,133 - DEBUG - [utils.py:101] - Entering download()
2025-02-27 11:02:39,133 - DEBUG - [multi.py:106] - Disabling multithreading because DEBUG logging enabled
2025-02-27 11:02:39,134 - DEBUG - [utils.py:101] -  Entering history()
2025-02-27 11:02:39,139 - DEBUG - [peewee.py:3319] - ('CREATE TABLE IF NOT EXISTS "_kv" ("key" VARCHAR(255) NOT NULL PRIMARY KEY, "value" VARCHAR(255)) WITHOUT ROWID', [])
2025-02-27 11:02:39,141 - DEBUG - [peewee.py:3319] - ('SELECT "t1"."key", "t1"."value" FROM "_kv" AS "t1" WHERE ("t1"."key" = ?) LIMIT ? OFFSET ?', ['^VIX', 1, 0])
2025-02-27 11:02:39,141 - DEBUG - [utils.py:101] -   Entering _fetch_ticker_tz()
2025-02-27 11:02:39,141 - DEBUG - [utils.py:101] -    Entering get()
2025-02-27 11:02:39,141 - DEBUG - [utils.py:101] -     Entering _make_request()
2025-02-27 11:02:39,142 - DEBUG - [data.py:360] - url=https://query2.finance.yahoo.com/v8/finance/chart/^VIX
2025-02-27 11:02:39,142 - DEBUG - [data.py:361] - params=frozendict.frozendict({'range': '1d', 'interval': '1d'})
2025-02-27 11:02:39,142 - DEBUG - [utils.py:101] -      Entering _get_cookie_and_crumb()
2025-02-27 11:02:39,142 - DEBUG - [data.py:326] - cookie_mode = 'basic'
2025-02-27 11:02:39,142 - DEBUG - [utils.py:101] -       Entering _get_cookie_and_crumb_basic()
2025-02-27 11:02:39,144 - DEBUG - [peewee.py:3319] - ('CREATE TABLE IF NOT EXISTS "_cookieschema" ("strategy" VARCHAR(255) NOT NULL PRIMARY KEY, "fetch_date" DATETIME NOT NULL, "cookie_bytes" BLOB NOT NULL) WITHOUT ROWID', [])
2025-02-27 11:02:39,146 - DEBUG - [peewee.py:3319] - ('SELECT "t1"."strategy", "t1"."fetch_date", "t1"."cookie_bytes" FROM "_cookieschema" AS "t1" WHERE ("t1"."strategy" = ?) LIMIT ? OFFSET ?', ['basic', 1, 0])
2025-02-27 11:02:39,148 - DEBUG - [connectionpool.py:1049] - Starting new HTTPS connection (1): fc.yahoo.com:443
2025-02-27 11:02:39,226 - DEBUG - [connectionpool.py:544] - https://fc.yahoo.com:443 "GET / HTTP/1.1" 404 4742
2025-02-27 11:02:39,227 - DEBUG - [peewee.py:3319] - ('DELETE FROM "_cookieschema" WHERE ("_cookieschema"."strategy" = ?)', ['basic'])
2025-02-27 11:02:39,227 - DEBUG - [peewee.py:3319] - ('BEGIN', None)
2025-02-27 11:02:39,227 - DEBUG - [peewee.py:3319] - ('INSERT INTO "_cookieschema" ("strategy", "fetch_date", "cookie_bytes") VALUES (?, ?, ?)', ['basic', '2025-02-27T11:02:39.227753', <memory at 0x7f4d7b732c80>])
2025-02-27 11:02:39,228 - DEBUG - [data.py:181] - fetched basic cookie = <Cookie A3=d=AQABBE9GwGcCEFbxUljOXUlUOA5ethzYoaoFEgEBAQGXwWfKZ9xV0iMA_eMAAA&S=AQAAAmLIUQqBzXBtEYjK0BA6eBE for .yahoo.com/>
2025-02-27 11:02:39,228 - DEBUG - [data.py:157] - reusing cookie
2025-02-27 11:02:39,229 - DEBUG - [connectionpool.py:1049] - Starting new HTTPS connection (1): query1.finance.yahoo.com:443
2025-02-27 11:02:39,264 - DEBUG - [connectionpool.py:544] - https://query1.finance.yahoo.com:443 "GET /v1/test/getcrumb HTTP/1.1" 200 11
2025-02-27 11:02:39,264 - DEBUG - [data.py:212] - crumb = 'EM/KX/iDveF'
2025-02-27 11:02:39,265 - DEBUG - [utils.py:106] -       Exiting _get_cookie_and_crumb_basic()
2025-02-27 11:02:39,265 - DEBUG - [utils.py:106] -      Exiting _get_cookie_and_crumb()
2025-02-27 11:02:39,266 - DEBUG - [connectionpool.py:1049] - Starting new HTTPS connection (1): query2.finance.yahoo.com:443
2025-02-27 11:02:39,305 - DEBUG - [connectionpool.py:544] - https://query2.finance.yahoo.com:443 "GET /v8/finance/chart/%5EVIX?range=1d&interval=1d&crumb=EM%2FKX%2FiDveF HTTP/1.1" 200 1184
2025-02-27 11:02:39,306 - DEBUG - [data.py:393] - response code=200
2025-02-27 11:02:39,306 - DEBUG - [utils.py:106] -     Exiting _make_request()
2025-02-27 11:02:39,306 - DEBUG - [utils.py:106] -    Exiting get()
2025-02-27 11:02:39,306 - DEBUG - [utils.py:106] -   Exiting _fetch_ticker_tz()
2025-02-27 11:02:39,318 - DEBUG - [peewee.py:3319] - ('BEGIN', None)
2025-02-27 11:02:39,319 - DEBUG - [peewee.py:3319] - ('INSERT INTO "_kv" ("key", "value") VALUES (?, ?)', ['^VIX', 'America/Chicago'])
2025-02-27 11:02:39,320 - DEBUG - [utils.py:101] -   Entering history()
2025-02-27 11:02:39,320 - DEBUG - [history.py:161] - ^VIX: Yahoo GET parameters: {'range': '1d', 'interval': '1d', 'includePrePost': False, 'events': 'div,splits,capitalGains'}
2025-02-27 11:02:39,320 - DEBUG - [utils.py:101] -    Entering get()
2025-02-27 11:02:39,320 - DEBUG - [utils.py:101] -     Entering _make_request()
2025-02-27 11:02:39,320 - DEBUG - [data.py:360] - url=https://query2.finance.yahoo.com/v8/finance/chart/^VIX
2025-02-27 11:02:39,320 - DEBUG - [data.py:361] - params={'range': '1d', 'interval': '1d', 'includePrePost': False, 'events': 'div,splits,capitalGains'}
2025-02-27 11:02:39,320 - DEBUG - [utils.py:101] -      Entering _get_cookie_and_crumb()
2025-02-27 11:02:39,320 - DEBUG - [data.py:326] - cookie_mode = 'basic'
2025-02-27 11:02:39,320 - DEBUG - [utils.py:101] -       Entering _get_cookie_and_crumb_basic()
2025-02-27 11:02:39,320 - DEBUG - [data.py:157] - reusing cookie
2025-02-27 11:02:39,320 - DEBUG - [data.py:186] - reusing crumb
2025-02-27 11:02:39,321 - DEBUG - [utils.py:106] -       Exiting _get_cookie_and_crumb_basic()
2025-02-27 11:02:39,321 - DEBUG - [utils.py:106] -      Exiting _get_cookie_and_crumb()
2025-02-27 11:02:39,351 - DEBUG - [connectionpool.py:544] - https://query2.finance.yahoo.com:443 "GET /v8/finance/chart/%5EVIX?range=1d&interval=1d&includePrePost=False&events=div%2Csplits%2CcapitalGains&crumb=EM%2FKX%2FiDveF HTTP/1.1" 200 1184
2025-02-27 11:02:39,352 - DEBUG - [data.py:393] - response code=200
2025-02-27 11:02:39,352 - DEBUG - [utils.py:106] -     Exiting _make_request()
2025-02-27 11:02:39,352 - DEBUG - [utils.py:106] -    Exiting get()
2025-02-27 11:02:39,353 - DEBUG - [history.py:272] - ^VIX: yfinance received OHLC data: 2025-02-27 10:47:31 only
2025-02-27 11:02:39,355 - DEBUG - [history.py:315] - ^VIX: OHLC after cleaning: 2025-02-27 04:47:31-06:00 only
2025-02-27 11:02:39,358 - DEBUG - [history.py:384] - ^VIX: OHLC after combining events: 2025-02-27 00:00:00-06:00 only
2025-02-27 11:02:39,363 - DEBUG - [history.py:462] - ^VIX: yfinance returning OHLC: 2025-02-27 00:00:00-06:00 only
2025-02-27 11:02:39,364 - DEBUG - [utils.py:106] -   Exiting history()
2025-02-27 11:02:39,364 - DEBUG - [utils.py:106] -  Exiting history()
2025-02-27 11:02:39,366 - DEBUG - [utils.py:106] - Exiting download()
2025-02-27 11:02:39,367 - INFO - [yahoo_vix_downloader.py:39] - Yahoo: ^VIX = 17.979999542236328
2025-02-27 11:02:39,367 - DEBUG - [yahoo_vix_downloader.py:67] - Position to contract mapping: {1: '/VXH5', 2: '/VXJ5', 3: '/VXK5'}
2025-02-27 11:02:39,367 - INFO - [yahoo_vix_downloader.py:73] - Trying ticker pattern group: ['^VFTW1', '^VFTW2', '^VFTW3']
2025-02-27 11:02:39,367 - DEBUG - [yahoo_vix_downloader.py:77] - Downloading ^VFTW1 from Yahoo Finance
2025-02-27 11:02:39,367 - DEBUG - [utils.py:101] - Entering download()
2025-02-27 11:02:39,367 - DEBUG - [multi.py:106] - Disabling multithreading because DEBUG logging enabled
2025-02-27 11:02:39,367 - DEBUG - [utils.py:101] -  Entering history()
2025-02-27 11:02:39,368 - DEBUG - [peewee.py:3319] - ('SELECT "t1"."key", "t1"."value" FROM "_kv" AS "t1" WHERE ("t1"."key" = ?) LIMIT ? OFFSET ?', ['^VFTW1', 1, 0])
2025-02-27 11:02:39,368 - DEBUG - [utils.py:101] -   Entering _fetch_ticker_tz()
2025-02-27 11:02:39,368 - DEBUG - [utils.py:101] -    Entering get()
2025-02-27 11:02:39,368 - DEBUG - [utils.py:101] -     Entering _make_request()
2025-02-27 11:02:39,369 - DEBUG - [data.py:360] - url=https://query2.finance.yahoo.com/v8/finance/chart/^VFTW1
2025-02-27 11:02:39,369 - DEBUG - [data.py:361] - params=frozendict.frozendict({'range': '1d', 'interval': '1d'})
2025-02-27 11:02:39,369 - DEBUG - [utils.py:101] -      Entering _get_cookie_and_crumb()
2025-02-27 11:02:39,369 - DEBUG - [data.py:326] - cookie_mode = 'basic'
2025-02-27 11:02:39,369 - DEBUG - [utils.py:101] -       Entering _get_cookie_and_crumb_basic()
2025-02-27 11:02:39,369 - DEBUG - [data.py:157] - reusing cookie
2025-02-27 11:02:39,369 - DEBUG - [data.py:186] - reusing crumb
2025-02-27 11:02:39,369 - DEBUG - [utils.py:106] -       Exiting _get_cookie_and_crumb_basic()
2025-02-27 11:02:39,369 - DEBUG - [utils.py:106] -      Exiting _get_cookie_and_crumb()
2025-02-27 11:02:39,398 - DEBUG - [connectionpool.py:544] - https://query2.finance.yahoo.com:443 "GET /v8/finance/chart/%5EVFTW1?range=1d&interval=1d&crumb=EM%2FKX%2FiDveF HTTP/1.1" 200 1092
2025-02-27 11:02:39,398 - DEBUG - [data.py:393] - response code=200
2025-02-27 11:02:39,398 - DEBUG - [utils.py:106] -     Exiting _make_request()
2025-02-27 11:02:39,398 - DEBUG - [utils.py:106] -    Exiting get()
2025-02-27 11:02:39,398 - DEBUG - [utils.py:106] -   Exiting _fetch_ticker_tz()
2025-02-27 11:02:39,399 - DEBUG - [peewee.py:3319] - ('BEGIN', None)
2025-02-27 11:02:39,400 - DEBUG - [peewee.py:3319] - ('INSERT INTO "_kv" ("key", "value") VALUES (?, ?)', ['^VFTW1', 'America/New_York'])
2025-02-27 11:02:39,400 - DEBUG - [utils.py:101] -   Entering history()
2025-02-27 11:02:39,401 - DEBUG - [history.py:161] - ^VFTW1: Yahoo GET parameters: {'range': '1d', 'interval': '1d', 'includePrePost': False, 'events': 'div,splits,capitalGains'}
2025-02-27 11:02:39,401 - DEBUG - [utils.py:101] -    Entering get()
2025-02-27 11:02:39,401 - DEBUG - [utils.py:101] -     Entering _make_request()
2025-02-27 11:02:39,401 - DEBUG - [data.py:360] - url=https://query2.finance.yahoo.com/v8/finance/chart/^VFTW1
2025-02-27 11:02:39,401 - DEBUG - [data.py:361] - params={'range': '1d', 'interval': '1d', 'includePrePost': False, 'events': 'div,splits,capitalGains'}
2025-02-27 11:02:39,401 - DEBUG - [utils.py:101] -      Entering _get_cookie_and_crumb()
2025-02-27 11:02:39,401 - DEBUG - [data.py:326] - cookie_mode = 'basic'
2025-02-27 11:02:39,401 - DEBUG - [utils.py:101] -       Entering _get_cookie_and_crumb_basic()
2025-02-27 11:02:39,401 - DEBUG - [data.py:157] - reusing cookie
2025-02-27 11:02:39,401 - DEBUG - [data.py:186] - reusing crumb
2025-02-27 11:02:39,401 - DEBUG - [utils.py:106] -       Exiting _get_cookie_and_crumb_basic()
2025-02-27 11:02:39,401 - DEBUG - [utils.py:106] -      Exiting _get_cookie_and_crumb()
2025-02-27 11:02:39,432 - DEBUG - [connectionpool.py:544] - https://query2.finance.yahoo.com:443 "GET /v8/finance/chart/%5EVFTW1?range=1d&interval=1d&includePrePost=False&events=div%2Csplits%2CcapitalGains&crumb=EM%2FKX%2FiDveF HTTP/1.1" 200 1092
2025-02-27 11:02:39,433 - DEBUG - [data.py:393] - response code=200
2025-02-27 11:02:39,433 - DEBUG - [utils.py:106] -     Exiting _make_request()
2025-02-27 11:02:39,433 - DEBUG - [utils.py:106] -    Exiting get()
2025-02-27 11:02:39,434 - DEBUG - [history.py:272] - ^VFTW1: yfinance received OHLC data: 2025-02-26 21:03:50 only
2025-02-27 11:02:39,435 - DEBUG - [history.py:315] - ^VFTW1: OHLC after cleaning: 2025-02-26 16:03:50-05:00 only
2025-02-27 11:02:39,438 - DEBUG - [history.py:384] - ^VFTW1: OHLC after combining events: 2025-02-26 00:00:00-05:00 only
2025-02-27 11:02:39,442 - DEBUG - [history.py:462] - ^VFTW1: yfinance returning OHLC: 2025-02-26 00:00:00-05:00 only
2025-02-27 11:02:39,443 - DEBUG - [utils.py:106] -   Exiting history()
2025-02-27 11:02:39,443 - DEBUG - [utils.py:106] -  Exiting history()
2025-02-27 11:02:39,445 - DEBUG - [utils.py:106] - Exiting download()
2025-02-27 11:02:39,446 - INFO - [yahoo_vix_downloader.py:99] - Yahoo: ^VFTW1 → YAHOO:VXH5 = 18.139999389648438
2025-02-27 11:02:39,446 - DEBUG - [yahoo_vix_downloader.py:77] - Downloading ^VFTW2 from Yahoo Finance
2025-02-27 11:02:39,446 - DEBUG - [utils.py:101] - Entering download()
2025-02-27 11:02:39,446 - DEBUG - [multi.py:106] - Disabling multithreading because DEBUG logging enabled
2025-02-27 11:02:39,446 - DEBUG - [utils.py:101] -  Entering history()
2025-02-27 11:02:39,446 - DEBUG - [peewee.py:3319] - ('SELECT "t1"."key", "t1"."value" FROM "_kv" AS "t1" WHERE ("t1"."key" = ?) LIMIT ? OFFSET ?', ['^VFTW2', 1, 0])
2025-02-27 11:02:39,447 - DEBUG - [utils.py:101] -   Entering _fetch_ticker_tz()
2025-02-27 11:02:39,447 - DEBUG - [utils.py:101] -    Entering get()
2025-02-27 11:02:39,447 - DEBUG - [utils.py:101] -     Entering _make_request()
2025-02-27 11:02:39,447 - DEBUG - [data.py:360] - url=https://query2.finance.yahoo.com/v8/finance/chart/^VFTW2
2025-02-27 11:02:39,447 - DEBUG - [data.py:361] - params=frozendict.frozendict({'range': '1d', 'interval': '1d'})
2025-02-27 11:02:39,447 - DEBUG - [utils.py:101] -      Entering _get_cookie_and_crumb()
2025-02-27 11:02:39,447 - DEBUG - [data.py:326] - cookie_mode = 'basic'
2025-02-27 11:02:39,447 - DEBUG - [utils.py:101] -       Entering _get_cookie_and_crumb_basic()
2025-02-27 11:02:39,447 - DEBUG - [data.py:157] - reusing cookie
2025-02-27 11:02:39,447 - DEBUG - [data.py:186] - reusing crumb
2025-02-27 11:02:39,447 - DEBUG - [utils.py:106] -       Exiting _get_cookie_and_crumb_basic()
2025-02-27 11:02:39,448 - DEBUG - [utils.py:106] -      Exiting _get_cookie_and_crumb()
2025-02-27 11:02:39,477 - DEBUG - [connectionpool.py:544] - https://query2.finance.yahoo.com:443 "GET /v8/finance/chart/%5EVFTW2?range=1d&interval=1d&crumb=EM%2FKX%2FiDveF HTTP/1.1" 200 1091
2025-02-27 11:02:39,477 - DEBUG - [data.py:393] - response code=200
2025-02-27 11:02:39,477 - DEBUG - [utils.py:106] -     Exiting _make_request()
2025-02-27 11:02:39,477 - DEBUG - [utils.py:106] -    Exiting get()
2025-02-27 11:02:39,478 - DEBUG - [utils.py:106] -   Exiting _fetch_ticker_tz()
2025-02-27 11:02:39,478 - DEBUG - [peewee.py:3319] - ('BEGIN', None)
2025-02-27 11:02:39,478 - DEBUG - [peewee.py:3319] - ('INSERT INTO "_kv" ("key", "value") VALUES (?, ?)', ['^VFTW2', 'America/New_York'])
2025-02-27 11:02:39,479 - DEBUG - [utils.py:101] -   Entering history()
2025-02-27 11:02:39,479 - DEBUG - [history.py:161] - ^VFTW2: Yahoo GET parameters: {'range': '1d', 'interval': '1d', 'includePrePost': False, 'events': 'div,splits,capitalGains'}
2025-02-27 11:02:39,479 - DEBUG - [utils.py:101] -    Entering get()
2025-02-27 11:02:39,479 - DEBUG - [utils.py:101] -     Entering _make_request()
2025-02-27 11:02:39,479 - DEBUG - [data.py:360] - url=https://query2.finance.yahoo.com/v8/finance/chart/^VFTW2
2025-02-27 11:02:39,479 - DEBUG - [data.py:361] - params={'range': '1d', 'interval': '1d', 'includePrePost': False, 'events': 'div,splits,capitalGains'}
2025-02-27 11:02:39,479 - DEBUG - [utils.py:101] -      Entering _get_cookie_and_crumb()
2025-02-27 11:02:39,480 - DEBUG - [data.py:326] - cookie_mode = 'basic'
2025-02-27 11:02:39,480 - DEBUG - [utils.py:101] -       Entering _get_cookie_and_crumb_basic()
2025-02-27 11:02:39,480 - DEBUG - [data.py:157] - reusing cookie
2025-02-27 11:02:39,480 - DEBUG - [data.py:186] - reusing crumb
2025-02-27 11:02:39,480 - DEBUG - [utils.py:106] -       Exiting _get_cookie_and_crumb_basic()
2025-02-27 11:02:39,480 - DEBUG - [utils.py:106] -      Exiting _get_cookie_and_crumb()
2025-02-27 11:02:39,510 - DEBUG - [connectionpool.py:544] - https://query2.finance.yahoo.com:443 "GET /v8/finance/chart/%5EVFTW2?range=1d&interval=1d&includePrePost=False&events=div%2Csplits%2CcapitalGains&crumb=EM%2FKX%2FiDveF HTTP/1.1" 200 1091
2025-02-27 11:02:39,510 - DEBUG - [data.py:393] - response code=200
2025-02-27 11:02:39,510 - DEBUG - [utils.py:106] -     Exiting _make_request()
2025-02-27 11:02:39,511 - DEBUG - [utils.py:106] -    Exiting get()
2025-02-27 11:02:39,512 - DEBUG - [history.py:272] - ^VFTW2: yfinance received OHLC data: 2025-02-26 21:03:50 only
2025-02-27 11:02:39,513 - DEBUG - [history.py:315] - ^VFTW2: OHLC after cleaning: 2025-02-26 16:03:50-05:00 only
2025-02-27 11:02:39,515 - DEBUG - [history.py:384] - ^VFTW2: OHLC after combining events: 2025-02-26 00:00:00-05:00 only
2025-02-27 11:02:39,520 - DEBUG - [history.py:462] - ^VFTW2: yfinance returning OHLC: 2025-02-26 00:00:00-05:00 only
2025-02-27 11:02:39,520 - DEBUG - [utils.py:106] -   Exiting history()
2025-02-27 11:02:39,520 - DEBUG - [utils.py:106] -  Exiting history()
2025-02-27 11:02:39,522 - DEBUG - [utils.py:106] - Exiting download()
2025-02-27 11:02:39,523 - INFO - [yahoo_vix_downloader.py:99] - Yahoo: ^VFTW2 → YAHOO:VXJ5 = 18.610000610351562
2025-02-27 11:02:39,523 - DEBUG - [yahoo_vix_downloader.py:77] - Downloading ^VFTW3 from Yahoo Finance
2025-02-27 11:02:39,523 - DEBUG - [utils.py:101] - Entering download()
2025-02-27 11:02:39,524 - DEBUG - [multi.py:106] - Disabling multithreading because DEBUG logging enabled
2025-02-27 11:02:39,524 - DEBUG - [utils.py:101] -  Entering history()
2025-02-27 11:02:39,524 - DEBUG - [peewee.py:3319] - ('SELECT "t1"."key", "t1"."value" FROM "_kv" AS "t1" WHERE ("t1"."key" = ?) LIMIT ? OFFSET ?', ['^VFTW3', 1, 0])
2025-02-27 11:02:39,525 - DEBUG - [utils.py:101] -   Entering _fetch_ticker_tz()
2025-02-27 11:02:39,525 - DEBUG - [utils.py:101] -    Entering get()
2025-02-27 11:02:39,525 - DEBUG - [utils.py:101] -     Entering _make_request()
2025-02-27 11:02:39,525 - DEBUG - [data.py:360] - url=https://query2.finance.yahoo.com/v8/finance/chart/^VFTW3
2025-02-27 11:02:39,525 - DEBUG - [data.py:361] - params=frozendict.frozendict({'range': '1d', 'interval': '1d'})
2025-02-27 11:02:39,525 - DEBUG - [utils.py:101] -      Entering _get_cookie_and_crumb()
2025-02-27 11:02:39,525 - DEBUG - [data.py:326] - cookie_mode = 'basic'
2025-02-27 11:02:39,525 - DEBUG - [utils.py:101] -       Entering _get_cookie_and_crumb_basic()
2025-02-27 11:02:39,525 - DEBUG - [data.py:157] - reusing cookie
2025-02-27 11:02:39,525 - DEBUG - [data.py:186] - reusing crumb
2025-02-27 11:02:39,525 - DEBUG - [utils.py:106] -       Exiting _get_cookie_and_crumb_basic()
2025-02-27 11:02:39,525 - DEBUG - [utils.py:106] -      Exiting _get_cookie_and_crumb()
2025-02-27 11:02:39,557 - DEBUG - [connectionpool.py:544] - https://query2.finance.yahoo.com:443 "GET /v8/finance/chart/%5EVFTW3?range=1d&interval=1d&crumb=EM%2FKX%2FiDveF HTTP/1.1" 404 108
2025-02-27 11:02:39,557 - DEBUG - [data.py:393] - response code=404
2025-02-27 11:02:39,557 - DEBUG - [data.py:111] - toggling cookie strategy basic -> csrf
2025-02-27 11:02:39,558 - DEBUG - [utils.py:101] -      Entering _get_cookie_and_crumb()
2025-02-27 11:02:39,558 - DEBUG - [data.py:326] - cookie_mode = 'csrf'
2025-02-27 11:02:39,558 - DEBUG - [utils.py:101] -       Entering _get_crumb_csrf()
2025-02-27 11:02:39,558 - DEBUG - [peewee.py:3319] - ('SELECT "t1"."strategy", "t1"."fetch_date", "t1"."cookie_bytes" FROM "_cookieschema" AS "t1" WHERE ("t1"."strategy" = ?) LIMIT ? OFFSET ?', ['csrf', 1, 0])
2025-02-27 11:02:39,559 - DEBUG - [connectionpool.py:1049] - Starting new HTTPS connection (1): guce.yahoo.com:443
2025-02-27 11:02:39,709 - DEBUG - [connectionpool.py:544] - https://guce.yahoo.com:443 "GET /consent HTTP/1.1" 302 0
2025-02-27 11:02:39,711 - DEBUG - [connectionpool.py:1049] - Starting new HTTPS connection (1): www.yahoo.com:443
2025-02-27 11:02:39,957 - DEBUG - [connectionpool.py:544] - https://www.yahoo.com:443 "GET /?guccounter=1 HTTP/1.1" 200 None
2025-02-27 11:02:40,024 - DEBUG - [data.py:251] - Failed to find "csrfToken" in response
2025-02-27 11:02:40,024 - DEBUG - [utils.py:106] -       Exiting _get_crumb_csrf()
2025-02-27 11:02:40,024 - DEBUG - [data.py:107] - toggling cookie strategy csrf -> basic
2025-02-27 11:02:40,024 - DEBUG - [utils.py:101] -       Entering _get_cookie_and_crumb_basic()
2025-02-27 11:02:40,025 - DEBUG - [peewee.py:3319] - ('SELECT "t1"."strategy", "t1"."fetch_date", "t1"."cookie_bytes" FROM "_cookieschema" AS "t1" WHERE ("t1"."strategy" = ?) LIMIT ? OFFSET ?', ['basic', 1, 0])
2025-02-27 11:02:40,025 - DEBUG - [data.py:152] - loaded persistent cookie
2025-02-27 11:02:40,025 - DEBUG - [data.py:157] - reusing cookie
2025-02-27 11:02:40,080 - DEBUG - [connectionpool.py:544] - https://query1.finance.yahoo.com:443 "GET /v1/test/getcrumb HTTP/1.1" 200 11
2025-02-27 11:02:40,081 - DEBUG - [data.py:212] - crumb = 'EM/KX/iDveF'
2025-02-27 11:02:40,081 - DEBUG - [utils.py:106] -       Exiting _get_cookie_and_crumb_basic()
2025-02-27 11:02:40,081 - DEBUG - [utils.py:106] -      Exiting _get_cookie_and_crumb()
2025-02-27 11:02:40,112 - DEBUG - [connectionpool.py:544] - https://query2.finance.yahoo.com:443 "GET /v8/finance/chart/%5EVFTW3?range=1d&interval=1d&crumb=EM%2FKX%2FiDveF HTTP/1.1" 404 108
2025-02-27 11:02:40,112 - DEBUG - [data.py:405] - response code=404
2025-02-27 11:02:40,113 - DEBUG - [utils.py:106] -     Exiting _make_request()
2025-02-27 11:02:40,113 - DEBUG - [utils.py:106] -    Exiting get()
2025-02-27 11:02:40,113 - DEBUG - [base.py:137] - Got error from yahoo api for ticker ^VFTW3, Error: {'code': 'Not Found', 'description': 'No data found, symbol may be delisted'}
2025-02-27 11:02:40,113 - DEBUG - [utils.py:106] -   Exiting _fetch_ticker_tz()
2025-02-27 11:02:40,113 - DEBUG - [utils.py:101] -   Entering history()
2025-02-27 11:02:40,113 - DEBUG - [history.py:161] - ^VFTW3: Yahoo GET parameters: {'range': '1d', 'interval': '1d', 'includePrePost': False, 'events': 'div,splits,capitalGains'}
2025-02-27 11:02:40,113 - DEBUG - [utils.py:101] -    Entering get()
2025-02-27 11:02:40,113 - DEBUG - [utils.py:101] -     Entering _make_request()
2025-02-27 11:02:40,113 - DEBUG - [data.py:360] - url=https://query2.finance.yahoo.com/v8/finance/chart/^VFTW3
2025-02-27 11:02:40,113 - DEBUG - [data.py:361] - params={'range': '1d', 'interval': '1d', 'includePrePost': False, 'events': 'div,splits,capitalGains'}
2025-02-27 11:02:40,113 - DEBUG - [utils.py:101] -      Entering _get_cookie_and_crumb()
2025-02-27 11:02:40,113 - DEBUG - [data.py:326] - cookie_mode = 'basic'
2025-02-27 11:02:40,114 - DEBUG - [utils.py:101] -       Entering _get_cookie_and_crumb_basic()
2025-02-27 11:02:40,114 - DEBUG - [data.py:157] - reusing cookie
2025-02-27 11:02:40,114 - DEBUG - [data.py:186] - reusing crumb
2025-02-27 11:02:40,114 - DEBUG - [utils.py:106] -       Exiting _get_cookie_and_crumb_basic()
2025-02-27 11:02:40,114 - DEBUG - [utils.py:106] -      Exiting _get_cookie_and_crumb()
2025-02-27 11:02:40,141 - DEBUG - [connectionpool.py:544] - https://query2.finance.yahoo.com:443 "GET /v8/finance/chart/%5EVFTW3?range=1d&interval=1d&includePrePost=False&events=div%2Csplits%2CcapitalGains&crumb=EM%2FKX%2FiDveF HTTP/1.1" 404 108
2025-02-27 11:02:40,142 - DEBUG - [data.py:393] - response code=404
2025-02-27 11:02:40,142 - DEBUG - [data.py:111] - toggling cookie strategy basic -> csrf
2025-02-27 11:02:40,142 - DEBUG - [utils.py:101] -      Entering _get_cookie_and_crumb()
2025-02-27 11:02:40,142 - DEBUG - [data.py:326] - cookie_mode = 'csrf'
2025-02-27 11:02:40,142 - DEBUG - [utils.py:101] -       Entering _get_crumb_csrf()
2025-02-27 11:02:40,143 - DEBUG - [peewee.py:3319] - ('SELECT "t1"."strategy", "t1"."fetch_date", "t1"."cookie_bytes" FROM "_cookieschema" AS "t1" WHERE ("t1"."strategy" = ?) LIMIT ? OFFSET ?', ['csrf', 1, 0])
2025-02-27 11:02:40,223 - DEBUG - [connectionpool.py:544] - https://guce.yahoo.com:443 "GET /consent HTTP/1.1" 302 0
2025-02-27 11:02:40,476 - DEBUG - [connectionpool.py:544] - https://www.yahoo.com:443 "GET /?guccounter=1 HTTP/1.1" 200 None
2025-02-27 11:02:40,541 - DEBUG - [data.py:251] - Failed to find "csrfToken" in response
2025-02-27 11:02:40,541 - DEBUG - [utils.py:106] -       Exiting _get_crumb_csrf()
2025-02-27 11:02:40,542 - DEBUG - [data.py:107] - toggling cookie strategy csrf -> basic
2025-02-27 11:02:40,542 - DEBUG - [utils.py:101] -       Entering _get_cookie_and_crumb_basic()
2025-02-27 11:02:40,542 - DEBUG - [peewee.py:3319] - ('SELECT "t1"."strategy", "t1"."fetch_date", "t1"."cookie_bytes" FROM "_cookieschema" AS "t1" WHERE ("t1"."strategy" = ?) LIMIT ? OFFSET ?', ['basic', 1, 0])
2025-02-27 11:02:40,542 - DEBUG - [data.py:152] - loaded persistent cookie
2025-02-27 11:02:40,542 - DEBUG - [data.py:157] - reusing cookie
2025-02-27 11:02:40,569 - DEBUG - [connectionpool.py:544] - https://query1.finance.yahoo.com:443 "GET /v1/test/getcrumb HTTP/1.1" 200 11
2025-02-27 11:02:40,570 - DEBUG - [data.py:212] - crumb = 'EM/KX/iDveF'
2025-02-27 11:02:40,570 - DEBUG - [utils.py:106] -       Exiting _get_cookie_and_crumb_basic()
2025-02-27 11:02:40,570 - DEBUG - [utils.py:106] -      Exiting _get_cookie_and_crumb()
2025-02-27 11:02:40,598 - DEBUG - [connectionpool.py:544] - https://query2.finance.yahoo.com:443 "GET /v8/finance/chart/%5EVFTW3?range=1d&interval=1d&includePrePost=False&events=div%2Csplits%2CcapitalGains&crumb=EM%2FKX%2FiDveF HTTP/1.1" 404 108
2025-02-27 11:02:40,599 - DEBUG - [data.py:405] - response code=404
2025-02-27 11:02:40,599 - DEBUG - [utils.py:106] -     Exiting _make_request()
2025-02-27 11:02:40,599 - DEBUG - [utils.py:106] -    Exiting get()
2025-02-27 11:02:40,600 - ERROR - [multi.py:181] - 
1 Failed download:
2025-02-27 11:02:40,600 - ERROR - [multi.py:194] - ['^VFTW3']: YFPricesMissingError('possibly delisted; no price data found  (period=1d) (Yahoo error = "No data found, symbol may be delisted")')
2025-02-27 11:02:40,601 - DEBUG - [multi.py:206] - ['^VFTW3']: Traceback (most recent call last):
  File "/opt/hostedtoolcache/Python/3.10.16/x64/lib/python3.10/site-packages/yfinance/multi.py", line 277, in _download_one
    data = Ticker(ticker).history(
  File "/opt/hostedtoolcache/Python/3.10.16/x64/lib/python3.10/site-packages/yfinance/utils.py", line 104, in wrapper
    result = func(*args, **kwargs)
  File "/opt/hostedtoolcache/Python/3.10.16/x64/lib/python3.10/site-packages/yfinance/base.py", line 80, in history
    return self._lazy_load_price_history().history(*args, **kwargs)
  File "/opt/hostedtoolcache/Python/3.10.16/x64/lib/python3.10/site-packages/yfinance/utils.py", line 104, in wrapper
    result = func(*args, **kwargs)
  File "/opt/hostedtoolcache/Python/3.10.16/x64/lib/python3.10/site-packages/yfinance/scrapers/history.py", line 245, in history
    raise _exception
yfinance.exceptions.YFPricesMissingError: possibly delisted; no price data found  (period=1d) (Yahoo error = "No data found, symbol may be delisted")

2025-02-27 11:02:40,604 - DEBUG - [utils.py:106] - Exiting download()
2025-02-27 11:02:40,604 - WARNING - [yahoo_vix_downloader.py:105] - No data found for ticker ^VFTW3
2025-02-27 11:02:40,604 - INFO - [yahoo_vix_downloader.py:73] - Trying ticker pattern group: ['^VXIND1', '^VXIND2', '^VXIND3']
2025-02-27 11:02:40,604 - DEBUG - [yahoo_vix_downloader.py:77] - Downloading ^VXIND1 from Yahoo Finance
2025-02-27 11:02:40,604 - DEBUG - [utils.py:101] - Entering download()
2025-02-27 11:02:40,604 - DEBUG - [multi.py:106] - Disabling multithreading because DEBUG logging enabled
2025-02-27 11:02:40,604 - DEBUG - [utils.py:101] -  Entering history()
2025-02-27 11:02:40,604 - DEBUG - [peewee.py:3319] - ('SELECT "t1"."key", "t1"."value" FROM "_kv" AS "t1" WHERE ("t1"."key" = ?) LIMIT ? OFFSET ?', ['^VXIND1', 1, 0])
2025-02-27 11:02:40,605 - DEBUG - [utils.py:101] -   Entering _fetch_ticker_tz()
2025-02-27 11:02:40,605 - DEBUG - [utils.py:101] -    Entering get()
2025-02-27 11:02:40,605 - DEBUG - [utils.py:101] -     Entering _make_request()
2025-02-27 11:02:40,605 - DEBUG - [data.py:360] - url=https://query2.finance.yahoo.com/v8/finance/chart/^VXIND1
2025-02-27 11:02:40,605 - DEBUG - [data.py:361] - params=frozendict.frozendict({'range': '1d', 'interval': '1d'})
2025-02-27 11:02:40,605 - DEBUG - [utils.py:101] -      Entering _get_cookie_and_crumb()
2025-02-27 11:02:40,605 - DEBUG - [data.py:326] - cookie_mode = 'basic'
2025-02-27 11:02:40,605 - DEBUG - [utils.py:101] -       Entering _get_cookie_and_crumb_basic()
2025-02-27 11:02:40,605 - DEBUG - [data.py:157] - reusing cookie
2025-02-27 11:02:40,605 - DEBUG - [data.py:186] - reusing crumb
2025-02-27 11:02:40,606 - DEBUG - [utils.py:106] -       Exiting _get_cookie_and_crumb_basic()
2025-02-27 11:02:40,606 - DEBUG - [utils.py:106] -      Exiting _get_cookie_and_crumb()
2025-02-27 11:02:40,635 - DEBUG - [connectionpool.py:544] - https://query2.finance.yahoo.com:443 "GET /v8/finance/chart/%5EVXIND1?range=1d&interval=1d&crumb=EM%2FKX%2FiDveF HTTP/1.1" 200 1097
2025-02-27 11:02:40,636 - DEBUG - [data.py:393] - response code=200
2025-02-27 11:02:40,636 - DEBUG - [utils.py:106] -     Exiting _make_request()
2025-02-27 11:02:40,636 - DEBUG - [utils.py:106] -    Exiting get()
2025-02-27 11:02:40,636 - DEBUG - [utils.py:106] -   Exiting _fetch_ticker_tz()
2025-02-27 11:02:40,636 - DEBUG - [peewee.py:3319] - ('BEGIN', None)
2025-02-27 11:02:40,636 - DEBUG - [peewee.py:3319] - ('INSERT INTO "_kv" ("key", "value") VALUES (?, ?)', ['^VXIND1', 'America/New_York'])
2025-02-27 11:02:40,637 - DEBUG - [utils.py:101] -   Entering history()
2025-02-27 11:02:40,637 - DEBUG - [history.py:161] - ^VXIND1: Yahoo GET parameters: {'range': '1d', 'interval': '1d', 'includePrePost': False, 'events': 'div,splits,capitalGains'}
2025-02-27 11:02:40,637 - DEBUG - [utils.py:101] -    Entering get()
2025-02-27 11:02:40,637 - DEBUG - [utils.py:101] -     Entering _make_request()
2025-02-27 11:02:40,638 - DEBUG - [data.py:360] - url=https://query2.finance.yahoo.com/v8/finance/chart/^VXIND1
2025-02-27 11:02:40,638 - DEBUG - [data.py:361] - params={'range': '1d', 'interval': '1d', 'includePrePost': False, 'events': 'div,splits,capitalGains'}
2025-02-27 11:02:40,638 - DEBUG - [utils.py:101] -      Entering _get_cookie_and_crumb()
2025-02-27 11:02:40,638 - DEBUG - [data.py:326] - cookie_mode = 'basic'
2025-02-27 11:02:40,638 - DEBUG - [utils.py:101] -       Entering _get_cookie_and_crumb_basic()
2025-02-27 11:02:40,638 - DEBUG - [data.py:157] - reusing cookie
2025-02-27 11:02:40,638 - DEBUG - [data.py:186] - reusing crumb
2025-02-27 11:02:40,638 - DEBUG - [utils.py:106] -       Exiting _get_cookie_and_crumb_basic()
2025-02-27 11:02:40,638 - DEBUG - [utils.py:106] -      Exiting _get_cookie_and_crumb()
2025-02-27 11:02:40,666 - DEBUG - [connectionpool.py:544] - https://query2.finance.yahoo.com:443 "GET /v8/finance/chart/%5EVXIND1?range=1d&interval=1d&includePrePost=False&events=div%2Csplits%2CcapitalGains&crumb=EM%2FKX%2FiDveF HTTP/1.1" 200 1097
2025-02-27 11:02:40,667 - DEBUG - [data.py:393] - response code=200
2025-02-27 11:02:40,667 - DEBUG - [utils.py:106] -     Exiting _make_request()
2025-02-27 11:02:40,667 - DEBUG - [utils.py:106] -    Exiting get()
2025-02-27 11:02:40,668 - DEBUG - [history.py:272] - ^VXIND1: yfinance received OHLC data: 2025-02-26 21:00:00 only
2025-02-27 11:02:40,669 - DEBUG - [history.py:315] - ^VXIND1: OHLC after cleaning: 2025-02-26 16:00:00-05:00 only
2025-02-27 11:02:40,671 - DEBUG - [history.py:384] - ^VXIND1: OHLC after combining events: 2025-02-26 00:00:00-05:00 only
2025-02-27 11:02:40,676 - DEBUG - [history.py:462] - ^VXIND1: yfinance returning OHLC: 2025-02-26 00:00:00-05:00 only
2025-02-27 11:02:40,676 - DEBUG - [utils.py:106] -   Exiting history()
2025-02-27 11:02:40,676 - DEBUG - [utils.py:106] -  Exiting history()
2025-02-27 11:02:40,678 - DEBUG - [utils.py:106] - Exiting download()
2025-02-27 11:02:40,679 - INFO - [yahoo_vix_downloader.py:99] - Yahoo: ^VXIND1 → YAHOO:VXH5 = 18.133699417114258
2025-02-27 11:02:40,680 - DEBUG - [yahoo_vix_downloader.py:77] - Downloading ^VXIND2 from Yahoo Finance
2025-02-27 11:02:40,680 - DEBUG - [utils.py:101] - Entering download()
2025-02-27 11:02:40,680 - DEBUG - [multi.py:106] - Disabling multithreading because DEBUG logging enabled
2025-02-27 11:02:40,680 - DEBUG - [utils.py:101] -  Entering history()
2025-02-27 11:02:40,680 - DEBUG - [peewee.py:3319] - ('SELECT "t1"."key", "t1"."value" FROM "_kv" AS "t1" WHERE ("t1"."key" = ?) LIMIT ? OFFSET ?', ['^VXIND2', 1, 0])
2025-02-27 11:02:40,681 - DEBUG - [utils.py:101] -   Entering _fetch_ticker_tz()
2025-02-27 11:02:40,681 - DEBUG - [utils.py:101] -    Entering get()
2025-02-27 11:02:40,681 - DEBUG - [utils.py:101] -     Entering _make_request()
2025-02-27 11:02:40,681 - DEBUG - [data.py:360] - url=https://query2.finance.yahoo.com/v8/finance/chart/^VXIND2
2025-02-27 11:02:40,681 - DEBUG - [data.py:361] - params=frozendict.frozendict({'range': '1d', 'interval': '1d'})
2025-02-27 11:02:40,681 - DEBUG - [utils.py:101] -      Entering _get_cookie_and_crumb()
2025-02-27 11:02:40,681 - DEBUG - [data.py:326] - cookie_mode = 'basic'
2025-02-27 11:02:40,681 - DEBUG - [utils.py:101] -       Entering _get_cookie_and_crumb_basic()
2025-02-27 11:02:40,681 - DEBUG - [data.py:157] - reusing cookie
2025-02-27 11:02:40,681 - DEBUG - [data.py:186] - reusing crumb
2025-02-27 11:02:40,682 - DEBUG - [utils.py:106] -       Exiting _get_cookie_and_crumb_basic()
2025-02-27 11:02:40,682 - DEBUG - [utils.py:106] -      Exiting _get_cookie_and_crumb()
2025-02-27 11:02:40,711 - DEBUG - [connectionpool.py:544] - https://query2.finance.yahoo.com:443 "GET /v8/finance/chart/%5EVXIND2?range=1d&interval=1d&crumb=EM%2FKX%2FiDveF HTTP/1.1" 200 1093
2025-02-27 11:02:40,712 - DEBUG - [data.py:393] - response code=200
2025-02-27 11:02:40,712 - DEBUG - [utils.py:106] -     Exiting _make_request()
2025-02-27 11:02:40,712 - DEBUG - [utils.py:106] -    Exiting get()
2025-02-27 11:02:40,712 - DEBUG - [utils.py:106] -   Exiting _fetch_ticker_tz()
2025-02-27 11:02:40,712 - DEBUG - [peewee.py:3319] - ('BEGIN', None)
2025-02-27 11:02:40,713 - DEBUG - [peewee.py:3319] - ('INSERT INTO "_kv" ("key", "value") VALUES (?, ?)', ['^VXIND2', 'America/New_York'])
2025-02-27 11:02:40,714 - DEBUG - [utils.py:101] -   Entering history()
2025-02-27 11:02:40,714 - DEBUG - [history.py:161] - ^VXIND2: Yahoo GET parameters: {'range': '1d', 'interval': '1d', 'includePrePost': False, 'events': 'div,splits,capitalGains'}
2025-02-27 11:02:40,714 - DEBUG - [utils.py:101] -    Entering get()
2025-02-27 11:02:40,714 - DEBUG - [utils.py:101] -     Entering _make_request()
2025-02-27 11:02:40,714 - DEBUG - [data.py:360] - url=https://query2.finance.yahoo.com/v8/finance/chart/^VXIND2
2025-02-27 11:02:40,714 - DEBUG - [data.py:361] - params={'range': '1d', 'interval': '1d', 'includePrePost': False, 'events': 'div,splits,capitalGains'}
2025-02-27 11:02:40,714 - DEBUG - [utils.py:101] -      Entering _get_cookie_and_crumb()
2025-02-27 11:02:40,714 - DEBUG - [data.py:326] - cookie_mode = 'basic'
2025-02-27 11:02:40,714 - DEBUG - [utils.py:101] -       Entering _get_cookie_and_crumb_basic()
2025-02-27 11:02:40,714 - DEBUG - [data.py:157] - reusing cookie
2025-02-27 11:02:40,714 - DEBUG - [data.py:186] - reusing crumb
2025-02-27 11:02:40,715 - DEBUG - [utils.py:106] -       Exiting _get_cookie_and_crumb_basic()
2025-02-27 11:02:40,715 - DEBUG - [utils.py:106] -      Exiting _get_cookie_and_crumb()
2025-02-27 11:02:40,743 - DEBUG - [connectionpool.py:544] - https://query2.finance.yahoo.com:443 "GET /v8/finance/chart/%5EVXIND2?range=1d&interval=1d&includePrePost=False&events=div%2Csplits%2CcapitalGains&crumb=EM%2FKX%2FiDveF HTTP/1.1" 200 1093
2025-02-27 11:02:40,743 - DEBUG - [data.py:393] - response code=200
2025-02-27 11:02:40,743 - DEBUG - [utils.py:106] -     Exiting _make_request()
2025-02-27 11:02:40,743 - DEBUG - [utils.py:106] -    Exiting get()
2025-02-27 11:02:40,744 - DEBUG - [history.py:272] - ^VXIND2: yfinance received OHLC data: 2025-02-26 21:00:00 only
2025-02-27 11:02:40,745 - DEBUG - [history.py:315] - ^VXIND2: OHLC after cleaning: 2025-02-26 16:00:00-05:00 only
2025-02-27 11:02:40,748 - DEBUG - [history.py:384] - ^VXIND2: OHLC after combining events: 2025-02-26 00:00:00-05:00 only
2025-02-27 11:02:40,752 - DEBUG - [history.py:462] - ^VXIND2: yfinance returning OHLC: 2025-02-26 00:00:00-05:00 only
2025-02-27 11:02:40,752 - DEBUG - [utils.py:106] -   Exiting history()
2025-02-27 11:02:40,752 - DEBUG - [utils.py:106] -  Exiting history()
2025-02-27 11:02:40,754 - DEBUG - [utils.py:106] - Exiting download()
2025-02-27 11:02:40,756 - INFO - [yahoo_vix_downloader.py:99] - Yahoo: ^VXIND2 → YAHOO:VXJ5 = 18.6033992767334
2025-02-27 11:02:40,756 - DEBUG - [yahoo_vix_downloader.py:77] - Downloading ^VXIND3 from Yahoo Finance
2025-02-27 11:02:40,756 - DEBUG - [utils.py:101] - Entering download()
2025-02-27 11:02:40,756 - DEBUG - [multi.py:106] - Disabling multithreading because DEBUG logging enabled
2025-02-27 11:02:40,756 - DEBUG - [utils.py:101] -  Entering history()
2025-02-27 11:02:40,756 - DEBUG - [peewee.py:3319] - ('SELECT "t1"."key", "t1"."value" FROM "_kv" AS "t1" WHERE ("t1"."key" = ?) LIMIT ? OFFSET ?', ['^VXIND3', 1, 0])
2025-02-27 11:02:40,757 - DEBUG - [utils.py:101] -   Entering _fetch_ticker_tz()
2025-02-27 11:02:40,757 - DEBUG - [utils.py:101] -    Entering get()
2025-02-27 11:02:40,757 - DEBUG - [utils.py:101] -     Entering _make_request()
2025-02-27 11:02:40,757 - DEBUG - [data.py:360] - url=https://query2.finance.yahoo.com/v8/finance/chart/^VXIND3
2025-02-27 11:02:40,757 - DEBUG - [data.py:361] - params=frozendict.frozendict({'range': '1d', 'interval': '1d'})
2025-02-27 11:02:40,757 - DEBUG - [utils.py:101] -      Entering _get_cookie_and_crumb()
2025-02-27 11:02:40,757 - DEBUG - [data.py:326] - cookie_mode = 'basic'
2025-02-27 11:02:40,757 - DEBUG - [utils.py:101] -       Entering _get_cookie_and_crumb_basic()
2025-02-27 11:02:40,758 - DEBUG - [data.py:157] - reusing cookie
2025-02-27 11:02:40,758 - DEBUG - [data.py:186] - reusing crumb
2025-02-27 11:02:40,758 - DEBUG - [utils.py:106] -       Exiting _get_cookie_and_crumb_basic()
2025-02-27 11:02:40,758 - DEBUG - [utils.py:106] -      Exiting _get_cookie_and_crumb()
2025-02-27 11:02:40,787 - DEBUG - [connectionpool.py:544] - https://query2.finance.yahoo.com:443 "GET /v8/finance/chart/%5EVXIND3?range=1d&interval=1d&crumb=EM%2FKX%2FiDveF HTTP/1.1" 200 1097
2025-02-27 11:02:40,787 - DEBUG - [data.py:393] - response code=200
2025-02-27 11:02:40,788 - DEBUG - [utils.py:106] -     Exiting _make_request()
2025-02-27 11:02:40,788 - DEBUG - [utils.py:106] -    Exiting get()
2025-02-27 11:02:40,788 - DEBUG - [utils.py:106] -   Exiting _fetch_ticker_tz()
2025-02-27 11:02:40,788 - DEBUG - [peewee.py:3319] - ('BEGIN', None)
2025-02-27 11:02:40,788 - DEBUG - [peewee.py:3319] - ('INSERT INTO "_kv" ("key", "value") VALUES (?, ?)', ['^VXIND3', 'America/New_York'])
2025-02-27 11:02:40,789 - DEBUG - [utils.py:101] -   Entering history()
2025-02-27 11:02:40,789 - DEBUG - [history.py:161] - ^VXIND3: Yahoo GET parameters: {'range': '1d', 'interval': '1d', 'includePrePost': False, 'events': 'div,splits,capitalGains'}
2025-02-27 11:02:40,790 - DEBUG - [utils.py:101] -    Entering get()
2025-02-27 11:02:40,790 - DEBUG - [utils.py:101] -     Entering _make_request()
2025-02-27 11:02:40,790 - DEBUG - [data.py:360] - url=https://query2.finance.yahoo.com/v8/finance/chart/^VXIND3
2025-02-27 11:02:40,790 - DEBUG - [data.py:361] - params={'range': '1d', 'interval': '1d', 'includePrePost': False, 'events': 'div,splits,capitalGains'}
2025-02-27 11:02:40,790 - DEBUG - [utils.py:101] -      Entering _get_cookie_and_crumb()
2025-02-27 11:02:40,790 - DEBUG - [data.py:326] - cookie_mode = 'basic'
2025-02-27 11:02:40,790 - DEBUG - [utils.py:101] -       Entering _get_cookie_and_crumb_basic()
2025-02-27 11:02:40,790 - DEBUG - [data.py:157] - reusing cookie
2025-02-27 11:02:40,790 - DEBUG - [data.py:186] - reusing crumb
2025-02-27 11:02:40,790 - DEBUG - [utils.py:106] -       Exiting _get_cookie_and_crumb_basic()
2025-02-27 11:02:40,790 - DEBUG - [utils.py:106] -      Exiting _get_cookie_and_crumb()
2025-02-27 11:02:40,818 - DEBUG - [connectionpool.py:544] - https://query2.finance.yahoo.com:443 "GET /v8/finance/chart/%5EVXIND3?range=1d&interval=1d&includePrePost=False&events=div%2Csplits%2CcapitalGains&crumb=EM%2FKX%2FiDveF HTTP/1.1" 200 1097
2025-02-27 11:02:40,819 - DEBUG - [data.py:393] - response code=200
2025-02-27 11:02:40,819 - DEBUG - [utils.py:106] -     Exiting _make_request()
2025-02-27 11:02:40,819 - DEBUG - [utils.py:106] -    Exiting get()
2025-02-27 11:02:40,820 - DEBUG - [history.py:272] - ^VXIND3: yfinance received OHLC data: 2025-02-26 21:00:00 only
2025-02-27 11:02:40,821 - DEBUG - [history.py:315] - ^VXIND3: OHLC after cleaning: 2025-02-26 16:00:00-05:00 only
2025-02-27 11:02:40,823 - DEBUG - [history.py:384] - ^VXIND3: OHLC after combining events: 2025-02-26 00:00:00-05:00 only
2025-02-27 11:02:40,827 - DEBUG - [history.py:462] - ^VXIND3: yfinance returning OHLC: 2025-02-26 00:00:00-05:00 only
2025-02-27 11:02:40,828 - DEBUG - [utils.py:106] -   Exiting history()
2025-02-27 11:02:40,828 - DEBUG - [utils.py:106] -  Exiting history()
2025-02-27 11:02:40,830 - DEBUG - [utils.py:106] - Exiting download()
2025-02-27 11:02:40,831 - INFO - [yahoo_vix_downloader.py:99] - Yahoo: ^VXIND3 → YAHOO:VXK5 = 18.852500915527344
2025-02-27 11:02:40,831 - INFO - [yahoo_vix_downloader.py:141] - Successfully retrieved VIX futures data from Yahoo Finance (processing took 1.70s)
2025-02-27 11:02:40,833 - INFO - [yahoo_vix_downloader.py:204] - Saved Yahoo futures data to data/vix_futures_yahoo_202502271102.csv
